voice: stopped
voice: started
2025-07-29 00:00:02 Voice Service not healthy. Restarting...
voice: stopped
voice: started
2025-07-29 00:05:02 Voice Service not healthy. Restarting...
voice: stopped
voice: started
2025-07-29 00:10:06 Voice Service not healthy. Restarting...
voice: stopped
voice: started
2025-07-29 00:15:02 Voice Service not healthy. Restarting...
voice: stopped
voice: started
2025-07-29 00:20:02 Voice Service not healthy. Restarting...
voice: stopped
voice: started
2025-07-29 00:25:01 Voice Service not healthy. Restarting...
voice: stopped
voice: started
2025-07-29 00:30:02 Voice Service not healthy. Restarting...
voice: stopped
voice: started
2025-07-29 00:35:02 Voice Service not healthy. Restarting...
voice: stopped
voice: started
2025-07-29 00:40:02 Voice Service not healthy. Restarting...
voice: stopped
voice: started
2025-07-29 00:45:02 Voice Service not healthy. Restarting...
voice: stopped
voice: started
2025-07-29 00:50:02 Voice Service not healthy. Restarting...
voice: stopped
voice: started
2025-07-29 00:55:02 Voice Service not healthy. Restarting...
voice: stopped
voice: started
2025-07-29 01:00:01 Voice Service not healthy. Restarting...
voice: stopped
voice: started
2025-07-29 01:05:02 Voice Service not healthy. Restarting...
voice: stopped
voice: started
2025-07-29 01:10:02 Voice Service not healthy. Restarting...
voice: stopped
voice: started
2025-07-29 01:15:01 Voice Service not healthy. Restarting...
voice: stopped
voice: started
2025-07-29 01:20:02 Voice Service not healthy. Restarting...
voice: stopped
voice: started
2025-07-29 01:25:02 Voice Service not healthy. Restarting...
voice: stopped
voice: started
2025-07-29 01:30:02 Voice Service not healthy. Restarting...
voice: stopped
voice: started
2025-07-29 01:35:02 Voice Service not healthy. Restarting...
voice: stopped
voice: started
2025-07-29 01:40:01 Voice Service not healthy. Restarting...
voice: stopped
voice: started
2025-07-29 01:45:02 Voice Service not healthy. Restarting...
voice: stopped
voice: started
2025-07-29 01:50:02 Voice Service not healthy. Restarting...
voice: stopped
voice: started
2025-07-29 01:55:02 Voice Service not healthy. Restarting...
voice: stopped
voice: started
2025-07-29 02:00:01 Voice Service not healthy. Restarting...
voice: stopped
voice: started
2025-07-29 02:05:01 Voice Service not healthy. Restarting...
voice: stopped
voice: started
2025-07-29 02:10:02 Voice Service not healthy. Restarting...
voice: stopped
voice: started
2025-07-29 02:15:02 Voice Service not healthy. Restarting...
voice: stopped
voice: started
2025-07-29 02:20:02 Voice Service not healthy. Restarting...
voice: stopped
voice: started
2025-07-29 02:25:01 Voice Service not healthy. Restarting...
voice: stopped
voice: started
2025-07-29 02:30:02 Voice Service not healthy. Restarting...
voice: stopped
voice: started
2025-07-29 02:35:02 Voice Service not healthy. Restarting...
voice: stopped
voice: started
2025-07-29 02:40:02 Voice Service not healthy. Restarting...
voice: stopped
voice: started
2025-07-29 02:45:02 Voice Service not healthy. Restarting...
voice: stopped
voice: started
2025-07-29 02:50:01 Voice Service not healthy. Restarting...
voice: stopped
voice: started
2025-07-29 02:55:01 Voice Service not healthy. Restarting...
voice: stopped
voice: started
2025-07-29 03:00:02 Voice Service not healthy. Restarting...
voice: stopped
voice: started
2025-07-29 03:05:02 Voice Service not healthy. Restarting...
voice: stopped
voice: started
2025-07-29 03:10:01 Voice Service not healthy. Restarting...
voice: stopped
voice: started
2025-07-29 03:15:02 Voice Service not healthy. Restarting...
voice: stopped
voice: started
2025-07-29 03:20:02 Voice Service not healthy. Restarting...
voice: stopped
voice: started
2025-07-29 03:25:02 Voice Service not healthy. Restarting...
voice: stopped
voice: started
2025-07-29 03:30:02 Voice Service not healthy. Restarting...
voice: stopped
voice: started
2025-07-29 03:35:02 Voice Service not healthy. Restarting...
voice: stopped
voice: started
2025-07-29 03:40:02 Voice Service not healthy. Restarting...
voice: stopped
voice: started
2025-07-29 03:45:01 Voice Service not healthy. Restarting...
voice: stopped
voice: started
2025-07-29 03:50:01 Voice Service not healthy. Restarting...
voice: stopped
voice: started
2025-07-29 03:55:01 Voice Service not healthy. Restarting...
voice: stopped
voice: started
2025-07-29 04:00:02 Voice Service not healthy. Restarting...
voice: stopped
voice: started
2025-07-29 04:05:02 Voice Service not healthy. Restarting...
voice: stopped
voice: started
2025-07-29 04:10:01 Voice Service not healthy. Restarting...
voice: stopped
voice: started
2025-07-29 04:15:01 Voice Service not healthy. Restarting...
voice: stopped
voice: started
2025-07-29 04:20:01 Voice Service not healthy. Restarting...
voice: stopped
voice: started
2025-07-29 04:25:02 Voice Service not healthy. Restarting...
voice: stopped
voice: started
2025-07-29 04:30:02 Voice Service not healthy. Restarting...
voice: stopped
voice: started
2025-07-29 04:35:02 Voice Service not healthy. Restarting...
voice: stopped
voice: started
2025-07-29 04:40:01 Voice Service not healthy. Restarting...
voice: stopped
voice: started
2025-07-29 04:45:01 Voice Service not healthy. Restarting...
voice: stopped
voice: started
2025-07-29 04:50:01 Voice Service not healthy. Restarting...
voice: stopped
voice: started
2025-07-29 04:55:02 Voice Service not healthy. Restarting...
voice: stopped
voice: started
2025-07-29 05:00:02 Voice Service not healthy. Restarting...
voice: stopped
voice: started
2025-07-29 05:05:01 Voice Service not healthy. Restarting...
voice: stopped
voice: started
2025-07-29 05:10:02 Voice Service not healthy. Restarting...
voice: stopped
voice: started
2025-07-29 05:15:02 Voice Service not healthy. Restarting...
voice: stopped
voice: started
2025-07-29 05:20:02 Voice Service not healthy. Restarting...
voice: stopped
voice: started
2025-07-29 05:25:02 Voice Service not healthy. Restarting...
voice: stopped
voice: started
2025-07-29 05:30:01 Voice Service not healthy. Restarting...
voice: stopped
voice: started
2025-07-29 05:35:02 Voice Service not healthy. Restarting...
voice: stopped
voice: started
2025-07-29 05:40:02 Voice Service not healthy. Restarting...
voice: stopped
voice: started
2025-07-29 05:45:01 Voice Service not healthy. Restarting...
voice: stopped
voice: started
2025-07-29 05:50:02 Voice Service not healthy. Restarting...
voice: stopped
voice: started
2025-07-29 05:55:02 Voice Service not healthy. Restarting...
voice: stopped
voice: started
2025-07-29 06:00:02 Voice Service not healthy. Restarting...
voice: stopped
voice: started
2025-07-29 06:05:01 Voice Service not healthy. Restarting...
voice: stopped
voice: started
2025-07-29 06:10:01 Voice Service not healthy. Restarting...
voice: stopped
voice: started
2025-07-29 06:15:02 Voice Service not healthy. Restarting...
voice: stopped
voice: started
2025-07-29 06:20:02 Voice Service not healthy. Restarting...
voice: stopped
voice: started
2025-07-29 06:25:02 Voice Service not healthy. Restarting...
voice: stopped
voice: started
2025-07-29 06:30:02 Voice Service not healthy. Restarting...
voice: stopped
voice: started
2025-07-29 06:35:01 Voice Service not healthy. Restarting...
voice: stopped
voice: started
2025-07-29 06:40:02 Voice Service not healthy. Restarting...
voice: stopped
voice: started
2025-07-29 06:45:02 Voice Service not healthy. Restarting...
voice: stopped
voice: started
2025-07-29 06:50:02 Voice Service not healthy. Restarting...
voice: stopped
voice: started
2025-07-29 06:55:02 Voice Service not healthy. Restarting...
voice: stopped
voice: started
2025-07-29 07:00:01 Voice Service not healthy. Restarting...
voice: stopped
voice: started
2025-07-29 07:05:02 Voice Service not healthy. Restarting...
voice: stopped
voice: started
2025-07-29 07:10:02 Voice Service not healthy. Restarting...
voice: stopped
voice: started
2025-07-29 07:15:02 Voice Service not healthy. Restarting...
voice: stopped
voice: started
2025-07-29 07:20:01 Voice Service not healthy. Restarting...
voice: stopped
voice: started
2025-07-29 07:25:01 Voice Service not healthy. Restarting...
voice: stopped
voice: started
2025-07-29 07:30:02 Voice Service not healthy. Restarting...
voice: stopped
voice: started
2025-07-29 07:35:02 Voice Service not healthy. Restarting...
voice: stopped
voice: started
2025-07-29 07:40:02 Voice Service not healthy. Restarting...
voice: stopped
voice: started
2025-07-29 07:45:02 Voice Service not healthy. Restarting...
voice: stopped
2025-07-29 07:50:01 Voice Service not healthy. Restarting...
Traceback (most recent call last):
  File "/home/voice-recognition/check_service.py", line 62, in <module>
    main()
  File "/home/voice-recognition/check_service.py", line 53, in main
    kill_matching_processes(target_cmd)
  File "/home/voice-recognition/check_service.py", line 37, in kill_matching_processes
    cmdline = ' '.join(proc.info['cmdline'])
TypeError: can only join an iterable
voice: ERROR (not running)
voice: started
2025-07-29 07:55:02 Voice Service not healthy. Restarting...
voice: stopped
voice: started
2025-07-29 08:00:02 Voice Service not healthy. Restarting...
voice: stopped
voice: started
2025-07-29 08:05:02 Voice Service not healthy. Restarting...
voice: stopped
voice: started
2025-07-29 08:10:01 Voice Service not healthy. Restarting...
voice: stopped
voice: started
2025-07-29 08:15:02 Voice Service not healthy. Restarting...
voice: stopped
voice: started
2025-07-29 08:20:02 Voice Service not healthy. Restarting...
voice: stopped
voice: started
2025-07-29 08:25:02 Voice Service not healthy. Restarting...
voice: stopped
voice: started
2025-07-29 08:30:01 Voice Service not healthy. Restarting...
voice: stopped
voice: started
2025-07-29 08:35:02 Voice Service not healthy. Restarting...
voice: stopped
voice: started
2025-07-29 08:40:02 Voice Service not healthy. Restarting...
voice: stopped
voice: started
2025-07-29 08:45:02 Voice Service not healthy. Restarting...
voice: stopped
voice: started
2025-07-29 08:50:01 Voice Service not healthy. Restarting...
voice: stopped
voice: started
2025-07-29 08:55:01 Voice Service not healthy. Restarting...
voice: stopped
voice: started
2025-07-29 09:00:01 Voice Service not healthy. Restarting...
voice: stopped
voice: started
2025-07-29 09:05:02 Voice Service not healthy. Restarting...
voice: stopped
voice: started
2025-07-29 09:10:02 Voice Service not healthy. Restarting...
voice: stopped
voice: started
2025-07-29 09:15:01 Voice Service not healthy. Restarting...
voice: stopped
voice: started
2025-07-29 09:20:01 Voice Service not healthy. Restarting...
voice: stopped
voice: started
2025-07-29 09:25:02 Voice Service not healthy. Restarting...
voice: stopped
voice: started
2025-07-29 09:30:02 Voice Service not healthy. Restarting...
voice: stopped
voice: started
2025-07-29 09:35:01 Voice Service not healthy. Restarting...
voice: stopped
voice: started
2025-07-29 09:40:02 Voice Service not healthy. Restarting...
voice: stopped
voice: started
2025-07-29 09:45:02 Voice Service not healthy. Restarting...
voice: stopped
voice: started
2025-07-29 09:50:02 Voice Service not healthy. Restarting...
voice: stopped
voice: started
2025-07-29 09:55:01 Voice Service not healthy. Restarting...
voice: stopped
voice: started
2025-07-29 10:00:02 Voice Service not healthy. Restarting...
voice: stopped
voice: started
2025-07-29 10:05:02 Voice Service not healthy. Restarting...
voice: stopped
voice: started
2025-07-29 10:10:02 Voice Service not healthy. Restarting...
voice: stopped
voice: started
2025-07-29 10:15:02 Voice Service not healthy. Restarting...
voice: stopped
voice: started
2025-07-29 10:20:02 Voice Service not healthy. Restarting...
voice: stopped
voice: started
2025-07-29 10:25:02 Voice Service not healthy. Restarting...
voice: stopped
voice: started
2025-07-29 10:30:01 Voice Service not healthy. Restarting...
voice: stopped
voice: started
2025-07-29 10:35:02 Voice Service not healthy. Restarting...
voice: stopped
voice: started
2025-07-29 10:40:02 Voice Service not healthy. Restarting...
voice: stopped
voice: started
2025-07-29 10:45:02 Voice Service not healthy. Restarting...
voice: stopped
voice: started
2025-07-29 10:50:02 Voice Service not healthy. Restarting...
voice: stopped
voice: started
2025-07-29 10:55:02 Voice Service not healthy. Restarting...
voice: stopped
voice: started
2025-07-29 11:00:02 Voice Service not healthy. Restarting...
voice: stopped
voice: started
2025-07-29 11:05:01 Voice Service not healthy. Restarting...
voice: stopped
voice: started
2025-07-29 11:10:02 Voice Service not healthy. Restarting...
voice: stopped
voice: started
2025-07-29 11:15:02 Voice Service not healthy. Restarting...
voice: stopped
voice: started
2025-07-29 11:20:01 Voice Service not healthy. Restarting...
voice: stopped
voice: started
2025-07-29 11:25:02 Voice Service not healthy. Restarting...
voice: stopped
voice: started
2025-07-29 11:30:02 Voice Service not healthy. Restarting...
voice: stopped
voice: started
2025-07-29 11:35:02 Voice Service not healthy. Restarting...
voice: stopped
voice: started
2025-07-29 11:40:01 Voice Service not healthy. Restarting...
voice: stopped
voice: started
2025-07-29 11:45:01 Voice Service not healthy. Restarting...
voice: stopped
voice: started
2025-07-29 11:50:02 Voice Service not healthy. Restarting...
voice: stopped
voice: started
2025-07-29 11:55:02 Voice Service not healthy. Restarting...
voice: stopped
voice: started
2025-07-29 12:00:02 Voice Service not healthy. Restarting...
voice: stopped
voice: started
2025-07-29 12:05:01 Voice Service not healthy. Restarting...
voice: stopped
voice: started
2025-07-29 12:10:02 Voice Service not healthy. Restarting...
voice: stopped
voice: started
2025-07-29 12:15:02 Voice Service not healthy. Restarting...
voice: stopped
voice: started
2025-07-29 12:20:02 Voice Service not healthy. Restarting...
voice: stopped
voice: started
2025-07-29 12:25:02 Voice Service not healthy. Restarting...
voice: stopped
voice: started
2025-07-29 12:30:02 Voice Service not healthy. Restarting...
voice: stopped
voice: started
2025-07-29 12:35:02 Voice Service not healthy. Restarting...
voice: stopped
voice: started
2025-07-29 12:40:02 Voice Service not healthy. Restarting...
voice: stopped
voice: started
2025-07-29 12:45:01 Voice Service not healthy. Restarting...
voice: stopped
voice: started
2025-07-29 12:50:02 Voice Service not healthy. Restarting...
voice: stopped
voice: started
2025-07-29 12:55:02 Voice Service not healthy. Restarting...
voice: stopped
voice: started
2025-07-29 13:00:01 Voice Service not healthy. Restarting...
voice: stopped
voice: started
2025-07-29 13:05:02 Voice Service not healthy. Restarting...
voice: stopped
voice: started
2025-07-29 13:10:02 Voice Service not healthy. Restarting...
voice: stopped
voice: started
2025-07-29 13:15:01 Voice Service not healthy. Restarting...
voice: stopped
voice: started
2025-07-29 13:20:01 Voice Service not healthy. Restarting...
voice: stopped
voice: started
2025-07-29 13:25:02 Voice Service not healthy. Restarting...
voice: stopped
voice: started
2025-07-29 13:30:02 Voice Service not healthy. Restarting...
voice: stopped
voice: started
2025-07-29 13:35:01 Voice Service not healthy. Restarting...
voice: stopped
voice: started
2025-07-29 13:40:02 Voice Service not healthy. Restarting...
voice: stopped
voice: started
2025-07-29 13:45:02 Voice Service not healthy. Restarting...
voice: stopped
voice: started
2025-07-29 13:50:02 Voice Service not healthy. Restarting...
voice: stopped
voice: started
2025-07-29 13:55:02 Voice Service not healthy. Restarting...
voice: stopped
voice: started
2025-07-29 14:00:01 Voice Service not healthy. Restarting...
voice: stopped
voice: started
2025-07-29 14:05:02 Voice Service not healthy. Restarting...
voice: stopped
voice: started
2025-07-29 14:10:02 Voice Service not healthy. Restarting...
voice: stopped
voice: started
2025-07-29 14:15:01 Voice Service not healthy. Restarting...
voice: stopped
voice: started
2025-07-29 14:20:02 Voice Service not healthy. Restarting...
voice: stopped
voice: started
2025-07-29 14:25:02 Voice Service not healthy. Restarting...
voice: stopped
voice: started
2025-07-29 14:30:02 Voice Service not healthy. Restarting...
voice: stopped
voice: started
2025-07-29 14:35:06 Voice Service not healthy. Restarting...
voice: stopped
voice: started
2025-07-29 14:40:02 Voice Service not healthy. Restarting...
voice: stopped
voice: started
2025-07-29 14:45:02 Voice Service not healthy. Restarting...
voice: stopped
voice: started
2025-07-29 14:50:02 Voice Service not healthy. Restarting...
voice: stopped
voice: started
2025-07-29 14:55:02 Voice Service not healthy. Restarting...
voice: stopped
voice: started
2025-07-29 15:00:01 Voice Service not healthy. Restarting...
voice: stopped
voice: started
2025-07-29 15:05:02 Voice Service not healthy. Restarting...
voice: stopped
voice: started
2025-07-29 15:10:02 Voice Service not healthy. Restarting...
voice: stopped
voice: started
2025-07-29 15:15:02 Voice Service not healthy. Restarting...
voice: stopped
voice: started
2025-07-29 15:20:01 Voice Service not healthy. Restarting...
voice: stopped
voice: started
2025-07-29 15:25:01 Voice Service not healthy. Restarting...
voice: stopped
voice: started
2025-07-29 15:30:02 Voice Service not healthy. Restarting...
voice: stopped
voice: started
2025-07-29 15:35:02 Voice Service not healthy. Restarting...
voice: stopped
voice: started
2025-07-29 15:40:01 Voice Service not healthy. Restarting...
voice: stopped
voice: started
2025-07-29 15:45:01 Voice Service not healthy. Restarting...
voice: stopped
voice: started
2025-07-29 15:50:02 Voice Service not healthy. Restarting...
voice: stopped
voice: started
2025-07-29 15:55:02 Voice Service not healthy. Restarting...
voice: stopped
voice: started
2025-07-29 16:00:01 Voice Service not healthy. Restarting...
voice: stopped
voice: started
2025-07-29 16:05:02 Voice Service not healthy. Restarting...
voice: stopped
voice: started
2025-07-29 16:10:02 Voice Service not healthy. Restarting...
voice: stopped
voice: started
2025-07-29 16:15:01 Voice Service not healthy. Restarting...
voice: stopped
voice: started
2025-07-29 16:20:01 Voice Service not healthy. Restarting...
voice: stopped
voice: started
2025-07-29 16:25:02 Voice Service not healthy. Restarting...
voice: stopped
2025-07-29 16:30:02 Voice Service not healthy. Restarting...
Traceback (most recent call last):
  File "/home/voice-recognition/check_service.py", line 62, in <module>
    main()
  File "/home/voice-recognition/check_service.py", line 53, in main
    kill_matching_processes(target_cmd)
  File "/home/voice-recognition/check_service.py", line 37, in kill_matching_processes
    cmdline = ' '.join(proc.info['cmdline'])
TypeError: can only join an iterable
voice: ERROR (not running)
voice: started
2025-07-29 16:35:01 Voice Service not healthy. Restarting...
voice: stopped
voice: started
2025-07-29 16:40:01 Voice Service not healthy. Restarting...
voice: stopped
voice: started
2025-07-29 16:45:02 Voice Service not healthy. Restarting...
voice: stopped
voice: started
2025-07-29 16:50:02 Voice Service not healthy. Restarting...
voice: stopped
voice: started
2025-07-29 16:55:02 Voice Service not healthy. Restarting...
voice: stopped
voice: started
2025-07-29 17:00:01 Voice Service not healthy. Restarting...
voice: stopped
voice: started
2025-07-29 17:05:02 Voice Service not healthy. Restarting...
voice: stopped
voice: started
2025-07-29 17:10:02 Voice Service not healthy. Restarting...
voice: stopped
voice: started
2025-07-29 17:15:01 Voice Service not healthy. Restarting...
voice: stopped
voice: started
2025-07-29 17:20:02 Voice Service not healthy. Restarting...
voice: stopped
2025-07-29 17:25:01 Voice Service not healthy. Restarting...
Traceback (most recent call last):
  File "/home/voice-recognition/check_service.py", line 62, in <module>
    main()
  File "/home/voice-recognition/check_service.py", line 53, in main
    kill_matching_processes(target_cmd)
  File "/home/voice-recognition/check_service.py", line 37, in kill_matching_processes
    cmdline = ' '.join(proc.info['cmdline'])
TypeError: can only join an iterable
voice: ERROR (not running)
voice: started
2025-07-29 17:30:02 Voice Service not healthy. Restarting...
voice: stopped
voice: started
2025-07-29 17:35:02 Voice Service not healthy. Restarting...
voice: stopped
2025-07-29 17:40:01 Voice Service not healthy. Restarting...
Traceback (most recent call last):
  File "/home/voice-recognition/check_service.py", line 62, in <module>
    main()
  File "/home/voice-recognition/check_service.py", line 53, in main
    kill_matching_processes(target_cmd)
  File "/home/voice-recognition/check_service.py", line 37, in kill_matching_processes
    cmdline = ' '.join(proc.info['cmdline'])
TypeError: can only join an iterable
voice: ERROR (not running)
voice: started
2025-07-29 17:45:02 Voice Service not healthy. Restarting...
voice: stopped
voice: started
2025-07-29 17:50:02 Voice Service not healthy. Restarting...
voice: stopped
voice: started
2025-07-29 17:55:02 Voice Service not healthy. Restarting...
voice: stopped
voice: started
2025-07-29 18:00:01 Voice Service not healthy. Restarting...
voice: stopped
voice: started
2025-07-29 18:05:02 Voice Service not healthy. Restarting...
voice: stopped
voice: started
2025-07-29 18:10:02 Voice Service not healthy. Restarting...
voice: stopped
voice: started
2025-07-29 18:15:01 Voice Service not healthy. Restarting...
voice: stopped
voice: started
2025-07-29 18:20:02 Voice Service not healthy. Restarting...
voice: stopped
voice: started
2025-07-29 18:25:02 Voice Service not healthy. Restarting...
voice: stopped
voice: started
2025-07-29 18:30:02 Voice Service not healthy. Restarting...
voice: stopped
voice: started
2025-07-29 18:35:02 Voice Service not healthy. Restarting...
voice: stopped
voice: started
2025-07-29 18:40:01 Voice Service not healthy. Restarting...
voice: stopped
voice: started
2025-07-29 18:45:02 Voice Service not healthy. Restarting...
voice: stopped
voice: started
2025-07-29 18:50:02 Voice Service not healthy. Restarting...
voice: stopped
voice: started
2025-07-29 18:55:01 Voice Service not healthy. Restarting...
voice: stopped
voice: started
2025-07-29 19:00:01 Voice Service not healthy. Restarting...
voice: stopped
voice: started
2025-07-29 19:03:01 Voice Service not healthy. Restarting...
voice: stopped
voice: started
2025-07-29 19:06:02 Voice Service not healthy. Restarting...
voice: stopped
voice: started
2025-07-29 19:09:01 Voice Service not healthy. Restarting...
voice: stopped
voice: started
2025-07-29 19:12:02 Voice Service not healthy. Restarting...
voice: stopped
voice: started
2025-07-29 19:15:02 Voice Service not healthy. Restarting...
voice: stopped
voice: started
2025-07-29 19:18:01 Voice Service not healthy. Restarting...
voice: stopped
voice: started
2025-07-29 19:21:02 Voice Service not healthy. Restarting...
voice: stopped
voice: started
2025-07-29 19:24:01 Voice Service not healthy. Restarting...
voice: stopped
voice: started
2025-07-29 19:27:02 Voice Service not healthy. Restarting...
voice: stopped
voice: started
2025-07-29 19:30:01 Voice Service not healthy. Restarting...
voice: stopped
voice: started
2025-07-29 19:33:02 Voice Service not healthy. Restarting...
voice: stopped
2025-07-29 19:36:01 Voice Service not healthy. Restarting...
Traceback (most recent call last):
  File "/home/voice-recognition/check_service.py", line 62, in <module>
    main()
  File "/home/voice-recognition/check_service.py", line 53, in main
    kill_matching_processes(target_cmd)
  File "/home/voice-recognition/check_service.py", line 37, in kill_matching_processes
    cmdline = ' '.join(proc.info['cmdline'])
TypeError: can only join an iterable
voice: ERROR (not running)
voice: started
2025-07-29 19:39:02 Voice Service not healthy. Restarting...
voice: stopped
voice: started
2025-07-29 19:42:01 Voice Service not healthy. Restarting...
voice: stopped
voice: started
2025-07-29 19:45:02 Voice Service not healthy. Restarting...
voice: stopped
voice: started
2025-07-29 19:48:02 Voice Service not healthy. Restarting...
voice: stopped
voice: started
2025-07-29 19:51:02 Voice Service not healthy. Restarting...
voice: stopped
voice: started
2025-07-29 19:54:01 Voice Service not healthy. Restarting...
voice: stopped
voice: started
2025-07-29 19:57:02 Voice Service not healthy. Restarting...
voice: stopped
voice: started
2025-07-29 20:00:01 Voice Service not healthy. Restarting...
voice: stopped
voice: started
2025-07-29 20:03:02 Voice Service not healthy. Restarting...
voice: stopped
voice: started
2025-07-29 20:06:02 Voice Service not healthy. Restarting...
voice: stopped
voice: started
2025-07-29 20:09:01 Voice Service not healthy. Restarting...
voice: stopped
voice: started
2025-07-29 20:12:02 Voice Service not healthy. Restarting...
voice: stopped
voice: started
2025-07-29 20:15:02 Voice Service not healthy. Restarting...
voice: stopped
voice: started
2025-07-29 20:18:01 Voice Service not healthy. Restarting...
voice: stopped
voice: started
2025-07-29 20:21:02 Voice Service not healthy. Restarting...
voice: stopped
voice: started
2025-07-29 20:24:01 Voice Service not healthy. Restarting...
voice: stopped
voice: started
2025-07-29 20:27:02 Voice Service not healthy. Restarting...
voice: stopped
voice: started
2025-07-29 20:30:02 Voice Service not healthy. Restarting...
voice: stopped
voice: started
2025-07-29 20:33:02 Voice Service not healthy. Restarting...
voice: stopped
2025-07-29 20:36:01 Voice Service not healthy. Restarting...
Traceback (most recent call last):
  File "/home/voice-recognition/check_service.py", line 62, in <module>
    main()
  File "/home/voice-recognition/check_service.py", line 53, in main
    kill_matching_processes(target_cmd)
  File "/home/voice-recognition/check_service.py", line 37, in kill_matching_processes
    cmdline = ' '.join(proc.info['cmdline'])
TypeError: can only join an iterable
voice: ERROR (not running)
voice: started
2025-07-29 20:39:02 Voice Service not healthy. Restarting...
voice: stopped
voice: started
2025-07-29 20:42:01 Voice Service not healthy. Restarting...
voice: stopped
voice: started
2025-07-29 20:45:01 Voice Service not healthy. Restarting...
voice: stopped
2025-07-29 20:48:02 Voice Service not healthy. Restarting...
Traceback (most recent call last):
  File "/home/voice-recognition/check_service.py", line 62, in <module>
    main()
  File "/home/voice-recognition/check_service.py", line 53, in main
    kill_matching_processes(target_cmd)
  File "/home/voice-recognition/check_service.py", line 37, in kill_matching_processes
    cmdline = ' '.join(proc.info['cmdline'])
TypeError: can only join an iterable
voice: ERROR (not running)
voice: started
2025-07-29 20:51:02 Voice Service not healthy. Restarting...
voice: stopped
2025-07-29 20:54:01 Voice Service not healthy. Restarting...
Traceback (most recent call last):
  File "/home/voice-recognition/check_service.py", line 62, in <module>
    main()
  File "/home/voice-recognition/check_service.py", line 53, in main
    kill_matching_processes(target_cmd)
  File "/home/voice-recognition/check_service.py", line 37, in kill_matching_processes
    cmdline = ' '.join(proc.info['cmdline'])
TypeError: can only join an iterable
voice: ERROR (not running)
voice: started
2025-07-29 20:57:01 Voice Service not healthy. Restarting...
voice: stopped
2025-07-29 21:00:02 Voice Service not healthy. Restarting...
Traceback (most recent call last):
  File "/home/voice-recognition/check_service.py", line 62, in <module>
    main()
  File "/home/voice-recognition/check_service.py", line 53, in main
    kill_matching_processes(target_cmd)
  File "/home/voice-recognition/check_service.py", line 37, in kill_matching_processes
    cmdline = ' '.join(proc.info['cmdline'])
TypeError: can only join an iterable
voice: ERROR (not running)
voice: started
2025-07-29 21:03:02 Voice Service not healthy. Restarting...
voice: stopped
voice: started
2025-07-29 21:06:01 Voice Service not healthy. Restarting...
voice: stopped
voice: started
2025-07-29 21:09:02 Voice Service not healthy. Restarting...
voice: stopped
voice: started
2025-07-29 21:12:02 Voice Service not healthy. Restarting...
voice: stopped
voice: started
2025-07-29 21:15:02 Voice Service not healthy. Restarting...
voice: stopped
voice: started
2025-07-29 21:18:02 Voice Service not healthy. Restarting...
voice: stopped
voice: started
2025-07-29 21:21:01 Voice Service not healthy. Restarting...
voice: stopped
2025-07-29 21:24:02 Voice Service not healthy. Restarting...
Traceback (most recent call last):
  File "/home/voice-recognition/check_service.py", line 62, in <module>
    main()
  File "/home/voice-recognition/check_service.py", line 53, in main
    kill_matching_processes(target_cmd)
  File "/home/voice-recognition/check_service.py", line 37, in kill_matching_processes
    cmdline = ' '.join(proc.info['cmdline'])
TypeError: can only join an iterable
voice: ERROR (not running)
voice: started
2025-07-29 21:27:02 Voice Service not healthy. Restarting...
voice: stopped
voice: started
2025-07-29 21:30:02 Voice Service not healthy. Restarting...
voice: stopped
voice: started
2025-07-29 21:33:01 Voice Service not healthy. Restarting...
voice: stopped
voice: started
2025-07-29 21:36:02 Voice Service not healthy. Restarting...
voice: stopped
voice: started
2025-07-29 21:39:02 Voice Service not healthy. Restarting...
voice: stopped
voice: started
2025-07-29 21:42:02 Voice Service not healthy. Restarting...
voice: stopped
voice: started
2025-07-29 21:45:01 Voice Service not healthy. Restarting...
voice: stopped
voice: started
2025-07-29 21:48:02 Voice Service not healthy. Restarting...
voice: stopped
voice: started
2025-07-29 21:51:01 Voice Service not healthy. Restarting...
voice: stopped
voice: started
2025-07-29 21:54:02 Voice Service not healthy. Restarting...
voice: stopped
voice: started
2025-07-29 21:57:01 Voice Service not healthy. Restarting...
voice: stopped
voice: started
2025-07-29 22:00:02 Voice Service not healthy. Restarting...
voice: stopped
voice: started
2025-07-29 22:03:02 Voice Service not healthy. Restarting...
voice: stopped
voice: started
2025-07-29 22:06:02 Voice Service not healthy. Restarting...
voice: stopped
voice: started
2025-07-29 22:09:01 Voice Service not healthy. Restarting...
voice: stopped
voice: started
2025-07-29 22:12:02 Voice Service not healthy. Restarting...
voice: stopped
voice: started
2025-07-29 22:15:01 Voice Service not healthy. Restarting...
voice: stopped
voice: started
2025-07-29 22:18:02 Voice Service not healthy. Restarting...
voice: stopped
voice: started
2025-07-29 22:21:02 Voice Service not healthy. Restarting...
voice: stopped
voice: started
2025-07-29 22:24:01 Voice Service not healthy. Restarting...
voice: stopped
voice: started
2025-07-29 22:27:02 Voice Service not healthy. Restarting...
voice: stopped
voice: started
2025-07-29 22:30:01 Voice Service not healthy. Restarting...
voice: stopped
voice: started
2025-07-29 22:33:02 Voice Service not healthy. Restarting...
voice: stopped
voice: started
2025-07-29 22:36:01 Voice Service not healthy. Restarting...
voice: stopped
voice: started
2025-07-29 22:39:02 Voice Service not healthy. Restarting...
voice: stopped
voice: started
2025-07-29 22:42:02 Voice Service not healthy. Restarting...
voice: stopped
voice: started
2025-07-29 22:45:01 Voice Service not healthy. Restarting...
voice: stopped
voice: started
2025-07-29 22:48:02 Voice Service not healthy. Restarting...
voice: stopped
voice: started
2025-07-29 22:51:02 Voice Service not healthy. Restarting...
voice: stopped
voice: started
2025-07-29 22:54:02 Voice Service not healthy. Restarting...
voice: stopped
voice: started
2025-07-29 22:57:01 Voice Service not healthy. Restarting...
voice: stopped
voice: started
2025-07-29 23:00:02 Voice Service not healthy. Restarting...
voice: stopped
voice: started
2025-07-29 23:03:01 Voice Service not healthy. Restarting...
voice: stopped
voice: started
2025-07-29 23:06:02 Voice Service not healthy. Restarting...
voice: stopped
voice: started
2025-07-29 23:09:01 Voice Service not healthy. Restarting...
voice: stopped
voice: started
2025-07-29 23:12:01 Voice Service not healthy. Restarting...
voice: stopped
voice: started
2025-07-29 23:15:02 Voice Service not healthy. Restarting...
voice: stopped
voice: started
2025-07-29 23:18:01 Voice Service not healthy. Restarting...
voice: stopped
voice: started
2025-07-29 23:21:02 Voice Service not healthy. Restarting...
voice: stopped
voice: started
2025-07-29 23:24:01 Voice Service not healthy. Restarting...
voice: stopped
voice: started
2025-07-29 23:27:02 Voice Service not healthy. Restarting...
voice: stopped
voice: started
2025-07-29 23:30:02 Voice Service not healthy. Restarting...
voice: stopped
voice: started
2025-07-29 23:33:02 Voice Service not healthy. Restarting...
voice: stopped
voice: started
2025-07-29 23:36:02 Voice Service not healthy. Restarting...
voice: stopped
voice: started
2025-07-29 23:39:02 Voice Service not healthy. Restarting...
voice: stopped
voice: started
2025-07-29 23:42:02 Voice Service not healthy. Restarting...
voice: stopped
voice: started
2025-07-29 23:45:01 Voice Service not healthy. Restarting...
voice: stopped
voice: started
2025-07-29 23:48:02 Voice Service not healthy. Restarting...
voice: stopped
voice: started
2025-07-29 23:51:02 Voice Service not healthy. Restarting...
voice: stopped
voice: started
2025-07-29 23:54:02 Voice Service not healthy. Restarting...
voice: stopped
voice: started
2025-07-29 23:57:02 Voice Service not healthy. Restarting...
