voice: stopped
voice: started
2025-07-13 00:00:02 Voice Service not healthy. Restarting...
voice: stopped
voice: started
2025-07-13 00:05:02 Voice Service not healthy. Restarting...
voice: stopped
voice: started
2025-07-13 00:10:02 Voice Service not healthy. Restarting...
voice: stopped
voice: started
2025-07-13 00:15:01 Voice Service not healthy. Restarting...
voice: stopped
voice: started
2025-07-13 00:20:02 Voice Service not healthy. Restarting...
voice: stopped
voice: started
2025-07-13 00:25:02 Voice Service not healthy. Restarting...
voice: stopped
voice: started
2025-07-13 00:30:02 Voice Service not healthy. Restarting...
voice: stopped
voice: started
2025-07-13 00:35:01 Voice Service not healthy. Restarting...
voice: stopped
voice: started
2025-07-13 00:40:02 Voice Service not healthy. Restarting...
voice: stopped
voice: started
2025-07-13 00:45:02 Voice Service not healthy. Restarting...
voice: stopped
voice: started
2025-07-13 00:50:02 Voice Service not healthy. Restarting...
voice: stopped
2025-07-13 00:55:01 Voice Service not healthy. Restarting...
Traceback (most recent call last):
  File "/home/voice-recognition/check_service.py", line 62, in <module>
    main()
  File "/home/voice-recognition/check_service.py", line 53, in main
    kill_matching_processes(target_cmd)
  File "/home/voice-recognition/check_service.py", line 37, in kill_matching_processes
    cmdline = ' '.join(proc.info['cmdline'])
TypeError: can only join an iterable
voice: ERROR (not running)
voice: started
2025-07-13 01:00:02 Voice Service not healthy. Restarting...
voice: stopped
voice: started
2025-07-13 01:05:02 Voice Service not healthy. Restarting...
voice: stopped
2025-07-13 01:10:01 Voice Service not healthy. Restarting...
Traceback (most recent call last):
  File "/home/voice-recognition/check_service.py", line 62, in <module>
    main()
  File "/home/voice-recognition/check_service.py", line 53, in main
    kill_matching_processes(target_cmd)
  File "/home/voice-recognition/check_service.py", line 37, in kill_matching_processes
    cmdline = ' '.join(proc.info['cmdline'])
TypeError: can only join an iterable
voice: ERROR (not running)
voice: started
2025-07-13 01:15:02 Voice Service not healthy. Restarting...
voice: stopped
voice: started
2025-07-13 01:20:02 Voice Service not healthy. Restarting...
voice: stopped
voice: started
2025-07-13 01:25:02 Voice Service not healthy. Restarting...
voice: stopped
voice: started
2025-07-13 01:30:01 Voice Service not healthy. Restarting...
voice: stopped
voice: started
2025-07-13 01:35:02 Voice Service not healthy. Restarting...
voice: stopped
voice: started
2025-07-13 01:40:02 Voice Service not healthy. Restarting...
voice: stopped
2025-07-13 01:45:02 Voice Service not healthy. Restarting...
Traceback (most recent call last):
  File "/home/voice-recognition/check_service.py", line 62, in <module>
    main()
  File "/home/voice-recognition/check_service.py", line 53, in main
    kill_matching_processes(target_cmd)
  File "/home/voice-recognition/check_service.py", line 37, in kill_matching_processes
    cmdline = ' '.join(proc.info['cmdline'])
TypeError: can only join an iterable
voice: ERROR (not running)
voice: started
2025-07-13 01:50:01 Voice Service not healthy. Restarting...
voice: stopped
voice: started
2025-07-13 01:55:02 Voice Service not healthy. Restarting...
voice: stopped
2025-07-13 02:00:02 Voice Service not healthy. Restarting...
Traceback (most recent call last):
  File "/home/voice-recognition/check_service.py", line 62, in <module>
    main()
  File "/home/voice-recognition/check_service.py", line 53, in main
    kill_matching_processes(target_cmd)
  File "/home/voice-recognition/check_service.py", line 37, in kill_matching_processes
    cmdline = ' '.join(proc.info['cmdline'])
TypeError: can only join an iterable
voice: ERROR (not running)
2025-07-13 02:05:01 Voice Service not healthy. Restarting...
Traceback (most recent call last):
  File "/home/voice-recognition/check_service.py", line 62, in <module>
    main()
  File "/home/voice-recognition/check_service.py", line 53, in main
    kill_matching_processes(target_cmd)
  File "/home/voice-recognition/check_service.py", line 37, in kill_matching_processes
    cmdline = ' '.join(proc.info['cmdline'])
TypeError: can only join an iterable
voice: ERROR (not running)
voice: started
2025-07-13 02:10:02 Voice Service not healthy. Restarting...
voice: stopped
voice: started
2025-07-13 02:15:02 Voice Service not healthy. Restarting...
voice: stopped
voice: started
2025-07-13 02:20:01 Voice Service not healthy. Restarting...
voice: stopped
voice: started
2025-07-13 02:25:02 Voice Service not healthy. Restarting...
voice: stopped
voice: started
2025-07-13 02:30:02 Voice Service not healthy. Restarting...
voice: stopped
voice: started
2025-07-13 02:35:02 Voice Service not healthy. Restarting...
voice: stopped
voice: started
2025-07-13 02:40:01 Voice Service not healthy. Restarting...
voice: stopped
voice: started
2025-07-13 02:45:02 Voice Service not healthy. Restarting...
voice: stopped
voice: started
2025-07-13 02:50:02 Voice Service not healthy. Restarting...
voice: stopped
voice: started
2025-07-13 02:55:02 Voice Service not healthy. Restarting...
voice: stopped
voice: started
2025-07-13 03:00:02 Voice Service not healthy. Restarting...
voice: stopped
voice: started
2025-07-13 03:05:02 Voice Service not healthy. Restarting...
voice: stopped
voice: started
2025-07-13 03:10:02 Voice Service not healthy. Restarting...
voice: stopped
voice: started
2025-07-13 03:15:01 Voice Service not healthy. Restarting...
voice: stopped
voice: started
2025-07-13 03:20:01 Voice Service not healthy. Restarting...
voice: stopped
voice: started
2025-07-13 03:25:02 Voice Service not healthy. Restarting...
voice: stopped
voice: started
2025-07-13 03:30:01 Voice Service not healthy. Restarting...
voice: stopped
voice: started
2025-07-13 03:35:01 Voice Service not healthy. Restarting...
voice: stopped
voice: started
2025-07-13 03:40:02 Voice Service not healthy. Restarting...
voice: stopped
voice: started
2025-07-13 03:45:02 Voice Service not healthy. Restarting...
voice: stopped
voice: started
2025-07-13 03:50:02 Voice Service not healthy. Restarting...
voice: stopped
voice: started
2025-07-13 03:55:01 Voice Service not healthy. Restarting...
voice: stopped
voice: started
2025-07-13 04:00:02 Voice Service not healthy. Restarting...
voice: stopped
voice: started
2025-07-13 04:05:01 Voice Service not healthy. Restarting...
voice: stopped
voice: started
2025-07-13 04:10:01 Voice Service not healthy. Restarting...
voice: stopped
voice: started
2025-07-13 04:15:02 Voice Service not healthy. Restarting...
voice: stopped
voice: started
2025-07-13 04:20:02 Voice Service not healthy. Restarting...
voice: stopped
voice: started
2025-07-13 04:25:01 Voice Service not healthy. Restarting...
voice: stopped
voice: started
2025-07-13 04:30:01 Voice Service not healthy. Restarting...
voice: stopped
voice: started
2025-07-13 04:35:02 Voice Service not healthy. Restarting...
voice: stopped
voice: started
2025-07-13 04:40:02 Voice Service not healthy. Restarting...
voice: stopped
voice: started
2025-07-13 04:45:01 Voice Service not healthy. Restarting...
voice: stopped
voice: started
2025-07-13 04:50:02 Voice Service not healthy. Restarting...
voice: stopped
voice: started
2025-07-13 04:55:02 Voice Service not healthy. Restarting...
voice: stopped
voice: started
2025-07-13 05:00:02 Voice Service not healthy. Restarting...
voice: stopped
voice: started
2025-07-13 05:05:01 Voice Service not healthy. Restarting...
voice: stopped
voice: started
2025-07-13 05:10:02 Voice Service not healthy. Restarting...
voice: stopped
voice: started
2025-07-13 05:15:02 Voice Service not healthy. Restarting...
voice: stopped
voice: started
2025-07-13 05:20:01 Voice Service not healthy. Restarting...
voice: stopped
voice: started
2025-07-13 05:25:02 Voice Service not healthy. Restarting...
voice: stopped
voice: started
2025-07-13 05:30:02 Voice Service not healthy. Restarting...
voice: stopped
voice: started
2025-07-13 05:35:01 Voice Service not healthy. Restarting...
voice: stopped
voice: started
2025-07-13 05:40:02 Voice Service not healthy. Restarting...
voice: stopped
voice: started
2025-07-13 05:45:02 Voice Service not healthy. Restarting...
voice: stopped
voice: started
2025-07-13 05:50:01 Voice Service not healthy. Restarting...
voice: stopped
voice: started
2025-07-13 05:55:01 Voice Service not healthy. Restarting...
voice: stopped
voice: started
2025-07-13 06:00:07 Voice Service not healthy. Restarting...
voice: stopped
voice: started
2025-07-13 06:05:02 Voice Service not healthy. Restarting...
voice: stopped
voice: started
2025-07-13 06:10:01 Voice Service not healthy. Restarting...
voice: stopped
2025-07-13 06:15:02 Voice Service not healthy. Restarting...
Traceback (most recent call last):
  File "/home/voice-recognition/check_service.py", line 62, in <module>
    main()
  File "/home/voice-recognition/check_service.py", line 53, in main
    kill_matching_processes(target_cmd)
  File "/home/voice-recognition/check_service.py", line 37, in kill_matching_processes
    cmdline = ' '.join(proc.info['cmdline'])
TypeError: can only join an iterable
voice: ERROR (not running)
voice: started
2025-07-13 06:20:02 Voice Service not healthy. Restarting...
voice: stopped
voice: started
2025-07-13 06:25:01 Voice Service not healthy. Restarting...
voice: stopped
voice: started
2025-07-13 06:30:02 Voice Service not healthy. Restarting...
voice: stopped
2025-07-13 06:35:02 Voice Service not healthy. Restarting...
Traceback (most recent call last):
  File "/home/voice-recognition/check_service.py", line 62, in <module>
    main()
  File "/home/voice-recognition/check_service.py", line 53, in main
    kill_matching_processes(target_cmd)
  File "/home/voice-recognition/check_service.py", line 37, in kill_matching_processes
    cmdline = ' '.join(proc.info['cmdline'])
TypeError: can only join an iterable
voice: ERROR (not running)
voice: started
2025-07-13 06:40:01 Voice Service not healthy. Restarting...
voice: stopped
voice: started
2025-07-13 06:45:01 Voice Service not healthy. Restarting...
voice: stopped
voice: started
2025-07-13 06:50:02 Voice Service not healthy. Restarting...
voice: stopped
voice: started
2025-07-13 06:55:02 Voice Service not healthy. Restarting...
voice: stopped
voice: started
2025-07-13 07:00:02 Voice Service not healthy. Restarting...
voice: stopped
voice: started
2025-07-13 07:05:01 Voice Service not healthy. Restarting...
voice: stopped
voice: started
2025-07-13 07:10:01 Voice Service not healthy. Restarting...
voice: stopped
voice: started
2025-07-13 07:15:02 Voice Service not healthy. Restarting...
voice: stopped
voice: started
2025-07-13 07:20:02 Voice Service not healthy. Restarting...
voice: stopped
2025-07-13 07:25:02 Voice Service not healthy. Restarting...
Traceback (most recent call last):
  File "/home/voice-recognition/check_service.py", line 62, in <module>
    main()
  File "/home/voice-recognition/check_service.py", line 53, in main
    kill_matching_processes(target_cmd)
  File "/home/voice-recognition/check_service.py", line 37, in kill_matching_processes
    cmdline = ' '.join(proc.info['cmdline'])
TypeError: can only join an iterable
voice: ERROR (not running)
voice: started
2025-07-13 07:30:01 Voice Service not healthy. Restarting...
voice: stopped
voice: started
2025-07-13 07:35:02 Voice Service not healthy. Restarting...
voice: stopped
voice: started
2025-07-13 07:40:02 Voice Service not healthy. Restarting...
voice: stopped
voice: started
2025-07-13 07:45:02 Voice Service not healthy. Restarting...
voice: stopped
voice: started
2025-07-13 07:50:02 Voice Service not healthy. Restarting...
voice: stopped
voice: started
2025-07-13 07:55:02 Voice Service not healthy. Restarting...
voice: stopped
voice: started
2025-07-13 08:00:01 Voice Service not healthy. Restarting...
voice: stopped
voice: started
2025-07-13 08:05:02 Voice Service not healthy. Restarting...
voice: stopped
2025-07-13 08:10:02 Voice Service not healthy. Restarting...
Traceback (most recent call last):
  File "/home/voice-recognition/check_service.py", line 62, in <module>
    main()
  File "/home/voice-recognition/check_service.py", line 53, in main
    kill_matching_processes(target_cmd)
  File "/home/voice-recognition/check_service.py", line 37, in kill_matching_processes
    cmdline = ' '.join(proc.info['cmdline'])
TypeError: can only join an iterable
voice: ERROR (not running)
voice: started
2025-07-13 08:15:01 Voice Service not healthy. Restarting...
voice: stopped
voice: started
2025-07-13 08:20:01 Voice Service not healthy. Restarting...
voice: stopped
voice: started
2025-07-13 08:25:02 Voice Service not healthy. Restarting...
voice: stopped
voice: started
2025-07-13 08:30:02 Voice Service not healthy. Restarting...
voice: stopped
voice: started
2025-07-13 08:35:01 Voice Service not healthy. Restarting...
voice: stopped
voice: started
2025-07-13 08:40:02 Voice Service not healthy. Restarting...
voice: stopped
voice: started
2025-07-13 08:45:02 Voice Service not healthy. Restarting...
voice: stopped
voice: started
2025-07-13 08:50:01 Voice Service not healthy. Restarting...
voice: stopped
voice: started
2025-07-13 08:55:01 Voice Service not healthy. Restarting...
voice: stopped
voice: started
2025-07-13 09:00:02 Voice Service not healthy. Restarting...
voice: stopped
voice: started
2025-07-13 09:05:02 Voice Service not healthy. Restarting...
voice: stopped
voice: started
2025-07-13 09:10:02 Voice Service not healthy. Restarting...
voice: stopped
voice: started
2025-07-13 09:15:01 Voice Service not healthy. Restarting...
voice: stopped
voice: started
2025-07-13 09:20:02 Voice Service not healthy. Restarting...
voice: stopped
voice: started
2025-07-13 09:25:02 Voice Service not healthy. Restarting...
voice: stopped
voice: started
2025-07-13 09:30:02 Voice Service not healthy. Restarting...
voice: stopped
voice: started
2025-07-13 09:35:02 Voice Service not healthy. Restarting...
voice: stopped
2025-07-13 09:40:01 Voice Service not healthy. Restarting...
Traceback (most recent call last):
  File "/home/voice-recognition/check_service.py", line 62, in <module>
    main()
  File "/home/voice-recognition/check_service.py", line 53, in main
    kill_matching_processes(target_cmd)
  File "/home/voice-recognition/check_service.py", line 37, in kill_matching_processes
    cmdline = ' '.join(proc.info['cmdline'])
TypeError: can only join an iterable
voice: ERROR (not running)
voice: started
2025-07-13 09:45:02 Voice Service not healthy. Restarting...
voice: stopped
voice: started
2025-07-13 09:50:02 Voice Service not healthy. Restarting...
voice: stopped
2025-07-13 09:55:01 Voice Service not healthy. Restarting...
Traceback (most recent call last):
  File "/home/voice-recognition/check_service.py", line 62, in <module>
    main()
  File "/home/voice-recognition/check_service.py", line 53, in main
    kill_matching_processes(target_cmd)
  File "/home/voice-recognition/check_service.py", line 37, in kill_matching_processes
    cmdline = ' '.join(proc.info['cmdline'])
TypeError: can only join an iterable
voice: ERROR (not running)
voice: started
2025-07-13 10:00:02 Voice Service not healthy. Restarting...
voice: stopped
voice: started
2025-07-13 10:05:02 Voice Service not healthy. Restarting...
voice: stopped
voice: started
2025-07-13 10:10:01 Voice Service not healthy. Restarting...
voice: stopped
voice: started
2025-07-13 10:15:01 Voice Service not healthy. Restarting...
voice: stopped
voice: started
2025-07-13 10:20:02 Voice Service not healthy. Restarting...
voice: stopped
voice: started
2025-07-13 10:25:02 Voice Service not healthy. Restarting...
voice: stopped
voice: started
2025-07-13 10:30:02 Voice Service not healthy. Restarting...
voice: stopped
voice: started
2025-07-13 10:35:02 Voice Service not healthy. Restarting...
voice: stopped
voice: started
2025-07-13 10:40:02 Voice Service not healthy. Restarting...
voice: stopped
voice: started
2025-07-13 10:45:02 Voice Service not healthy. Restarting...
voice: stopped
voice: started
2025-07-13 10:50:01 Voice Service not healthy. Restarting...
voice: stopped
voice: started
2025-07-13 10:55:02 Voice Service not healthy. Restarting...
voice: stopped
voice: started
2025-07-13 11:00:02 Voice Service not healthy. Restarting...
voice: stopped
voice: started
2025-07-13 11:05:02 Voice Service not healthy. Restarting...
voice: stopped
voice: started
2025-07-13 11:10:01 Voice Service not healthy. Restarting...
voice: stopped
voice: started
2025-07-13 11:15:02 Voice Service not healthy. Restarting...
voice: stopped
voice: started
2025-07-13 11:20:02 Voice Service not healthy. Restarting...
voice: stopped
voice: started
2025-07-13 11:25:01 Voice Service not healthy. Restarting...
voice: stopped
voice: started
2025-07-13 11:30:02 Voice Service not healthy. Restarting...
voice: stopped
voice: started
2025-07-13 11:35:01 Voice Service not healthy. Restarting...
voice: stopped
voice: started
2025-07-13 11:40:01 Voice Service not healthy. Restarting...
voice: stopped
voice: started
2025-07-13 11:45:02 Voice Service not healthy. Restarting...
voice: stopped
voice: started
2025-07-13 11:50:02 Voice Service not healthy. Restarting...
voice: stopped
voice: started
2025-07-13 11:55:02 Voice Service not healthy. Restarting...
voice: stopped
voice: started
2025-07-13 12:00:02 Voice Service not healthy. Restarting...
voice: stopped
voice: started
2025-07-13 12:05:02 Voice Service not healthy. Restarting...
voice: stopped
voice: started
2025-07-13 12:10:02 Voice Service not healthy. Restarting...
voice: stopped
voice: started
2025-07-13 12:15:02 Voice Service not healthy. Restarting...
voice: stopped
voice: started
2025-07-13 12:20:01 Voice Service not healthy. Restarting...
voice: stopped
voice: started
2025-07-13 12:25:02 Voice Service not healthy. Restarting...
voice: stopped
voice: started
2025-07-13 12:30:02 Voice Service not healthy. Restarting...
voice: stopped
2025-07-13 12:35:01 Voice Service not healthy. Restarting...
Traceback (most recent call last):
  File "/home/voice-recognition/check_service.py", line 62, in <module>
    main()
  File "/home/voice-recognition/check_service.py", line 53, in main
    kill_matching_processes(target_cmd)
  File "/home/voice-recognition/check_service.py", line 37, in kill_matching_processes
    cmdline = ' '.join(proc.info['cmdline'])
TypeError: can only join an iterable
voice: ERROR (not running)
voice: started
2025-07-13 12:40:02 Voice Service not healthy. Restarting...
voice: stopped
voice: started
2025-07-13 12:45:02 Voice Service not healthy. Restarting...
voice: stopped
voice: started
2025-07-13 12:50:01 Voice Service not healthy. Restarting...
voice: stopped
voice: started
2025-07-13 12:55:01 Voice Service not healthy. Restarting...
voice: stopped
voice: started
2025-07-13 13:00:01 Voice Service not healthy. Restarting...
voice: stopped
voice: started
2025-07-13 13:05:02 Voice Service not healthy. Restarting...
voice: stopped
voice: started
2025-07-13 13:10:02 Voice Service not healthy. Restarting...
voice: stopped
voice: started
2025-07-13 13:15:01 Voice Service not healthy. Restarting...
voice: stopped
voice: started
2025-07-13 13:20:01 Voice Service not healthy. Restarting...
voice: stopped
voice: started
2025-07-13 13:25:02 Voice Service not healthy. Restarting...
voice: stopped
voice: started
2025-07-13 13:30:01 Voice Service not healthy. Restarting...
voice: stopped
voice: started
2025-07-13 13:35:02 Voice Service not healthy. Restarting...
voice: stopped
voice: started
2025-07-13 13:40:02 Voice Service not healthy. Restarting...
voice: stopped
voice: started
2025-07-13 13:45:01 Voice Service not healthy. Restarting...
voice: stopped
voice: started
2025-07-13 13:50:02 Voice Service not healthy. Restarting...
voice: stopped
voice: started
2025-07-13 13:55:02 Voice Service not healthy. Restarting...
voice: stopped
voice: started
2025-07-13 14:00:02 Voice Service not healthy. Restarting...
voice: stopped
voice: started
2025-07-13 14:05:02 Voice Service not healthy. Restarting...
voice: stopped
voice: started
2025-07-13 14:10:02 Voice Service not healthy. Restarting...
voice: stopped
voice: started
2025-07-13 14:15:02 Voice Service not healthy. Restarting...
voice: stopped
voice: started
2025-07-13 14:20:01 Voice Service not healthy. Restarting...
voice: stopped
voice: started
2025-07-13 14:25:02 Voice Service not healthy. Restarting...
voice: stopped
voice: started
2025-07-13 14:30:02 Voice Service not healthy. Restarting...
voice: stopped
voice: started
2025-07-13 14:35:01 Voice Service not healthy. Restarting...
voice: stopped
voice: started
2025-07-13 14:40:01 Voice Service not healthy. Restarting...
voice: stopped
voice: started
2025-07-13 14:45:02 Voice Service not healthy. Restarting...
voice: stopped
voice: started
2025-07-13 14:50:01 Voice Service not healthy. Restarting...
voice: stopped
voice: started
2025-07-13 14:55:01 Voice Service not healthy. Restarting...
voice: stopped
voice: started
2025-07-13 15:00:02 Voice Service not healthy. Restarting...
voice: stopped
voice: started
2025-07-13 15:05:02 Voice Service not healthy. Restarting...
voice: stopped
voice: started
2025-07-13 15:10:01 Voice Service not healthy. Restarting...
voice: stopped
voice: started
2025-07-13 15:15:02 Voice Service not healthy. Restarting...
voice: stopped
voice: started
2025-07-13 15:20:02 Voice Service not healthy. Restarting...
voice: stopped
voice: started
2025-07-13 15:25:01 Voice Service not healthy. Restarting...
voice: stopped
voice: started
2025-07-13 15:30:02 Voice Service not healthy. Restarting...
voice: stopped
voice: started
2025-07-13 15:35:02 Voice Service not healthy. Restarting...
voice: stopped
voice: started
2025-07-13 15:40:02 Voice Service not healthy. Restarting...
voice: stopped
voice: started
2025-07-13 15:45:01 Voice Service not healthy. Restarting...
voice: stopped
voice: started
2025-07-13 15:50:02 Voice Service not healthy. Restarting...
voice: stopped
voice: started
2025-07-13 15:55:01 Voice Service not healthy. Restarting...
voice: stopped
voice: started
2025-07-13 16:00:01 Voice Service not healthy. Restarting...
voice: stopped
voice: started
2025-07-13 16:05:02 Voice Service not healthy. Restarting...
voice: stopped
voice: started
2025-07-13 16:10:02 Voice Service not healthy. Restarting...
voice: stopped
voice: started
2025-07-13 16:15:02 Voice Service not healthy. Restarting...
voice: stopped
voice: started
2025-07-13 16:20:02 Voice Service not healthy. Restarting...
voice: stopped
voice: started
2025-07-13 16:25:01 Voice Service not healthy. Restarting...
voice: stopped
voice: started
2025-07-13 16:30:02 Voice Service not healthy. Restarting...
voice: stopped
voice: started
2025-07-13 16:35:02 Voice Service not healthy. Restarting...
voice: stopped
voice: started
2025-07-13 16:40:02 Voice Service not healthy. Restarting...
voice: stopped
voice: started
2025-07-13 16:45:01 Voice Service not healthy. Restarting...
voice: stopped
voice: started
2025-07-13 16:50:02 Voice Service not healthy. Restarting...
voice: stopped
voice: started
2025-07-13 16:55:02 Voice Service not healthy. Restarting...
voice: stopped
voice: started
2025-07-13 17:00:01 Voice Service not healthy. Restarting...
voice: stopped
voice: started
2025-07-13 17:05:02 Voice Service not healthy. Restarting...
voice: stopped
voice: started
2025-07-13 17:10:02 Voice Service not healthy. Restarting...
voice: stopped
voice: started
2025-07-13 17:15:01 Voice Service not healthy. Restarting...
voice: stopped
voice: started
2025-07-13 17:20:02 Voice Service not healthy. Restarting...
voice: stopped
voice: started
2025-07-13 17:25:02 Voice Service not healthy. Restarting...
voice: stopped
voice: started
2025-07-13 17:30:01 Voice Service not healthy. Restarting...
voice: stopped
voice: started
2025-07-13 17:35:02 Voice Service not healthy. Restarting...
voice: stopped
voice: started
2025-07-13 17:40:02 Voice Service not healthy. Restarting...
voice: stopped
voice: started
2025-07-13 17:45:01 Voice Service not healthy. Restarting...
voice: stopped
voice: started
2025-07-13 17:50:01 Voice Service not healthy. Restarting...
voice: stopped
voice: started
2025-07-13 17:55:02 Voice Service not healthy. Restarting...
voice: stopped
voice: started
2025-07-13 18:00:02 Voice Service not healthy. Restarting...
voice: stopped
voice: started
2025-07-13 18:05:01 Voice Service not healthy. Restarting...
voice: stopped
voice: started
2025-07-13 18:10:02 Voice Service not healthy. Restarting...
voice: stopped
voice: started
2025-07-13 18:15:02 Voice Service not healthy. Restarting...
voice: stopped
voice: started
2025-07-13 18:20:01 Voice Service not healthy. Restarting...
voice: stopped
voice: started
2025-07-13 18:25:07 Voice Service not healthy. Restarting...
voice: stopped
voice: started
2025-07-13 18:30:02 Voice Service not healthy. Restarting...
voice: stopped
voice: started
2025-07-13 18:35:01 Voice Service not healthy. Restarting...
voice: stopped
voice: started
2025-07-13 18:40:02 Voice Service not healthy. Restarting...
voice: stopped
voice: started
2025-07-13 18:45:02 Voice Service not healthy. Restarting...
voice: stopped
voice: started
2025-07-13 18:50:01 Voice Service not healthy. Restarting...
voice: stopped
voice: started
2025-07-13 18:55:02 Voice Service not healthy. Restarting...
voice: stopped
voice: started
2025-07-13 19:00:02 Voice Service not healthy. Restarting...
voice: stopped
voice: started
2025-07-13 19:05:01 Voice Service not healthy. Restarting...
voice: stopped
voice: started
2025-07-13 19:10:02 Voice Service not healthy. Restarting...
voice: stopped
voice: started
2025-07-13 19:15:02 Voice Service not healthy. Restarting...
voice: stopped
voice: started
2025-07-13 19:20:02 Voice Service not healthy. Restarting...
voice: stopped
voice: started
2025-07-13 19:25:01 Voice Service not healthy. Restarting...
voice: stopped
voice: started
2025-07-13 19:30:02 Voice Service not healthy. Restarting...
voice: stopped
voice: started
2025-07-13 19:35:02 Voice Service not healthy. Restarting...
voice: stopped
voice: started
2025-07-13 19:40:01 Voice Service not healthy. Restarting...
voice: stopped
voice: started
2025-07-13 19:45:02 Voice Service not healthy. Restarting...
voice: stopped
voice: started
2025-07-13 19:50:02 Voice Service not healthy. Restarting...
voice: stopped
voice: started
2025-07-13 19:55:01 Voice Service not healthy. Restarting...
voice: stopped
voice: started
2025-07-13 20:00:02 Voice Service not healthy. Restarting...
voice: stopped
voice: started
2025-07-13 20:05:02 Voice Service not healthy. Restarting...
voice: stopped
voice: started
2025-07-13 20:10:01 Voice Service not healthy. Restarting...
voice: stopped
voice: started
2025-07-13 20:15:02 Voice Service not healthy. Restarting...
voice: stopped
voice: started
2025-07-13 20:20:02 Voice Service not healthy. Restarting...
voice: stopped
voice: started
2025-07-13 20:25:01 Voice Service not healthy. Restarting...
voice: stopped
voice: started
2025-07-13 20:30:01 Voice Service not healthy. Restarting...
voice: stopped
voice: started
2025-07-13 20:35:02 Voice Service not healthy. Restarting...
voice: stopped
voice: started
2025-07-13 20:40:02 Voice Service not healthy. Restarting...
voice: stopped
voice: started
2025-07-13 20:45:02 Voice Service not healthy. Restarting...
voice: stopped
voice: started
2025-07-13 20:50:02 Voice Service not healthy. Restarting...
voice: stopped
voice: started
2025-07-13 20:55:01 Voice Service not healthy. Restarting...
voice: stopped
voice: started
2025-07-13 21:00:01 Voice Service not healthy. Restarting...
voice: stopped
voice: started
2025-07-13 21:05:02 Voice Service not healthy. Restarting...
voice: stopped
voice: started
2025-07-13 21:10:01 Voice Service not healthy. Restarting...
voice: stopped
voice: started
2025-07-13 21:15:02 Voice Service not healthy. Restarting...
voice: stopped
voice: started
2025-07-13 21:20:02 Voice Service not healthy. Restarting...
voice: stopped
voice: started
2025-07-13 21:25:02 Voice Service not healthy. Restarting...
voice: stopped
voice: started
2025-07-13 21:30:01 Voice Service not healthy. Restarting...
voice: stopped
voice: started
2025-07-13 21:35:02 Voice Service not healthy. Restarting...
voice: stopped
voice: started
2025-07-13 21:40:02 Voice Service not healthy. Restarting...
voice: stopped
voice: started
2025-07-13 21:45:01 Voice Service not healthy. Restarting...
voice: stopped
voice: started
2025-07-13 21:50:02 Voice Service not healthy. Restarting...
voice: stopped
voice: started
2025-07-13 21:55:02 Voice Service not healthy. Restarting...
voice: stopped
voice: started
2025-07-13 22:00:01 Voice Service not healthy. Restarting...
voice: stopped
voice: started
2025-07-13 22:05:02 Voice Service not healthy. Restarting...
voice: stopped
voice: started
2025-07-13 22:10:02 Voice Service not healthy. Restarting...
voice: stopped
voice: started
2025-07-13 22:15:01 Voice Service not healthy. Restarting...
voice: stopped
2025-07-13 22:20:01 Voice Service not healthy. Restarting...
Traceback (most recent call last):
  File "/home/voice-recognition/check_service.py", line 62, in <module>
    main()
  File "/home/voice-recognition/check_service.py", line 53, in main
    kill_matching_processes(target_cmd)
  File "/home/voice-recognition/check_service.py", line 37, in kill_matching_processes
    cmdline = ' '.join(proc.info['cmdline'])
TypeError: can only join an iterable
voice: ERROR (not running)
voice: started
2025-07-13 22:25:02 Voice Service not healthy. Restarting...
voice: stopped
voice: started
2025-07-13 22:30:02 Voice Service not healthy. Restarting...
voice: stopped
voice: started
2025-07-13 22:35:01 Voice Service not healthy. Restarting...
voice: stopped
voice: started
2025-07-13 22:40:02 Voice Service not healthy. Restarting...
voice: stopped
voice: started
2025-07-13 22:45:02 Voice Service not healthy. Restarting...
voice: stopped
voice: started
2025-07-13 22:50:01 Voice Service not healthy. Restarting...
voice: stopped
voice: started
2025-07-13 22:55:02 Voice Service not healthy. Restarting...
voice: stopped
voice: started
2025-07-13 23:00:02 Voice Service not healthy. Restarting...
voice: stopped
voice: started
2025-07-13 23:05:01 Voice Service not healthy. Restarting...
voice: stopped
voice: started
2025-07-13 23:10:02 Voice Service not healthy. Restarting...
voice: stopped
voice: started
2025-07-13 23:15:02 Voice Service not healthy. Restarting...
voice: stopped
voice: started
2025-07-13 23:20:01 Voice Service not healthy. Restarting...
voice: stopped
voice: started
2025-07-13 23:25:02 Voice Service not healthy. Restarting...
voice: stopped
voice: started
2025-07-13 23:30:02 Voice Service not healthy. Restarting...
voice: stopped
voice: started
2025-07-13 23:35:01 Voice Service not healthy. Restarting...
voice: stopped
voice: started
2025-07-13 23:40:02 Voice Service not healthy. Restarting...
voice: stopped
voice: started
2025-07-13 23:45:02 Voice Service not healthy. Restarting...
voice: stopped
voice: started
2025-07-13 23:50:01 Voice Service not healthy. Restarting...
voice: stopped
voice: started
2025-07-13 23:55:02 Voice Service not healthy. Restarting...
