voice: stopped
voice: started
2025-07-30 00:00:01 Voice Service not healthy. Restarting...
voice: stopped
voice: started
2025-07-30 00:03:02 Voice Service not healthy. Restarting...
voice: stopped
voice: started
2025-07-30 00:06:01 Voice Service not healthy. Restarting...
voice: stopped
voice: started
2025-07-30 00:09:02 Voice Service not healthy. Restarting...
voice: stopped
voice: started
2025-07-30 00:12:01 Voice Service not healthy. Restarting...
voice: stopped
voice: started
2025-07-30 00:15:02 Voice Service not healthy. Restarting...
voice: stopped
voice: started
2025-07-30 00:18:02 Voice Service not healthy. Restarting...
voice: stopped
voice: started
2025-07-30 00:21:01 Voice Service not healthy. Restarting...
voice: stopped
voice: started
2025-07-30 00:24:02 Voice Service not healthy. Restarting...
voice: stopped
voice: started
2025-07-30 00:27:01 Voice Service not healthy. Restarting...
voice: stopped
voice: started
2025-07-30 00:30:02 Voice Service not healthy. Restarting...
voice: stopped
voice: started
2025-07-30 00:33:02 Voice Service not healthy. Restarting...
voice: stopped
voice: started
2025-07-30 00:36:01 Voice Service not healthy. Restarting...
voice: stopped
voice: started
2025-07-30 00:39:02 Voice Service not healthy. Restarting...
voice: stopped
voice: started
2025-07-30 00:42:02 Voice Service not healthy. Restarting...
voice: stopped
voice: started
2025-07-30 00:45:01 Voice Service not healthy. Restarting...
voice: stopped
voice: started
2025-07-30 00:48:02 Voice Service not healthy. Restarting...
voice: stopped
voice: started
2025-07-30 00:51:02 Voice Service not healthy. Restarting...
voice: stopped
voice: started
2025-07-30 00:54:02 Voice Service not healthy. Restarting...
voice: stopped
voice: started
2025-07-30 00:57:01 Voice Service not healthy. Restarting...
voice: stopped
voice: started
2025-07-30 01:00:02 Voice Service not healthy. Restarting...
voice: stopped
voice: started
2025-07-30 01:03:01 Voice Service not healthy. Restarting...
voice: stopped
voice: started
2025-07-30 01:06:02 Voice Service not healthy. Restarting...
voice: stopped
voice: started
2025-07-30 01:09:01 Voice Service not healthy. Restarting...
voice: stopped
voice: started
2025-07-30 01:12:02 Voice Service not healthy. Restarting...
voice: stopped
voice: started
2025-07-30 01:15:01 Voice Service not healthy. Restarting...
voice: stopped
voice: started
2025-07-30 01:18:02 Voice Service not healthy. Restarting...
voice: stopped
voice: started
2025-07-30 01:21:02 Voice Service not healthy. Restarting...
voice: stopped
voice: started
2025-07-30 01:24:01 Voice Service not healthy. Restarting...
voice: stopped
voice: started
2025-07-30 01:27:02 Voice Service not healthy. Restarting...
voice: stopped
voice: started
2025-07-30 01:30:01 Voice Service not healthy. Restarting...
voice: stopped
voice: started
2025-07-30 01:33:02 Voice Service not healthy. Restarting...
voice: stopped
voice: started
2025-07-30 01:36:02 Voice Service not healthy. Restarting...
voice: stopped
voice: started
2025-07-30 01:39:02 Voice Service not healthy. Restarting...
voice: stopped
2025-07-30 01:42:02 Voice Service not healthy. Restarting...
Traceback (most recent call last):
  File "/home/voice-recognition/check_service.py", line 62, in <module>
    main()
  File "/home/voice-recognition/check_service.py", line 53, in main
    kill_matching_processes(target_cmd)
  File "/home/voice-recognition/check_service.py", line 37, in kill_matching_processes
    cmdline = ' '.join(proc.info['cmdline'])
TypeError: can only join an iterable
voice: ERROR (not running)
voice: started
2025-07-30 01:45:01 Voice Service not healthy. Restarting...
voice: stopped
voice: started
2025-07-30 01:48:02 Voice Service not healthy. Restarting...
voice: stopped
voice: started
2025-07-30 01:51:01 Voice Service not healthy. Restarting...
voice: stopped
voice: started
2025-07-30 01:54:02 Voice Service not healthy. Restarting...
voice: stopped
voice: started
2025-07-30 01:57:02 Voice Service not healthy. Restarting...
voice: stopped
voice: started
2025-07-30 02:00:02 Voice Service not healthy. Restarting...
voice: stopped
voice: started
2025-07-30 02:03:01 Voice Service not healthy. Restarting...
voice: stopped
voice: started
2025-07-30 02:06:02 Voice Service not healthy. Restarting...
voice: stopped
voice: started
2025-07-30 02:09:02 Voice Service not healthy. Restarting...
voice: stopped
voice: started
2025-07-30 02:12:02 Voice Service not healthy. Restarting...
voice: stopped
voice: started
2025-07-30 02:15:02 Voice Service not healthy. Restarting...
voice: stopped
voice: started
2025-07-30 02:18:01 Voice Service not healthy. Restarting...
voice: stopped
voice: started
2025-07-30 02:21:02 Voice Service not healthy. Restarting...
voice: stopped
voice: started
2025-07-30 02:24:02 Voice Service not healthy. Restarting...
voice: stopped
voice: started
2025-07-30 02:27:01 Voice Service not healthy. Restarting...
voice: stopped
voice: started
2025-07-30 02:30:02 Voice Service not healthy. Restarting...
voice: stopped
voice: started
2025-07-30 02:33:02 Voice Service not healthy. Restarting...
voice: stopped
2025-07-30 02:36:02 Voice Service not healthy. Restarting...
Traceback (most recent call last):
  File "/home/voice-recognition/check_service.py", line 62, in <module>
    main()
  File "/home/voice-recognition/check_service.py", line 53, in main
    kill_matching_processes(target_cmd)
  File "/home/voice-recognition/check_service.py", line 37, in kill_matching_processes
    cmdline = ' '.join(proc.info['cmdline'])
TypeError: can only join an iterable
voice: ERROR (not running)
voice: started
2025-07-30 02:39:02 Voice Service not healthy. Restarting...
voice: stopped
voice: started
2025-07-30 02:42:01 Voice Service not healthy. Restarting...
voice: stopped
voice: started
2025-07-30 02:45:02 Voice Service not healthy. Restarting...
voice: stopped
voice: started
2025-07-30 02:48:01 Voice Service not healthy. Restarting...
voice: stopped
voice: started
2025-07-30 02:51:02 Voice Service not healthy. Restarting...
voice: stopped
voice: started
2025-07-30 02:54:02 Voice Service not healthy. Restarting...
voice: stopped
voice: started
2025-07-30 02:57:01 Voice Service not healthy. Restarting...
voice: stopped
voice: started
2025-07-30 03:00:02 Voice Service not healthy. Restarting...
voice: stopped
voice: started
2025-07-30 03:03:01 Voice Service not healthy. Restarting...
voice: stopped
voice: started
2025-07-30 03:06:02 Voice Service not healthy. Restarting...
voice: stopped
voice: started
2025-07-30 03:09:02 Voice Service not healthy. Restarting...
voice: stopped
voice: started
2025-07-30 03:12:02 Voice Service not healthy. Restarting...
voice: stopped
voice: started
2025-07-30 03:15:02 Voice Service not healthy. Restarting...
voice: stopped
voice: started
2025-07-30 03:18:01 Voice Service not healthy. Restarting...
voice: stopped
voice: started
2025-07-30 03:21:02 Voice Service not healthy. Restarting...
voice: stopped
voice: started
2025-07-30 03:24:01 Voice Service not healthy. Restarting...
voice: stopped
voice: started
2025-07-30 03:27:02 Voice Service not healthy. Restarting...
voice: stopped
voice: started
2025-07-30 03:30:02 Voice Service not healthy. Restarting...
voice: stopped
voice: started
2025-07-30 03:33:01 Voice Service not healthy. Restarting...
voice: stopped
voice: started
2025-07-30 03:36:02 Voice Service not healthy. Restarting...
voice: stopped
voice: started
2025-07-30 03:39:01 Voice Service not healthy. Restarting...
voice: stopped
voice: started
2025-07-30 03:42:02 Voice Service not healthy. Restarting...
voice: stopped
voice: started
2025-07-30 03:45:02 Voice Service not healthy. Restarting...
voice: stopped
voice: started
2025-07-30 03:48:01 Voice Service not healthy. Restarting...
voice: stopped
voice: started
2025-07-30 03:51:02 Voice Service not healthy. Restarting...
voice: stopped
voice: started
2025-07-30 03:54:02 Voice Service not healthy. Restarting...
voice: stopped
voice: started
2025-07-30 03:57:01 Voice Service not healthy. Restarting...
voice: stopped
voice: started
2025-07-30 04:00:01 Voice Service not healthy. Restarting...
voice: stopped
voice: started
2025-07-30 04:03:02 Voice Service not healthy. Restarting...
voice: stopped
2025-07-30 04:06:02 Voice Service not healthy. Restarting...
Traceback (most recent call last):
  File "/home/voice-recognition/check_service.py", line 62, in <module>
    main()
  File "/home/voice-recognition/check_service.py", line 53, in main
    kill_matching_processes(target_cmd)
  File "/home/voice-recognition/check_service.py", line 37, in kill_matching_processes
    cmdline = ' '.join(proc.info['cmdline'])
TypeError: can only join an iterable
voice: ERROR (not running)
voice: started
2025-07-30 04:09:01 Voice Service not healthy. Restarting...
voice: stopped
voice: started
2025-07-30 04:12:02 Voice Service not healthy. Restarting...
voice: stopped
voice: started
2025-07-30 04:15:02 Voice Service not healthy. Restarting...
voice: stopped
voice: started
2025-07-30 04:18:01 Voice Service not healthy. Restarting...
voice: stopped
voice: started
2025-07-30 04:21:02 Voice Service not healthy. Restarting...
voice: stopped
voice: started
2025-07-30 04:24:01 Voice Service not healthy. Restarting...
voice: stopped
voice: started
2025-07-30 04:27:02 Voice Service not healthy. Restarting...
voice: stopped
voice: started
2025-07-30 04:30:01 Voice Service not healthy. Restarting...
voice: stopped
voice: started
2025-07-30 04:33:02 Voice Service not healthy. Restarting...
voice: stopped
voice: started
2025-07-30 04:36:01 Voice Service not healthy. Restarting...
voice: stopped
voice: started
2025-07-30 04:39:02 Voice Service not healthy. Restarting...
voice: stopped
voice: started
2025-07-30 04:42:02 Voice Service not healthy. Restarting...
voice: stopped
voice: started
2025-07-30 04:45:01 Voice Service not healthy. Restarting...
voice: stopped
2025-07-30 04:48:02 Voice Service not healthy. Restarting...
Traceback (most recent call last):
  File "/home/voice-recognition/check_service.py", line 62, in <module>
    main()
  File "/home/voice-recognition/check_service.py", line 53, in main
    kill_matching_processes(target_cmd)
  File "/home/voice-recognition/check_service.py", line 37, in kill_matching_processes
    cmdline = ' '.join(proc.info['cmdline'])
TypeError: can only join an iterable
voice: ERROR (not running)
voice: started
2025-07-30 04:51:02 Voice Service not healthy. Restarting...
voice: stopped
voice: started
2025-07-30 04:54:02 Voice Service not healthy. Restarting...
voice: stopped
voice: started
2025-07-30 04:57:01 Voice Service not healthy. Restarting...
voice: stopped
voice: started
2025-07-30 05:00:02 Voice Service not healthy. Restarting...
voice: stopped
voice: started
2025-07-30 05:03:01 Voice Service not healthy. Restarting...
voice: stopped
voice: started
2025-07-30 05:06:02 Voice Service not healthy. Restarting...
voice: stopped
voice: started
2025-07-30 05:09:01 Voice Service not healthy. Restarting...
voice: stopped
voice: started
2025-07-30 05:12:02 Voice Service not healthy. Restarting...
voice: stopped
voice: started
2025-07-30 05:15:02 Voice Service not healthy. Restarting...
voice: stopped
voice: started
2025-07-30 05:18:01 Voice Service not healthy. Restarting...
voice: stopped
voice: started
2025-07-30 05:21:02 Voice Service not healthy. Restarting...
voice: stopped
voice: started
2025-07-30 05:24:02 Voice Service not healthy. Restarting...
voice: stopped
voice: started
2025-07-30 05:27:01 Voice Service not healthy. Restarting...
voice: stopped
voice: started
2025-07-30 05:30:02 Voice Service not healthy. Restarting...
voice: stopped
voice: started
2025-07-30 05:33:01 Voice Service not healthy. Restarting...
voice: stopped
voice: started
2025-07-30 05:36:02 Voice Service not healthy. Restarting...
voice: stopped
voice: started
2025-07-30 05:39:01 Voice Service not healthy. Restarting...
voice: stopped
voice: started
2025-07-30 05:42:01 Voice Service not healthy. Restarting...
voice: stopped
voice: started
2025-07-30 05:45:02 Voice Service not healthy. Restarting...
voice: stopped
voice: started
2025-07-30 05:48:01 Voice Service not healthy. Restarting...
voice: stopped
voice: started
2025-07-30 05:51:02 Voice Service not healthy. Restarting...
voice: stopped
voice: started
2025-07-30 05:54:02 Voice Service not healthy. Restarting...
voice: stopped
voice: started
2025-07-30 05:57:01 Voice Service not healthy. Restarting...
voice: stopped
voice: started
2025-07-30 06:00:02 Voice Service not healthy. Restarting...
voice: stopped
voice: started
2025-07-30 06:03:01 Voice Service not healthy. Restarting...
voice: stopped
voice: started
2025-07-30 06:06:02 Voice Service not healthy. Restarting...
voice: stopped
voice: started
2025-07-30 06:09:02 Voice Service not healthy. Restarting...
voice: stopped
voice: started
2025-07-30 06:12:01 Voice Service not healthy. Restarting...
voice: stopped
voice: started
2025-07-30 06:15:02 Voice Service not healthy. Restarting...
voice: stopped
voice: started
2025-07-30 06:18:01 Voice Service not healthy. Restarting...
voice: stopped
voice: started
2025-07-30 06:21:02 Voice Service not healthy. Restarting...
voice: stopped
voice: started
2025-07-30 06:24:02 Voice Service not healthy. Restarting...
voice: stopped
voice: started
2025-07-30 06:27:01 Voice Service not healthy. Restarting...
voice: stopped
voice: started
2025-07-30 06:30:02 Voice Service not healthy. Restarting...
voice: stopped
voice: started
2025-07-30 06:33:01 Voice Service not healthy. Restarting...
voice: stopped
voice: started
2025-07-30 06:36:02 Voice Service not healthy. Restarting...
voice: stopped
voice: started
2025-07-30 06:39:02 Voice Service not healthy. Restarting...
voice: stopped
voice: started
2025-07-30 06:42:01 Voice Service not healthy. Restarting...
voice: stopped
voice: started
2025-07-30 06:45:02 Voice Service not healthy. Restarting...
voice: stopped
voice: started
2025-07-30 06:48:02 Voice Service not healthy. Restarting...
voice: stopped
voice: started
2025-07-30 06:51:02 Voice Service not healthy. Restarting...
voice: stopped
voice: started
2025-07-30 06:54:02 Voice Service not healthy. Restarting...
voice: stopped
voice: started
2025-07-30 06:57:01 Voice Service not healthy. Restarting...
voice: stopped
voice: started
2025-07-30 07:00:02 Voice Service not healthy. Restarting...
voice: stopped
voice: started
2025-07-30 07:03:01 Voice Service not healthy. Restarting...
voice: stopped
voice: started
2025-07-30 07:06:02 Voice Service not healthy. Restarting...
voice: stopped
voice: started
2025-07-30 07:09:02 Voice Service not healthy. Restarting...
voice: stopped
voice: started
2025-07-30 07:12:01 Voice Service not healthy. Restarting...
voice: stopped
voice: started
2025-07-30 07:15:02 Voice Service not healthy. Restarting...
voice: stopped
voice: started
2025-07-30 07:18:02 Voice Service not healthy. Restarting...
voice: stopped
voice: started
2025-07-30 07:21:01 Voice Service not healthy. Restarting...
voice: stopped
voice: started
2025-07-30 07:24:02 Voice Service not healthy. Restarting...
voice: stopped
voice: started
2025-07-30 07:27:01 Voice Service not healthy. Restarting...
voice: stopped
voice: started
2025-07-30 07:30:02 Voice Service not healthy. Restarting...
voice: stopped
voice: started
2025-07-30 07:33:02 Voice Service not healthy. Restarting...
voice: stopped
voice: started
2025-07-30 07:36:01 Voice Service not healthy. Restarting...
voice: stopped
voice: started
2025-07-30 07:39:02 Voice Service not healthy. Restarting...
voice: stopped
voice: started
2025-07-30 07:42:02 Voice Service not healthy. Restarting...
voice: stopped
voice: started
2025-07-30 07:45:01 Voice Service not healthy. Restarting...
voice: stopped
voice: started
2025-07-30 07:48:02 Voice Service not healthy. Restarting...
voice: stopped
voice: started
2025-07-30 07:51:01 Voice Service not healthy. Restarting...
voice: stopped
voice: started
2025-07-30 07:54:01 Voice Service not healthy. Restarting...
voice: stopped
voice: started
2025-07-30 07:57:01 Voice Service not healthy. Restarting...
voice: stopped
voice: started
2025-07-30 08:00:02 Voice Service not healthy. Restarting...
voice: stopped
voice: started
2025-07-30 08:03:02 Voice Service not healthy. Restarting...
voice: stopped
voice: started
2025-07-30 08:06:02 Voice Service not healthy. Restarting...
voice: stopped
voice: started
2025-07-30 08:09:01 Voice Service not healthy. Restarting...
voice: stopped
voice: started
2025-07-30 08:12:02 Voice Service not healthy. Restarting...
voice: stopped
voice: started
2025-07-30 08:15:01 Voice Service not healthy. Restarting...
voice: stopped
voice: started
2025-07-30 08:18:02 Voice Service not healthy. Restarting...
voice: stopped
voice: started
2025-07-30 08:21:02 Voice Service not healthy. Restarting...
voice: stopped
voice: started
2025-07-30 08:24:02 Voice Service not healthy. Restarting...
voice: stopped
voice: started
2025-07-30 08:27:02 Voice Service not healthy. Restarting...
voice: stopped
voice: started
2025-07-30 08:30:02 Voice Service not healthy. Restarting...
voice: stopped
voice: started
2025-07-30 08:33:02 Voice Service not healthy. Restarting...
voice: stopped
voice: started
2025-07-30 08:36:01 Voice Service not healthy. Restarting...
voice: stopped
voice: started
2025-07-30 08:39:02 Voice Service not healthy. Restarting...
voice: stopped
voice: started
2025-07-30 08:42:01 Voice Service not healthy. Restarting...
voice: stopped
voice: started
2025-07-30 08:45:02 Voice Service not healthy. Restarting...
voice: stopped
voice: started
2025-07-30 08:48:01 Voice Service not healthy. Restarting...
voice: stopped
voice: started
2025-07-30 08:51:02 Voice Service not healthy. Restarting...
voice: stopped
voice: started
2025-07-30 08:54:02 Voice Service not healthy. Restarting...
voice: stopped
voice: started
2025-07-30 08:57:02 Voice Service not healthy. Restarting...
voice: stopped
voice: started
2025-07-30 09:00:02 Voice Service not healthy. Restarting...
voice: stopped
voice: started
2025-07-30 09:03:02 Voice Service not healthy. Restarting...
voice: stopped
voice: started
2025-07-30 09:06:02 Voice Service not healthy. Restarting...
voice: stopped
voice: started
2025-07-30 09:09:01 Voice Service not healthy. Restarting...
voice: stopped
2025-07-30 09:12:02 Voice Service not healthy. Restarting...
Traceback (most recent call last):
  File "/home/voice-recognition/check_service.py", line 62, in <module>
    main()
  File "/home/voice-recognition/check_service.py", line 53, in main
    kill_matching_processes(target_cmd)
  File "/home/voice-recognition/check_service.py", line 37, in kill_matching_processes
    cmdline = ' '.join(proc.info['cmdline'])
TypeError: can only join an iterable
voice: ERROR (not running)
voice: started
2025-07-30 09:15:01 Voice Service not healthy. Restarting...
voice: stopped
voice: started
2025-07-30 09:18:02 Voice Service not healthy. Restarting...
voice: stopped
voice: started
2025-07-30 09:21:01 Voice Service not healthy. Restarting...
voice: stopped
voice: started
2025-07-30 09:24:02 Voice Service not healthy. Restarting...
voice: stopped
voice: started
2025-07-30 09:27:01 Voice Service not healthy. Restarting...
voice: stopped
voice: started
2025-07-30 09:30:02 Voice Service not healthy. Restarting...
voice: stopped
voice: started
2025-07-30 09:33:02 Voice Service not healthy. Restarting...
voice: stopped
voice: started
2025-07-30 09:36:01 Voice Service not healthy. Restarting...
voice: stopped
voice: started
2025-07-30 09:39:02 Voice Service not healthy. Restarting...
voice: stopped
voice: started
2025-07-30 09:42:01 Voice Service not healthy. Restarting...
voice: stopped
voice: started
2025-07-30 09:45:02 Voice Service not healthy. Restarting...
voice: stopped
voice: started
2025-07-30 09:48:02 Voice Service not healthy. Restarting...
voice: stopped
voice: started
2025-07-30 09:51:02 Voice Service not healthy. Restarting...
voice: stopped
voice: started
2025-07-30 09:54:02 Voice Service not healthy. Restarting...
voice: stopped
voice: started
2025-07-30 09:57:02 Voice Service not healthy. Restarting...
voice: stopped
voice: started
2025-07-30 10:00:01 Voice Service not healthy. Restarting...
voice: stopped
voice: started
2025-07-30 10:03:02 Voice Service not healthy. Restarting...
voice: stopped
voice: started
2025-07-30 10:06:02 Voice Service not healthy. Restarting...
voice: stopped
voice: started
2025-07-30 10:09:02 Voice Service not healthy. Restarting...
voice: stopped
voice: started
2025-07-30 10:12:02 Voice Service not healthy. Restarting...
voice: stopped
voice: started
2025-07-30 10:15:01 Voice Service not healthy. Restarting...
voice: stopped
2025-07-30 10:18:02 Voice Service not healthy. Restarting...
Traceback (most recent call last):
  File "/home/voice-recognition/check_service.py", line 62, in <module>
    main()
  File "/home/voice-recognition/check_service.py", line 53, in main
    kill_matching_processes(target_cmd)
  File "/home/voice-recognition/check_service.py", line 37, in kill_matching_processes
    cmdline = ' '.join(proc.info['cmdline'])
TypeError: can only join an iterable
voice: ERROR (not running)
voice: started
2025-07-30 10:21:01 Voice Service not healthy. Restarting...
voice: stopped
voice: started
2025-07-30 10:24:02 Voice Service not healthy. Restarting...
voice: stopped
voice: started
2025-07-30 10:27:02 Voice Service not healthy. Restarting...
voice: stopped
voice: started
2025-07-30 10:30:01 Voice Service not healthy. Restarting...
voice: stopped
voice: started
2025-07-30 10:33:02 Voice Service not healthy. Restarting...
voice: stopped
voice: started
2025-07-30 10:36:02 Voice Service not healthy. Restarting...
voice: stopped
voice: started
2025-07-30 10:39:02 Voice Service not healthy. Restarting...
voice: stopped
voice: started
2025-07-30 10:42:01 Voice Service not healthy. Restarting...
voice: stopped
voice: started
2025-07-30 10:45:02 Voice Service not healthy. Restarting...
voice: stopped
2025-07-30 10:48:01 Voice Service not healthy. Restarting...
Traceback (most recent call last):
  File "/home/voice-recognition/check_service.py", line 62, in <module>
    main()
  File "/home/voice-recognition/check_service.py", line 53, in main
    kill_matching_processes(target_cmd)
  File "/home/voice-recognition/check_service.py", line 37, in kill_matching_processes
    cmdline = ' '.join(proc.info['cmdline'])
TypeError: can only join an iterable
voice: ERROR (not running)
voice: started
2025-07-30 10:51:02 Voice Service not healthy. Restarting...
voice: stopped
voice: started
2025-07-30 10:54:02 Voice Service not healthy. Restarting...
voice: stopped
voice: started
2025-07-30 10:57:02 Voice Service not healthy. Restarting...
voice: stopped
voice: started
2025-07-30 11:00:02 Voice Service not healthy. Restarting...
voice: stopped
voice: started
2025-07-30 11:03:02 Voice Service not healthy. Restarting...
voice: stopped
voice: started
2025-07-30 11:06:01 Voice Service not healthy. Restarting...
voice: stopped
voice: started
2025-07-30 11:09:02 Voice Service not healthy. Restarting...
voice: stopped
2025-07-30 11:12:02 Voice Service not healthy. Restarting...
Traceback (most recent call last):
  File "/home/voice-recognition/check_service.py", line 62, in <module>
    main()
  File "/home/voice-recognition/check_service.py", line 53, in main
    kill_matching_processes(target_cmd)
  File "/home/voice-recognition/check_service.py", line 37, in kill_matching_processes
    cmdline = ' '.join(proc.info['cmdline'])
TypeError: can only join an iterable
voice: ERROR (not running)
voice: started
2025-07-30 11:15:02 Voice Service not healthy. Restarting...
voice: stopped
voice: started
2025-07-30 11:18:01 Voice Service not healthy. Restarting...
voice: stopped
voice: started
2025-07-30 11:21:02 Voice Service not healthy. Restarting...
voice: stopped
2025-07-30 11:24:01 Voice Service not healthy. Restarting...
Traceback (most recent call last):
  File "/home/voice-recognition/check_service.py", line 62, in <module>
    main()
  File "/home/voice-recognition/check_service.py", line 53, in main
    kill_matching_processes(target_cmd)
  File "/home/voice-recognition/check_service.py", line 37, in kill_matching_processes
    cmdline = ' '.join(proc.info['cmdline'])
TypeError: can only join an iterable
voice: ERROR (not running)
voice: started
2025-07-30 11:27:02 Voice Service not healthy. Restarting...
voice: stopped
voice: started
2025-07-30 11:30:01 Voice Service not healthy. Restarting...
voice: stopped
voice: started
2025-07-30 11:33:01 Voice Service not healthy. Restarting...
voice: stopped
2025-07-30 11:36:02 Voice Service not healthy. Restarting...
Traceback (most recent call last):
  File "/home/voice-recognition/check_service.py", line 62, in <module>
    main()
  File "/home/voice-recognition/check_service.py", line 53, in main
    kill_matching_processes(target_cmd)
  File "/home/voice-recognition/check_service.py", line 37, in kill_matching_processes
    cmdline = ' '.join(proc.info['cmdline'])
TypeError: can only join an iterable
voice: ERROR (not running)
voice: started
2025-07-30 11:39:01 Voice Service not healthy. Restarting...
voice: stopped
voice: started
2025-07-30 11:42:02 Voice Service not healthy. Restarting...
voice: stopped
voice: started
2025-07-30 11:45:02 Voice Service not healthy. Restarting...
voice: stopped
voice: started
2025-07-30 11:48:02 Voice Service not healthy. Restarting...
voice: stopped
voice: started
2025-07-30 11:51:02 Voice Service not healthy. Restarting...
voice: stopped
voice: started
2025-07-30 11:54:02 Voice Service not healthy. Restarting...
voice: stopped
voice: started
2025-07-30 11:57:01 Voice Service not healthy. Restarting...
voice: stopped
voice: started
2025-07-30 12:00:02 Voice Service not healthy. Restarting...
voice: stopped
voice: started
2025-07-30 12:03:01 Voice Service not healthy. Restarting...
voice: stopped
voice: started
2025-07-30 12:06:02 Voice Service not healthy. Restarting...
voice: stopped
voice: started
2025-07-30 12:09:02 Voice Service not healthy. Restarting...
voice: stopped
voice: started
2025-07-30 12:12:02 Voice Service not healthy. Restarting...
voice: stopped
voice: started
2025-07-30 12:15:02 Voice Service not healthy. Restarting...
voice: stopped
voice: started
2025-07-30 12:18:02 Voice Service not healthy. Restarting...
voice: stopped
voice: started
2025-07-30 12:21:01 Voice Service not healthy. Restarting...
voice: stopped
voice: started
2025-07-30 12:24:02 Voice Service not healthy. Restarting...
voice: stopped
voice: started
2025-07-30 12:27:01 Voice Service not healthy. Restarting...
voice: stopped
voice: started
2025-07-30 12:30:01 Voice Service not healthy. Restarting...
voice: stopped
voice: started
2025-07-30 12:33:02 Voice Service not healthy. Restarting...
voice: stopped
voice: started
2025-07-30 12:36:01 Voice Service not healthy. Restarting...
voice: stopped
voice: started
2025-07-30 12:39:02 Voice Service not healthy. Restarting...
voice: stopped
voice: started
2025-07-30 12:42:02 Voice Service not healthy. Restarting...
voice: stopped
voice: started
2025-07-30 12:45:01 Voice Service not healthy. Restarting...
voice: stopped
voice: started
2025-07-30 12:48:02 Voice Service not healthy. Restarting...
voice: stopped
voice: started
2025-07-30 12:51:01 Voice Service not healthy. Restarting...
voice: stopped
voice: started
2025-07-30 12:54:02 Voice Service not healthy. Restarting...
voice: stopped
voice: started
2025-07-30 12:57:01 Voice Service not healthy. Restarting...
voice: stopped
voice: started
2025-07-30 13:00:02 Voice Service not healthy. Restarting...
voice: stopped
voice: started
2025-07-30 13:03:01 Voice Service not healthy. Restarting...
voice: stopped
voice: started
2025-07-30 13:06:02 Voice Service not healthy. Restarting...
voice: stopped
voice: started
2025-07-30 13:09:01 Voice Service not healthy. Restarting...
voice: stopped
voice: started
2025-07-30 13:12:02 Voice Service not healthy. Restarting...
voice: stopped
voice: started
2025-07-30 13:15:02 Voice Service not healthy. Restarting...
voice: stopped
voice: started
2025-07-30 13:18:02 Voice Service not healthy. Restarting...
voice: stopped
voice: started
2025-07-30 13:21:02 Voice Service not healthy. Restarting...
voice: stopped
voice: started
2025-07-30 13:24:02 Voice Service not healthy. Restarting...
voice: stopped
voice: started
2025-07-30 13:27:01 Voice Service not healthy. Restarting...
voice: stopped
voice: started
2025-07-30 13:30:02 Voice Service not healthy. Restarting...
voice: stopped
voice: started
2025-07-30 13:33:01 Voice Service not healthy. Restarting...
voice: stopped
voice: started
2025-07-30 13:36:02 Voice Service not healthy. Restarting...
voice: stopped
voice: started
2025-07-30 13:39:01 Voice Service not healthy. Restarting...
voice: stopped
voice: started
2025-07-30 13:42:02 Voice Service not healthy. Restarting...
voice: stopped
voice: started
2025-07-30 13:45:01 Voice Service not healthy. Restarting...
voice: stopped
voice: started
2025-07-30 13:48:02 Voice Service not healthy. Restarting...
voice: stopped
voice: started
2025-07-30 13:51:01 Voice Service not healthy. Restarting...
voice: stopped
2025-07-30 13:54:01 Voice Service not healthy. Restarting...
Traceback (most recent call last):
  File "/home/voice-recognition/check_service.py", line 62, in <module>
    main()
  File "/home/voice-recognition/check_service.py", line 53, in main
    kill_matching_processes(target_cmd)
  File "/home/voice-recognition/check_service.py", line 37, in kill_matching_processes
    cmdline = ' '.join(proc.info['cmdline'])
TypeError: can only join an iterable
voice: ERROR (not running)
voice: started
2025-07-30 13:57:02 Voice Service not healthy. Restarting...
voice: stopped
voice: started
2025-07-30 14:00:02 Voice Service not healthy. Restarting...
voice: stopped
voice: started
2025-07-30 14:03:01 Voice Service not healthy. Restarting...
voice: stopped
voice: started
2025-07-30 14:06:02 Voice Service not healthy. Restarting...
voice: stopped
voice: started
2025-07-30 14:09:02 Voice Service not healthy. Restarting...
voice: stopped
voice: started
2025-07-30 14:12:01 Voice Service not healthy. Restarting...
voice: stopped
voice: started
2025-07-30 14:15:02 Voice Service not healthy. Restarting...
voice: stopped
voice: started
2025-07-30 14:18:01 Voice Service not healthy. Restarting...
voice: stopped
voice: started
2025-07-30 14:21:02 Voice Service not healthy. Restarting...
voice: stopped
voice: started
2025-07-30 14:24:02 Voice Service not healthy. Restarting...
voice: stopped
voice: started
2025-07-30 14:27:02 Voice Service not healthy. Restarting...
voice: stopped
voice: started
2025-07-30 14:30:02 Voice Service not healthy. Restarting...
voice: stopped
voice: started
2025-07-30 14:33:02 Voice Service not healthy. Restarting...
voice: stopped
voice: started
2025-07-30 14:36:02 Voice Service not healthy. Restarting...
voice: stopped
voice: started
2025-07-30 14:39:01 Voice Service not healthy. Restarting...
voice: stopped
voice: started
2025-07-30 14:42:02 Voice Service not healthy. Restarting...
voice: stopped
voice: started
2025-07-30 14:45:02 Voice Service not healthy. Restarting...
voice: stopped
voice: started
2025-07-30 14:48:02 Voice Service not healthy. Restarting...
voice: stopped
voice: started
2025-07-30 14:51:01 Voice Service not healthy. Restarting...
voice: stopped
voice: started
2025-07-30 14:54:02 Voice Service not healthy. Restarting...
voice: stopped
voice: started
2025-07-30 14:57:01 Voice Service not healthy. Restarting...
voice: stopped
voice: started
2025-07-30 15:00:01 Voice Service not healthy. Restarting...
voice: stopped
voice: started
2025-07-30 15:03:02 Voice Service not healthy. Restarting...
voice: stopped
voice: started
2025-07-30 15:06:01 Voice Service not healthy. Restarting...
voice: stopped
voice: started
2025-07-30 15:09:02 Voice Service not healthy. Restarting...
voice: stopped
voice: started
2025-07-30 15:12:02 Voice Service not healthy. Restarting...
voice: stopped
voice: started
2025-07-30 15:15:01 Voice Service not healthy. Restarting...
voice: stopped
2025-07-30 15:18:02 Voice Service not healthy. Restarting...
Traceback (most recent call last):
  File "/home/voice-recognition/check_service.py", line 62, in <module>
    main()
  File "/home/voice-recognition/check_service.py", line 53, in main
    kill_matching_processes(target_cmd)
  File "/home/voice-recognition/check_service.py", line 37, in kill_matching_processes
    cmdline = ' '.join(proc.info['cmdline'])
TypeError: can only join an iterable
voice: ERROR (not running)
voice: started
2025-07-30 15:21:01 Voice Service not healthy. Restarting...
voice: stopped
2025-07-30 15:24:02 Voice Service not healthy. Restarting...
Traceback (most recent call last):
  File "/home/voice-recognition/check_service.py", line 62, in <module>
    main()
  File "/home/voice-recognition/check_service.py", line 53, in main
    kill_matching_processes(target_cmd)
  File "/home/voice-recognition/check_service.py", line 37, in kill_matching_processes
    cmdline = ' '.join(proc.info['cmdline'])
TypeError: can only join an iterable
voice: ERROR (not running)
voice: started
2025-07-30 15:27:01 Voice Service not healthy. Restarting...
voice: stopped
voice: started
2025-07-30 15:30:01 Voice Service not healthy. Restarting...
voice: stopped
voice: started
2025-07-30 15:33:02 Voice Service not healthy. Restarting...
voice: stopped
2025-07-30 15:36:01 Voice Service not healthy. Restarting...
Traceback (most recent call last):
  File "/home/voice-recognition/check_service.py", line 62, in <module>
    main()
  File "/home/voice-recognition/check_service.py", line 53, in main
    kill_matching_processes(target_cmd)
  File "/home/voice-recognition/check_service.py", line 37, in kill_matching_processes
    cmdline = ' '.join(proc.info['cmdline'])
TypeError: can only join an iterable
voice: ERROR (not running)
voice: started
2025-07-30 15:39:02 Voice Service not healthy. Restarting...
voice: stopped
voice: started
2025-07-30 15:42:01 Voice Service not healthy. Restarting...
voice: stopped
voice: started
2025-07-30 15:45:02 Voice Service not healthy. Restarting...
voice: stopped
voice: started
2025-07-30 15:48:02 Voice Service not healthy. Restarting...
voice: stopped
voice: started
2025-07-30 15:51:01 Voice Service not healthy. Restarting...
voice: stopped
voice: started
2025-07-30 15:54:02 Voice Service not healthy. Restarting...
voice: stopped
voice: started
2025-07-30 15:57:01 Voice Service not healthy. Restarting...
voice: stopped
voice: started
2025-07-30 16:00:02 Voice Service not healthy. Restarting...
voice: stopped
voice: started
2025-07-30 16:03:01 Voice Service not healthy. Restarting...
voice: stopped
voice: started
2025-07-30 16:06:02 Voice Service not healthy. Restarting...
voice: stopped
voice: started
2025-07-30 16:09:02 Voice Service not healthy. Restarting...
voice: stopped
voice: started
2025-07-30 16:12:02 Voice Service not healthy. Restarting...
voice: stopped
voice: started
2025-07-30 16:15:02 Voice Service not healthy. Restarting...
voice: stopped
voice: started
2025-07-30 16:18:01 Voice Service not healthy. Restarting...
voice: stopped
voice: started
2025-07-30 16:21:02 Voice Service not healthy. Restarting...
voice: stopped
voice: started
2025-07-30 16:24:02 Voice Service not healthy. Restarting...
voice: stopped
voice: started
2025-07-30 16:27:01 Voice Service not healthy. Restarting...
voice: stopped
voice: started
2025-07-30 16:30:01 Voice Service not healthy. Restarting...
voice: stopped
voice: started
2025-07-30 16:33:01 Voice Service not healthy. Restarting...
voice: stopped
voice: started
2025-07-30 16:36:01 Voice Service not healthy. Restarting...
voice: stopped
voice: started
2025-07-30 16:39:01 Voice Service not healthy. Restarting...
voice: stopped
voice: started
2025-07-30 16:42:01 Voice Service not healthy. Restarting...
voice: stopped
voice: started
2025-07-30 16:45:01 Voice Service not healthy. Restarting...
voice: stopped
voice: started
2025-07-30 16:48:02 Voice Service not healthy. Restarting...
voice: stopped
voice: started
2025-07-30 16:51:02 Voice Service not healthy. Restarting...
voice: stopped
voice: started
2025-07-30 16:54:02 Voice Service not healthy. Restarting...
voice: stopped
voice: started
2025-07-30 17:00:02 Voice Service not healthy. Restarting...
voice: stopped
voice: started
2025-07-30 17:05:02 Voice Service not healthy. Restarting...
voice: stopped
voice: started
2025-07-30 17:10:02 Voice Service not healthy. Restarting...
voice: stopped
voice: started
2025-07-30 17:15:01 Voice Service not healthy. Restarting...
voice: stopped
voice: started
2025-07-30 17:20:01 Voice Service not healthy. Restarting...
2025-07-30 17:25:02 Voice Service is healthy. Nothing to do.
2025-07-30 17:30:02 Voice Service is healthy. Nothing to do.
2025-07-30 17:35:02 Voice Service is healthy. Nothing to do.
2025-07-30 17:40:01 Voice Service is healthy. Nothing to do.
2025-07-30 17:45:01 Voice Service is healthy. Nothing to do.
2025-07-30 17:50:01 Voice Service is healthy. Nothing to do.
2025-07-30 17:55:02 Voice Service is healthy. Nothing to do.
2025-07-30 18:00:02 Voice Service is healthy. Nothing to do.
2025-07-30 18:05:02 Voice Service is healthy. Nothing to do.
2025-07-30 18:10:01 Voice Service is healthy. Nothing to do.
2025-07-30 18:15:01 Voice Service is healthy. Nothing to do.
2025-07-30 18:20:01 Voice Service is healthy. Nothing to do.
2025-07-30 18:25:01 Voice Service is healthy. Nothing to do.
2025-07-30 18:30:01 Voice Service is healthy. Nothing to do.
2025-07-30 18:35:02 Voice Service is healthy. Nothing to do.
2025-07-30 18:40:01 Voice Service is healthy. Nothing to do.
2025-07-30 18:45:02 Voice Service is healthy. Nothing to do.
2025-07-30 18:50:01 Voice Service is healthy. Nothing to do.
2025-07-30 18:55:02 Voice Service is healthy. Nothing to do.
2025-07-30 19:00:02 Voice Service is healthy. Nothing to do.
2025-07-30 19:05:02 Voice Service is healthy. Nothing to do.
2025-07-30 19:10:01 Voice Service is healthy. Nothing to do.
2025-07-30 19:15:01 Voice Service is healthy. Nothing to do.
2025-07-30 19:20:01 Voice Service is healthy. Nothing to do.
2025-07-30 19:25:02 Voice Service is healthy. Nothing to do.
2025-07-30 19:30:02 Voice Service is healthy. Nothing to do.
2025-07-30 19:35:02 Voice Service is healthy. Nothing to do.
2025-07-30 19:40:02 Voice Service is healthy. Nothing to do.
2025-07-30 19:45:02 Voice Service is healthy. Nothing to do.
2025-07-30 19:50:02 Voice Service is healthy. Nothing to do.
2025-07-30 19:55:01 Voice Service is healthy. Nothing to do.
2025-07-30 20:00:01 Voice Service is healthy. Nothing to do.
2025-07-30 20:05:01 Voice Service is healthy. Nothing to do.
2025-07-30 20:10:02 Voice Service is healthy. Nothing to do.
2025-07-30 20:15:02 Voice Service is healthy. Nothing to do.
2025-07-30 20:20:02 Voice Service is healthy. Nothing to do.
2025-07-30 20:25:01 Voice Service is healthy. Nothing to do.
2025-07-30 20:30:01 Voice Service is healthy. Nothing to do.
2025-07-30 20:35:01 Voice Service is healthy. Nothing to do.
2025-07-30 20:40:02 Voice Service is healthy. Nothing to do.
2025-07-30 20:45:02 Voice Service is healthy. Nothing to do.
2025-07-30 20:50:02 Voice Service is healthy. Nothing to do.
2025-07-30 20:55:01 Voice Service is healthy. Nothing to do.
2025-07-30 21:00:02 Voice Service is healthy. Nothing to do.
2025-07-30 21:05:01 Voice Service is healthy. Nothing to do.
2025-07-30 21:10:02 Voice Service is healthy. Nothing to do.
2025-07-30 21:15:02 Voice Service is healthy. Nothing to do.
2025-07-30 21:20:02 Voice Service is healthy. Nothing to do.
2025-07-30 21:25:01 Voice Service is healthy. Nothing to do.
2025-07-30 21:30:01 Voice Service is healthy. Nothing to do.
2025-07-30 21:35:02 Voice Service is healthy. Nothing to do.
2025-07-30 21:40:01 Voice Service is healthy. Nothing to do.
2025-07-30 21:45:01 Voice Service is healthy. Nothing to do.
2025-07-30 21:50:01 Voice Service is healthy. Nothing to do.
2025-07-30 21:55:02 Voice Service is healthy. Nothing to do.
2025-07-30 22:00:01 Voice Service is healthy. Nothing to do.
2025-07-30 22:05:01 Voice Service is healthy. Nothing to do.
2025-07-30 22:10:01 Voice Service is healthy. Nothing to do.
2025-07-30 22:15:01 Voice Service is healthy. Nothing to do.
2025-07-30 22:20:01 Voice Service is healthy. Nothing to do.
2025-07-30 22:25:02 Voice Service is healthy. Nothing to do.
2025-07-30 22:30:02 Voice Service is healthy. Nothing to do.
2025-07-30 22:35:02 Voice Service is healthy. Nothing to do.
2025-07-30 22:40:02 Voice Service is healthy. Nothing to do.
2025-07-30 22:45:02 Voice Service is healthy. Nothing to do.
2025-07-30 22:50:02 Voice Service is healthy. Nothing to do.
2025-07-30 22:55:01 Voice Service is healthy. Nothing to do.
2025-07-30 23:00:01 Voice Service is healthy. Nothing to do.
2025-07-30 23:05:01 Voice Service is healthy. Nothing to do.
2025-07-30 23:10:01 Voice Service is healthy. Nothing to do.
2025-07-30 23:15:02 Voice Service is healthy. Nothing to do.
2025-07-30 23:20:01 Voice Service is healthy. Nothing to do.
2025-07-30 23:25:01 Voice Service is healthy. Nothing to do.
2025-07-30 23:30:02 Voice Service is healthy. Nothing to do.
2025-07-30 23:35:02 Voice Service is healthy. Nothing to do.
2025-07-30 23:40:02 Voice Service is healthy. Nothing to do.
2025-07-30 23:45:02 Voice Service is healthy. Nothing to do.
2025-07-30 23:50:01 Voice Service is healthy. Nothing to do.
2025-07-30 23:55:01 Voice Service is healthy. Nothing to do.
