voice: stopped
voice: started
2025-07-12 00:00:02 Voice Service not healthy. Restarting...
2025-07-12 00:05:01 Voice Service is healthy. Nothing to do.
voice: stopped
2025-07-12 00:10:01 Voice Service not healthy. Restarting...
Traceback (most recent call last):
  File "/home/voice-recognition/check_service.py", line 62, in <module>
    main()
  File "/home/voice-recognition/check_service.py", line 53, in main
    kill_matching_processes(target_cmd)
  File "/home/voice-recognition/check_service.py", line 37, in kill_matching_processes
    cmdline = ' '.join(proc.info['cmdline'])
TypeError: can only join an iterable
voice: ERROR (not running)
voice: started
2025-07-12 00:15:02 Voice Service not healthy. Restarting...
voice: stopped
voice: started
2025-07-12 00:20:02 Voice Service not healthy. Restarting...
voice: stopped
voice: started
2025-07-12 00:25:01 Voice Service not healthy. Restarting...
voice: stopped
voice: started
2025-07-12 00:30:01 Voice Service not healthy. Restarting...
voice: stopped
voice: started
2025-07-12 00:35:02 Voice Service not healthy. Restarting...
voice: stopped
voice: started
2025-07-12 00:40:02 Voice Service not healthy. Restarting...
voice: stopped
voice: started
2025-07-12 00:45:02 Voice Service not healthy. Restarting...
voice: stopped
voice: started
2025-07-12 00:50:01 Voice Service not healthy. Restarting...
voice: stopped
voice: started
2025-07-12 00:55:01 Voice Service not healthy. Restarting...
voice: stopped
voice: started
2025-07-12 01:00:02 Voice Service not healthy. Restarting...
voice: stopped
voice: started
2025-07-12 01:05:02 Voice Service not healthy. Restarting...
voice: stopped
2025-07-12 01:10:02 Voice Service not healthy. Restarting...
Traceback (most recent call last):
  File "/home/voice-recognition/check_service.py", line 62, in <module>
    main()
  File "/home/voice-recognition/check_service.py", line 53, in main
    kill_matching_processes(target_cmd)
  File "/home/voice-recognition/check_service.py", line 37, in kill_matching_processes
    cmdline = ' '.join(proc.info['cmdline'])
TypeError: can only join an iterable
voice: ERROR (not running)
voice: started
2025-07-12 01:15:02 Voice Service not healthy. Restarting...
voice: stopped
voice: started
2025-07-12 01:20:02 Voice Service not healthy. Restarting...
voice: stopped
voice: started
2025-07-12 01:25:02 Voice Service not healthy. Restarting...
voice: stopped
voice: started
2025-07-12 01:30:01 Voice Service not healthy. Restarting...
voice: stopped
voice: started
2025-07-12 01:35:02 Voice Service not healthy. Restarting...
voice: stopped
voice: started
2025-07-12 01:40:02 Voice Service not healthy. Restarting...
2025-07-12 01:45:02 Voice Service is healthy. Nothing to do.
voice: stopped
voice: started
2025-07-12 01:50:01 Voice Service not healthy. Restarting...
voice: stopped
voice: started
2025-07-12 01:55:01 Voice Service not healthy. Restarting...
voice: stopped
voice: started
2025-07-12 02:00:02 Voice Service not healthy. Restarting...
voice: stopped
voice: started
2025-07-12 02:05:02 Voice Service not healthy. Restarting...
voice: stopped
voice: started
2025-07-12 02:10:02 Voice Service not healthy. Restarting...
voice: stopped
voice: started
2025-07-12 02:15:01 Voice Service not healthy. Restarting...
voice: stopped
voice: started
2025-07-12 02:20:02 Voice Service not healthy. Restarting...
2025-07-12 02:25:02 Voice Service is healthy. Nothing to do.
voice: stopped
voice: started
2025-07-12 02:30:01 Voice Service not healthy. Restarting...
voice: stopped
voice: started
2025-07-12 02:35:02 Voice Service not healthy. Restarting...
voice: stopped
voice: started
2025-07-12 02:40:02 Voice Service not healthy. Restarting...
voice: stopped
2025-07-12 02:45:01 Voice Service not healthy. Restarting...
Traceback (most recent call last):
  File "/home/voice-recognition/check_service.py", line 62, in <module>
    main()
  File "/home/voice-recognition/check_service.py", line 53, in main
    kill_matching_processes(target_cmd)
  File "/home/voice-recognition/check_service.py", line 37, in kill_matching_processes
    cmdline = ' '.join(proc.info['cmdline'])
TypeError: can only join an iterable
voice: ERROR (not running)
2025-07-12 02:50:02 Voice Service not healthy. Restarting...
Traceback (most recent call last):
  File "/home/voice-recognition/check_service.py", line 62, in <module>
    main()
  File "/home/voice-recognition/check_service.py", line 53, in main
    kill_matching_processes(target_cmd)
  File "/home/voice-recognition/check_service.py", line 37, in kill_matching_processes
    cmdline = ' '.join(proc.info['cmdline'])
TypeError: can only join an iterable
voice: ERROR (not running)
voice: started
2025-07-12 02:55:02 Voice Service not healthy. Restarting...
voice: stopped
voice: started
2025-07-12 03:00:02 Voice Service not healthy. Restarting...
voice: stopped
voice: started
2025-07-12 03:05:02 Voice Service not healthy. Restarting...
2025-07-12 03:10:02 Voice Service is healthy. Nothing to do.
voice: stopped
voice: started
2025-07-12 03:15:01 Voice Service not healthy. Restarting...
voice: stopped
voice: started
2025-07-12 03:20:01 Voice Service not healthy. Restarting...
voice: stopped
voice: started
2025-07-12 03:25:02 Voice Service not healthy. Restarting...
voice: stopped
voice: started
2025-07-12 03:30:01 Voice Service not healthy. Restarting...
voice: stopped
voice: started
2025-07-12 03:35:02 Voice Service not healthy. Restarting...
voice: stopped
voice: started
2025-07-12 03:40:02 Voice Service not healthy. Restarting...
voice: stopped
voice: started
2025-07-12 03:45:02 Voice Service not healthy. Restarting...
voice: stopped
2025-07-12 03:50:01 Voice Service not healthy. Restarting...
Traceback (most recent call last):
  File "/home/voice-recognition/check_service.py", line 62, in <module>
    main()
  File "/home/voice-recognition/check_service.py", line 53, in main
    kill_matching_processes(target_cmd)
  File "/home/voice-recognition/check_service.py", line 37, in kill_matching_processes
    cmdline = ' '.join(proc.info['cmdline'])
TypeError: can only join an iterable
voice: ERROR (not running)
voice: started
2025-07-12 03:55:02 Voice Service not healthy. Restarting...
voice: stopped
voice: started
2025-07-12 04:00:02 Voice Service not healthy. Restarting...
voice: stopped
voice: started
2025-07-12 04:05:01 Voice Service not healthy. Restarting...
voice: stopped
voice: started
2025-07-12 04:10:02 Voice Service not healthy. Restarting...
voice: stopped
voice: started
2025-07-12 04:15:02 Voice Service not healthy. Restarting...
voice: stopped
voice: started
2025-07-12 04:20:02 Voice Service not healthy. Restarting...
voice: stopped
voice: started
2025-07-12 04:25:02 Voice Service not healthy. Restarting...
voice: stopped
voice: started
2025-07-12 04:30:02 Voice Service not healthy. Restarting...
voice: stopped
voice: started
2025-07-12 04:35:01 Voice Service not healthy. Restarting...
voice: stopped
voice: started
2025-07-12 04:40:01 Voice Service not healthy. Restarting...
voice: stopped
voice: started
2025-07-12 04:45:01 Voice Service not healthy. Restarting...
voice: stopped
voice: started
2025-07-12 04:50:02 Voice Service not healthy. Restarting...
voice: stopped
voice: started
2025-07-12 04:55:02 Voice Service not healthy. Restarting...
voice: stopped
voice: started
2025-07-12 05:00:01 Voice Service not healthy. Restarting...
voice: stopped
voice: started
2025-07-12 05:05:02 Voice Service not healthy. Restarting...
voice: stopped
voice: started
2025-07-12 05:10:02 Voice Service not healthy. Restarting...
voice: stopped
voice: started
2025-07-12 05:15:01 Voice Service not healthy. Restarting...
voice: stopped
voice: started
2025-07-12 05:20:02 Voice Service not healthy. Restarting...
voice: stopped
voice: started
2025-07-12 05:25:02 Voice Service not healthy. Restarting...
voice: stopped
voice: started
2025-07-12 05:30:02 Voice Service not healthy. Restarting...
voice: stopped
voice: started
2025-07-12 05:35:01 Voice Service not healthy. Restarting...
voice: stopped
voice: started
2025-07-12 05:40:02 Voice Service not healthy. Restarting...
voice: stopped
2025-07-12 05:45:02 Voice Service not healthy. Restarting...
Traceback (most recent call last):
  File "/home/voice-recognition/check_service.py", line 62, in <module>
    main()
  File "/home/voice-recognition/check_service.py", line 53, in main
    kill_matching_processes(target_cmd)
  File "/home/voice-recognition/check_service.py", line 37, in kill_matching_processes
    cmdline = ' '.join(proc.info['cmdline'])
TypeError: can only join an iterable
voice: ERROR (not running)
voice: started
2025-07-12 05:50:01 Voice Service not healthy. Restarting...
voice: stopped
voice: started
2025-07-12 05:55:02 Voice Service not healthy. Restarting...
voice: stopped
voice: started
2025-07-12 06:00:02 Voice Service not healthy. Restarting...
voice: stopped
voice: started
2025-07-12 06:05:02 Voice Service not healthy. Restarting...
voice: stopped
voice: started
2025-07-12 06:10:01 Voice Service not healthy. Restarting...
voice: stopped
voice: started
2025-07-12 06:15:02 Voice Service not healthy. Restarting...
voice: stopped
voice: started
2025-07-12 06:20:02 Voice Service not healthy. Restarting...
voice: stopped
voice: started
2025-07-12 06:25:02 Voice Service not healthy. Restarting...
voice: stopped
voice: started
2025-07-12 06:30:01 Voice Service not healthy. Restarting...
voice: stopped
voice: started
2025-07-12 06:35:01 Voice Service not healthy. Restarting...
voice: stopped
voice: started
2025-07-12 06:40:02 Voice Service not healthy. Restarting...
voice: stopped
voice: started
2025-07-12 06:45:02 Voice Service not healthy. Restarting...
voice: stopped
voice: started
2025-07-12 06:50:02 Voice Service not healthy. Restarting...
voice: stopped
voice: started
2025-07-12 06:55:02 Voice Service not healthy. Restarting...
voice: stopped
voice: started
2025-07-12 07:00:01 Voice Service not healthy. Restarting...
voice: stopped
voice: started
2025-07-12 07:05:02 Voice Service not healthy. Restarting...
voice: stopped
voice: started
2025-07-12 07:10:02 Voice Service not healthy. Restarting...
voice: stopped
voice: started
2025-07-12 07:15:02 Voice Service not healthy. Restarting...
voice: stopped
voice: started
2025-07-12 07:20:02 Voice Service not healthy. Restarting...
voice: stopped
voice: started
2025-07-12 07:25:02 Voice Service not healthy. Restarting...
voice: stopped
voice: started
2025-07-12 07:30:01 Voice Service not healthy. Restarting...
voice: stopped
voice: started
2025-07-12 07:35:02 Voice Service not healthy. Restarting...
voice: stopped
voice: started
2025-07-12 07:40:02 Voice Service not healthy. Restarting...
voice: stopped
voice: started
2025-07-12 07:45:02 Voice Service not healthy. Restarting...
voice: stopped
voice: started
2025-07-12 07:50:01 Voice Service not healthy. Restarting...
voice: stopped
voice: started
2025-07-12 07:55:01 Voice Service not healthy. Restarting...
voice: stopped
voice: started
2025-07-12 08:00:02 Voice Service not healthy. Restarting...
voice: stopped
voice: started
2025-07-12 08:05:01 Voice Service not healthy. Restarting...
voice: stopped
voice: started
2025-07-12 08:10:01 Voice Service not healthy. Restarting...
voice: stopped
voice: started
2025-07-12 08:15:02 Voice Service not healthy. Restarting...
voice: stopped
voice: started
2025-07-12 08:20:02 Voice Service not healthy. Restarting...
voice: stopped
voice: started
2025-07-12 08:25:01 Voice Service not healthy. Restarting...
voice: stopped
voice: started
2025-07-12 08:30:02 Voice Service not healthy. Restarting...
voice: stopped
voice: started
2025-07-12 08:35:02 Voice Service not healthy. Restarting...
voice: stopped
voice: started
2025-07-12 08:40:02 Voice Service not healthy. Restarting...
voice: stopped
voice: started
2025-07-12 08:45:02 Voice Service not healthy. Restarting...
voice: stopped
voice: started
2025-07-12 08:50:02 Voice Service not healthy. Restarting...
voice: stopped
voice: started
2025-07-12 08:55:01 Voice Service not healthy. Restarting...
voice: stopped
voice: started
2025-07-12 09:00:02 Voice Service not healthy. Restarting...
voice: stopped
voice: started
2025-07-12 09:05:01 Voice Service not healthy. Restarting...
voice: stopped
voice: started
2025-07-12 09:10:02 Voice Service not healthy. Restarting...
voice: stopped
voice: started
2025-07-12 09:15:01 Voice Service not healthy. Restarting...
voice: stopped
voice: started
2025-07-12 09:20:02 Voice Service not healthy. Restarting...
voice: stopped
voice: started
2025-07-12 09:25:02 Voice Service not healthy. Restarting...
voice: stopped
voice: started
2025-07-12 09:30:02 Voice Service not healthy. Restarting...
voice: stopped
voice: started
2025-07-12 09:35:01 Voice Service not healthy. Restarting...
voice: stopped
voice: started
2025-07-12 09:40:01 Voice Service not healthy. Restarting...
voice: stopped
voice: started
2025-07-12 09:45:02 Voice Service not healthy. Restarting...
voice: stopped
voice: started
2025-07-12 09:50:01 Voice Service not healthy. Restarting...
voice: stopped
voice: started
2025-07-12 09:55:01 Voice Service not healthy. Restarting...
voice: stopped
voice: started
2025-07-12 10:00:02 Voice Service not healthy. Restarting...
voice: stopped
voice: started
2025-07-12 10:05:02 Voice Service not healthy. Restarting...
voice: stopped
voice: started
2025-07-12 10:10:02 Voice Service not healthy. Restarting...
voice: stopped
voice: started
2025-07-12 10:15:01 Voice Service not healthy. Restarting...
voice: stopped
voice: started
2025-07-12 10:20:02 Voice Service not healthy. Restarting...
voice: stopped
voice: started
2025-07-12 10:25:02 Voice Service not healthy. Restarting...
voice: stopped
voice: started
2025-07-12 10:30:02 Voice Service not healthy. Restarting...
voice: stopped
voice: started
2025-07-12 10:35:01 Voice Service not healthy. Restarting...
voice: stopped
voice: started
2025-07-12 10:40:01 Voice Service not healthy. Restarting...
voice: stopped
voice: started
2025-07-12 10:45:02 Voice Service not healthy. Restarting...
voice: stopped
voice: started
2025-07-12 10:50:02 Voice Service not healthy. Restarting...
voice: stopped
voice: started
2025-07-12 10:55:01 Voice Service not healthy. Restarting...
voice: stopped
voice: started
2025-07-12 11:00:02 Voice Service not healthy. Restarting...
voice: stopped
voice: started
2025-07-12 11:05:02 Voice Service not healthy. Restarting...
voice: stopped
voice: started
2025-07-12 11:10:02 Voice Service not healthy. Restarting...
voice: stopped
voice: started
2025-07-12 11:15:02 Voice Service not healthy. Restarting...
voice: stopped
voice: started
2025-07-12 11:20:02 Voice Service not healthy. Restarting...
voice: stopped
voice: started
2025-07-12 11:25:01 Voice Service not healthy. Restarting...
voice: stopped
voice: started
2025-07-12 11:30:02 Voice Service not healthy. Restarting...
voice: stopped
voice: started
2025-07-12 11:35:02 Voice Service not healthy. Restarting...
voice: stopped
voice: started
2025-07-12 11:40:02 Voice Service not healthy. Restarting...
voice: stopped
voice: started
2025-07-12 11:45:01 Voice Service not healthy. Restarting...
voice: stopped
voice: started
2025-07-12 11:50:01 Voice Service not healthy. Restarting...
voice: stopped
voice: started
2025-07-12 11:55:02 Voice Service not healthy. Restarting...
voice: stopped
voice: started
2025-07-12 12:00:02 Voice Service not healthy. Restarting...
voice: stopped
voice: started
2025-07-12 12:05:01 Voice Service not healthy. Restarting...
voice: stopped
voice: started
2025-07-12 12:10:02 Voice Service not healthy. Restarting...
voice: stopped
voice: started
2025-07-12 12:15:02 Voice Service not healthy. Restarting...
voice: stopped
voice: started
2025-07-12 12:20:01 Voice Service not healthy. Restarting...
voice: stopped
voice: started
2025-07-12 12:25:02 Voice Service not healthy. Restarting...
voice: stopped
2025-07-12 12:30:02 Voice Service not healthy. Restarting...
Traceback (most recent call last):
  File "/home/voice-recognition/check_service.py", line 62, in <module>
    main()
  File "/home/voice-recognition/check_service.py", line 53, in main
    kill_matching_processes(target_cmd)
  File "/home/voice-recognition/check_service.py", line 37, in kill_matching_processes
    cmdline = ' '.join(proc.info['cmdline'])
TypeError: can only join an iterable
voice: ERROR (not running)
voice: started
2025-07-12 12:35:01 Voice Service not healthy. Restarting...
voice: stopped
voice: started
2025-07-12 12:40:02 Voice Service not healthy. Restarting...
voice: stopped
voice: started
2025-07-12 12:45:02 Voice Service not healthy. Restarting...
voice: stopped
voice: started
2025-07-12 12:50:01 Voice Service not healthy. Restarting...
voice: stopped
voice: started
2025-07-12 12:55:02 Voice Service not healthy. Restarting...
voice: stopped
voice: started
2025-07-12 13:00:01 Voice Service not healthy. Restarting...
voice: stopped
voice: started
2025-07-12 13:05:07 Voice Service not healthy. Restarting...
voice: stopped
voice: started
2025-07-12 13:10:02 Voice Service not healthy. Restarting...
voice: stopped
voice: started
2025-07-12 13:15:02 Voice Service not healthy. Restarting...
voice: stopped
voice: started
2025-07-12 13:20:01 Voice Service not healthy. Restarting...
voice: stopped
voice: started
2025-07-12 13:25:01 Voice Service not healthy. Restarting...
voice: stopped
voice: started
2025-07-12 13:30:02 Voice Service not healthy. Restarting...
voice: stopped
voice: started
2025-07-12 13:35:02 Voice Service not healthy. Restarting...
voice: stopped
voice: started
2025-07-12 13:40:02 Voice Service not healthy. Restarting...
voice: stopped
voice: started
2025-07-12 13:45:01 Voice Service not healthy. Restarting...
voice: stopped
voice: started
2025-07-12 13:50:02 Voice Service not healthy. Restarting...
voice: stopped
voice: started
2025-07-12 13:55:02 Voice Service not healthy. Restarting...
voice: stopped
voice: started
2025-07-12 14:00:01 Voice Service not healthy. Restarting...
voice: stopped
voice: started
2025-07-12 14:05:02 Voice Service not healthy. Restarting...
voice: stopped
voice: started
2025-07-12 14:10:02 Voice Service not healthy. Restarting...
voice: stopped
voice: started
2025-07-12 14:15:01 Voice Service not healthy. Restarting...
voice: stopped
voice: started
2025-07-12 14:20:02 Voice Service not healthy. Restarting...
voice: stopped
voice: started
2025-07-12 14:25:02 Voice Service not healthy. Restarting...
voice: stopped
voice: started
2025-07-12 14:30:01 Voice Service not healthy. Restarting...
voice: stopped
voice: started
2025-07-12 14:35:02 Voice Service not healthy. Restarting...
voice: stopped
voice: started
2025-07-12 14:40:02 Voice Service not healthy. Restarting...
voice: stopped
voice: started
2025-07-12 14:45:01 Voice Service not healthy. Restarting...
voice: stopped
voice: started
2025-07-12 14:50:01 Voice Service not healthy. Restarting...
voice: stopped
voice: started
2025-07-12 14:55:02 Voice Service not healthy. Restarting...
voice: stopped
voice: started
2025-07-12 15:00:01 Voice Service not healthy. Restarting...
voice: stopped
voice: started
2025-07-12 15:05:02 Voice Service not healthy. Restarting...
voice: stopped
voice: started
2025-07-12 15:10:02 Voice Service not healthy. Restarting...
voice: stopped
voice: started
2025-07-12 15:15:01 Voice Service not healthy. Restarting...
voice: stopped
voice: started
2025-07-12 15:20:01 Voice Service not healthy. Restarting...
voice: stopped
voice: started
2025-07-12 15:25:02 Voice Service not healthy. Restarting...
voice: stopped
voice: started
2025-07-12 15:30:02 Voice Service not healthy. Restarting...
voice: stopped
voice: started
2025-07-12 15:35:01 Voice Service not healthy. Restarting...
voice: stopped
voice: started
2025-07-12 15:40:02 Voice Service not healthy. Restarting...
voice: stopped
voice: started
2025-07-12 15:45:02 Voice Service not healthy. Restarting...
voice: stopped
voice: started
2025-07-12 15:50:02 Voice Service not healthy. Restarting...
voice: stopped
voice: started
2025-07-12 15:55:01 Voice Service not healthy. Restarting...
voice: stopped
2025-07-12 16:00:01 Voice Service not healthy. Restarting...
Traceback (most recent call last):
  File "/home/voice-recognition/check_service.py", line 62, in <module>
    main()
  File "/home/voice-recognition/check_service.py", line 53, in main
    kill_matching_processes(target_cmd)
  File "/home/voice-recognition/check_service.py", line 37, in kill_matching_processes
    cmdline = ' '.join(proc.info['cmdline'])
TypeError: can only join an iterable
voice: ERROR (not running)
voice: started
2025-07-12 16:05:02 Voice Service not healthy. Restarting...
voice: stopped
voice: started
2025-07-12 16:10:01 Voice Service not healthy. Restarting...
voice: stopped
voice: started
2025-07-12 16:15:01 Voice Service not healthy. Restarting...
voice: stopped
voice: started
2025-07-12 16:20:02 Voice Service not healthy. Restarting...
voice: stopped
voice: started
2025-07-12 16:25:02 Voice Service not healthy. Restarting...
voice: stopped
voice: started
2025-07-12 16:30:02 Voice Service not healthy. Restarting...
voice: stopped
voice: started
2025-07-12 16:35:02 Voice Service not healthy. Restarting...
voice: stopped
voice: started
2025-07-12 16:40:01 Voice Service not healthy. Restarting...
voice: stopped
voice: started
2025-07-12 16:45:02 Voice Service not healthy. Restarting...
voice: stopped
voice: started
2025-07-12 16:50:02 Voice Service not healthy. Restarting...
voice: stopped
voice: started
2025-07-12 16:55:01 Voice Service not healthy. Restarting...
voice: stopped
voice: started
2025-07-12 17:00:02 Voice Service not healthy. Restarting...
voice: stopped
voice: started
2025-07-12 17:05:02 Voice Service not healthy. Restarting...
voice: stopped
voice: started
2025-07-12 17:10:01 Voice Service not healthy. Restarting...
voice: stopped
voice: started
2025-07-12 17:15:02 Voice Service not healthy. Restarting...
voice: stopped
voice: started
2025-07-12 17:20:02 Voice Service not healthy. Restarting...
voice: stopped
voice: started
2025-07-12 17:25:02 Voice Service not healthy. Restarting...
voice: stopped
voice: started
2025-07-12 17:30:02 Voice Service not healthy. Restarting...
voice: stopped
voice: started
2025-07-12 17:35:02 Voice Service not healthy. Restarting...
voice: stopped
voice: started
2025-07-12 17:40:02 Voice Service not healthy. Restarting...
voice: stopped
voice: started
2025-07-12 17:45:02 Voice Service not healthy. Restarting...
voice: stopped
voice: started
2025-07-12 17:50:01 Voice Service not healthy. Restarting...
voice: stopped
voice: started
2025-07-12 17:55:02 Voice Service not healthy. Restarting...
voice: stopped
voice: started
2025-07-12 18:00:02 Voice Service not healthy. Restarting...
voice: stopped
voice: started
2025-07-12 18:05:01 Voice Service not healthy. Restarting...
voice: stopped
voice: started
2025-07-12 18:10:02 Voice Service not healthy. Restarting...
voice: stopped
voice: started
2025-07-12 18:15:02 Voice Service not healthy. Restarting...
voice: stopped
voice: started
2025-07-12 18:20:01 Voice Service not healthy. Restarting...
voice: stopped
voice: started
2025-07-12 18:25:01 Voice Service not healthy. Restarting...
voice: stopped
voice: started
2025-07-12 18:30:02 Voice Service not healthy. Restarting...
voice: stopped
voice: started
2025-07-12 18:35:02 Voice Service not healthy. Restarting...
voice: stopped
voice: started
2025-07-12 18:40:02 Voice Service not healthy. Restarting...
voice: stopped
voice: started
2025-07-12 18:45:02 Voice Service not healthy. Restarting...
voice: stopped
voice: started
2025-07-12 18:50:01 Voice Service not healthy. Restarting...
voice: stopped
voice: started
2025-07-12 18:55:02 Voice Service not healthy. Restarting...
voice: stopped
voice: started
2025-07-12 19:00:01 Voice Service not healthy. Restarting...
voice: stopped
voice: started
2025-07-12 19:05:02 Voice Service not healthy. Restarting...
voice: stopped
voice: started
2025-07-12 19:10:02 Voice Service not healthy. Restarting...
voice: stopped
voice: started
2025-07-12 19:15:01 Voice Service not healthy. Restarting...
voice: stopped
voice: started
2025-07-12 19:20:02 Voice Service not healthy. Restarting...
voice: stopped
voice: started
2025-07-12 19:25:02 Voice Service not healthy. Restarting...
voice: stopped
voice: started
2025-07-12 19:30:02 Voice Service not healthy. Restarting...
voice: stopped
voice: started
2025-07-12 19:35:01 Voice Service not healthy. Restarting...
voice: stopped
voice: started
2025-07-12 19:40:02 Voice Service not healthy. Restarting...
voice: stopped
2025-07-12 19:45:01 Voice Service not healthy. Restarting...
Traceback (most recent call last):
  File "/home/voice-recognition/check_service.py", line 62, in <module>
    main()
  File "/home/voice-recognition/check_service.py", line 53, in main
    kill_matching_processes(target_cmd)
  File "/home/voice-recognition/check_service.py", line 37, in kill_matching_processes
    cmdline = ' '.join(proc.info['cmdline'])
TypeError: can only join an iterable
voice: ERROR (not running)
voice: started
2025-07-12 19:50:01 Voice Service not healthy. Restarting...
voice: stopped
voice: started
2025-07-12 19:55:02 Voice Service not healthy. Restarting...
voice: stopped
voice: started
2025-07-12 20:00:02 Voice Service not healthy. Restarting...
voice: stopped
voice: started
2025-07-12 20:05:01 Voice Service not healthy. Restarting...
voice: stopped
voice: started
2025-07-12 20:10:02 Voice Service not healthy. Restarting...
voice: stopped
voice: started
2025-07-12 20:15:02 Voice Service not healthy. Restarting...
voice: stopped
voice: started
2025-07-12 20:20:01 Voice Service not healthy. Restarting...
voice: stopped
voice: started
2025-07-12 20:25:02 Voice Service not healthy. Restarting...
voice: stopped
voice: started
2025-07-12 20:30:02 Voice Service not healthy. Restarting...
voice: stopped
voice: started
2025-07-12 20:35:01 Voice Service not healthy. Restarting...
voice: stopped
voice: started
2025-07-12 20:40:02 Voice Service not healthy. Restarting...
voice: stopped
voice: started
2025-07-12 20:45:02 Voice Service not healthy. Restarting...
voice: stopped
voice: started
2025-07-12 20:50:02 Voice Service not healthy. Restarting...
voice: stopped
voice: started
2025-07-12 20:55:01 Voice Service not healthy. Restarting...
voice: stopped
voice: started
2025-07-12 21:00:02 Voice Service not healthy. Restarting...
voice: stopped
voice: started
2025-07-12 21:05:01 Voice Service not healthy. Restarting...
voice: stopped
voice: started
2025-07-12 21:10:01 Voice Service not healthy. Restarting...
voice: stopped
voice: started
2025-07-12 21:15:02 Voice Service not healthy. Restarting...
voice: stopped
voice: started
2025-07-12 21:20:02 Voice Service not healthy. Restarting...
voice: stopped
voice: started
2025-07-12 21:25:01 Voice Service not healthy. Restarting...
voice: stopped
2025-07-12 21:30:02 Voice Service not healthy. Restarting...
Traceback (most recent call last):
  File "/home/voice-recognition/check_service.py", line 62, in <module>
    main()
  File "/home/voice-recognition/check_service.py", line 53, in main
    kill_matching_processes(target_cmd)
  File "/home/voice-recognition/check_service.py", line 37, in kill_matching_processes
    cmdline = ' '.join(proc.info['cmdline'])
TypeError: can only join an iterable
voice: ERROR (not running)
voice: started
2025-07-12 21:35:02 Voice Service not healthy. Restarting...
voice: stopped
voice: started
2025-07-12 21:40:02 Voice Service not healthy. Restarting...
voice: stopped
voice: started
2025-07-12 21:45:01 Voice Service not healthy. Restarting...
voice: stopped
2025-07-12 21:50:02 Voice Service not healthy. Restarting...
Traceback (most recent call last):
  File "/home/voice-recognition/check_service.py", line 62, in <module>
    main()
  File "/home/voice-recognition/check_service.py", line 53, in main
    kill_matching_processes(target_cmd)
  File "/home/voice-recognition/check_service.py", line 37, in kill_matching_processes
    cmdline = ' '.join(proc.info['cmdline'])
TypeError: can only join an iterable
voice: ERROR (not running)
voice: started
2025-07-12 21:55:01 Voice Service not healthy. Restarting...
voice: stopped
voice: started
2025-07-12 22:00:01 Voice Service not healthy. Restarting...
voice: stopped
voice: started
2025-07-12 22:05:02 Voice Service not healthy. Restarting...
voice: stopped
voice: started
2025-07-12 22:10:01 Voice Service not healthy. Restarting...
voice: stopped
voice: started
2025-07-12 22:15:02 Voice Service not healthy. Restarting...
voice: stopped
voice: started
2025-07-12 22:20:02 Voice Service not healthy. Restarting...
voice: stopped
voice: started
2025-07-12 22:25:01 Voice Service not healthy. Restarting...
voice: stopped
voice: started
2025-07-12 22:30:02 Voice Service not healthy. Restarting...
voice: stopped
voice: started
2025-07-12 22:35:02 Voice Service not healthy. Restarting...
voice: stopped
voice: started
2025-07-12 22:40:02 Voice Service not healthy. Restarting...
voice: stopped
voice: started
2025-07-12 22:45:01 Voice Service not healthy. Restarting...
voice: stopped
voice: started
2025-07-12 22:50:01 Voice Service not healthy. Restarting...
voice: stopped
voice: started
2025-07-12 22:55:02 Voice Service not healthy. Restarting...
voice: stopped
voice: started
2025-07-12 23:00:02 Voice Service not healthy. Restarting...
voice: stopped
voice: started
2025-07-12 23:05:02 Voice Service not healthy. Restarting...
voice: stopped
voice: started
2025-07-12 23:10:02 Voice Service not healthy. Restarting...
voice: stopped
voice: started
2025-07-12 23:15:01 Voice Service not healthy. Restarting...
voice: stopped
voice: started
2025-07-12 23:20:02 Voice Service not healthy. Restarting...
voice: stopped
voice: started
2025-07-12 23:25:02 Voice Service not healthy. Restarting...
voice: stopped
voice: started
2025-07-12 23:30:02 Voice Service not healthy. Restarting...
voice: stopped
voice: started
2025-07-12 23:35:01 Voice Service not healthy. Restarting...
voice: stopped
voice: started
2025-07-12 23:40:01 Voice Service not healthy. Restarting...
voice: stopped
voice: started
2025-07-12 23:45:02 Voice Service not healthy. Restarting...
voice: stopped
voice: started
2025-07-12 23:50:02 Voice Service not healthy. Restarting...
voice: stopped
voice: started
2025-07-12 23:55:02 Voice Service not healthy. Restarting...
