voice: stopped
voice: started
2025-07-16 00:00:02 Voice Service not healthy. Restarting...
voice: stopped
voice: started
2025-07-16 00:05:01 Voice Service not healthy. Restarting...
voice: stopped
voice: started
2025-07-16 00:10:02 Voice Service not healthy. Restarting...
voice: stopped
2025-07-16 00:15:02 Voice Service not healthy. Restarting...
Traceback (most recent call last):
  File "/home/voice-recognition/check_service.py", line 62, in <module>
    main()
  File "/home/voice-recognition/check_service.py", line 53, in main
    kill_matching_processes(target_cmd)
  File "/home/voice-recognition/check_service.py", line 37, in kill_matching_processes
    cmdline = ' '.join(proc.info['cmdline'])
TypeError: can only join an iterable
voice: ERROR (not running)
voice: started
2025-07-16 00:20:02 Voice Service not healthy. Restarting...
voice: stopped
voice: started
2025-07-16 00:25:01 Voice Service not healthy. Restarting...
voice: stopped
voice: started
2025-07-16 00:30:02 Voice Service not healthy. Restarting...
voice: stopped
voice: started
2025-07-16 00:35:02 Voice Service not healthy. Restarting...
voice: stopped
voice: started
2025-07-16 00:40:02 Voice Service not healthy. Restarting...
voice: stopped
voice: started
2025-07-16 00:45:02 Voice Service not healthy. Restarting...
voice: stopped
voice: started
2025-07-16 00:50:01 Voice Service not healthy. Restarting...
voice: stopped
voice: started
2025-07-16 00:55:02 Voice Service not healthy. Restarting...
voice: stopped
voice: started
2025-07-16 01:00:02 Voice Service not healthy. Restarting...
voice: stopped
voice: started
2025-07-16 01:05:01 Voice Service not healthy. Restarting...
voice: stopped
voice: started
2025-07-16 01:10:02 Voice Service not healthy. Restarting...
voice: stopped
voice: started
2025-07-16 01:15:02 Voice Service not healthy. Restarting...
voice: stopped
voice: started
2025-07-16 01:20:02 Voice Service not healthy. Restarting...
voice: stopped
voice: started
2025-07-16 01:25:02 Voice Service not healthy. Restarting...
voice: stopped
voice: started
2025-07-16 01:30:02 Voice Service not healthy. Restarting...
voice: stopped
voice: started
2025-07-16 01:35:02 Voice Service not healthy. Restarting...
voice: stopped
voice: started
2025-07-16 01:40:01 Voice Service not healthy. Restarting...
voice: stopped
voice: started
2025-07-16 01:45:02 Voice Service not healthy. Restarting...
voice: stopped
voice: started
2025-07-16 01:50:02 Voice Service not healthy. Restarting...
voice: stopped
voice: started
2025-07-16 01:55:02 Voice Service not healthy. Restarting...
voice: stopped
voice: started
2025-07-16 02:00:01 Voice Service not healthy. Restarting...
voice: stopped
voice: started
2025-07-16 02:05:02 Voice Service not healthy. Restarting...
voice: stopped
voice: started
2025-07-16 02:10:02 Voice Service not healthy. Restarting...
voice: stopped
voice: started
2025-07-16 02:15:01 Voice Service not healthy. Restarting...
voice: stopped
voice: started
2025-07-16 02:20:02 Voice Service not healthy. Restarting...
voice: stopped
voice: started
2025-07-16 02:25:02 Voice Service not healthy. Restarting...
voice: stopped
voice: started
2025-07-16 02:30:01 Voice Service not healthy. Restarting...
voice: stopped
voice: started
2025-07-16 02:35:02 Voice Service not healthy. Restarting...
voice: stopped
voice: started
2025-07-16 02:40:02 Voice Service not healthy. Restarting...
voice: stopped
voice: started
2025-07-16 02:45:01 Voice Service not healthy. Restarting...
voice: stopped
voice: started
2025-07-16 02:50:01 Voice Service not healthy. Restarting...
voice: stopped
voice: started
2025-07-16 02:55:02 Voice Service not healthy. Restarting...
voice: stopped
voice: started
2025-07-16 03:00:01 Voice Service not healthy. Restarting...
voice: stopped
voice: started
2025-07-16 03:05:02 Voice Service not healthy. Restarting...
voice: stopped
voice: started
2025-07-16 03:10:02 Voice Service not healthy. Restarting...
voice: stopped
voice: started
2025-07-16 03:15:01 Voice Service not healthy. Restarting...
voice: stopped
voice: started
2025-07-16 03:20:01 Voice Service not healthy. Restarting...
voice: stopped
voice: started
2025-07-16 03:25:02 Voice Service not healthy. Restarting...
voice: stopped
voice: started
2025-07-16 03:30:02 Voice Service not healthy. Restarting...
voice: stopped
voice: started
2025-07-16 03:35:02 Voice Service not healthy. Restarting...
voice: stopped
voice: started
2025-07-16 03:40:01 Voice Service not healthy. Restarting...
voice: stopped
voice: started
2025-07-16 03:45:01 Voice Service not healthy. Restarting...
voice: stopped
voice: started
2025-07-16 03:50:02 Voice Service not healthy. Restarting...
voice: stopped
voice: started
2025-07-16 03:55:02 Voice Service not healthy. Restarting...
voice: stopped
voice: started
2025-07-16 04:00:01 Voice Service not healthy. Restarting...
voice: stopped
voice: started
2025-07-16 04:05:02 Voice Service not healthy. Restarting...
voice: stopped
voice: started
2025-07-16 04:10:02 Voice Service not healthy. Restarting...
voice: stopped
voice: started
2025-07-16 04:15:02 Voice Service not healthy. Restarting...
voice: stopped
voice: started
2025-07-16 04:20:01 Voice Service not healthy. Restarting...
voice: stopped
voice: started
2025-07-16 04:25:01 Voice Service not healthy. Restarting...
voice: stopped
voice: started
2025-07-16 04:30:01 Voice Service not healthy. Restarting...
voice: stopped
voice: started
2025-07-16 04:35:07 Voice Service not healthy. Restarting...
voice: stopped
voice: started
2025-07-16 04:40:02 Voice Service not healthy. Restarting...
voice: stopped
voice: started
2025-07-16 04:45:01 Voice Service not healthy. Restarting...
voice: stopped
voice: started
2025-07-16 04:50:01 Voice Service not healthy. Restarting...
voice: stopped
voice: started
2025-07-16 04:55:02 Voice Service not healthy. Restarting...
voice: stopped
voice: started
2025-07-16 05:00:02 Voice Service not healthy. Restarting...
voice: stopped
voice: started
2025-07-16 05:05:01 Voice Service not healthy. Restarting...
voice: stopped
voice: started
2025-07-16 05:10:01 Voice Service not healthy. Restarting...
voice: stopped
voice: started
2025-07-16 05:15:02 Voice Service not healthy. Restarting...
voice: stopped
voice: started
2025-07-16 05:20:02 Voice Service not healthy. Restarting...
voice: stopped
voice: started
2025-07-16 05:25:02 Voice Service not healthy. Restarting...
voice: stopped
voice: started
2025-07-16 05:30:01 Voice Service not healthy. Restarting...
voice: stopped
voice: started
2025-07-16 05:35:02 Voice Service not healthy. Restarting...
voice: stopped
voice: started
2025-07-16 05:40:02 Voice Service not healthy. Restarting...
voice: stopped
voice: started
2025-07-16 05:45:02 Voice Service not healthy. Restarting...
voice: stopped
voice: started
2025-07-16 05:50:01 Voice Service not healthy. Restarting...
voice: stopped
voice: started
2025-07-16 05:55:02 Voice Service not healthy. Restarting...
voice: stopped
voice: started
2025-07-16 06:00:02 Voice Service not healthy. Restarting...
voice: stopped
voice: started
2025-07-16 06:05:02 Voice Service not healthy. Restarting...
voice: stopped
voice: started
2025-07-16 06:10:01 Voice Service not healthy. Restarting...
voice: stopped
voice: started
2025-07-16 06:15:02 Voice Service not healthy. Restarting...
voice: stopped
voice: started
2025-07-16 06:20:02 Voice Service not healthy. Restarting...
voice: stopped
voice: started
2025-07-16 06:25:01 Voice Service not healthy. Restarting...
voice: stopped
voice: started
2025-07-16 06:30:02 Voice Service not healthy. Restarting...
voice: stopped
voice: started
2025-07-16 06:35:02 Voice Service not healthy. Restarting...
voice: stopped
voice: started
2025-07-16 06:40:02 Voice Service not healthy. Restarting...
voice: stopped
voice: started
2025-07-16 06:45:02 Voice Service not healthy. Restarting...
voice: stopped
voice: started
2025-07-16 06:50:02 Voice Service not healthy. Restarting...
voice: stopped
voice: started
2025-07-16 06:55:02 Voice Service not healthy. Restarting...
voice: stopped
voice: started
2025-07-16 07:00:01 Voice Service not healthy. Restarting...
voice: stopped
voice: started
2025-07-16 07:05:01 Voice Service not healthy. Restarting...
voice: stopped
voice: started
2025-07-16 07:10:02 Voice Service not healthy. Restarting...
voice: stopped
voice: started
2025-07-16 07:15:02 Voice Service not healthy. Restarting...
voice: stopped
voice: started
2025-07-16 07:20:02 Voice Service not healthy. Restarting...
voice: stopped
voice: started
2025-07-16 07:25:02 Voice Service not healthy. Restarting...
voice: stopped
voice: started
2025-07-16 07:30:01 Voice Service not healthy. Restarting...
voice: stopped
voice: started
2025-07-16 07:35:01 Voice Service not healthy. Restarting...
voice: stopped
voice: started
2025-07-16 07:40:02 Voice Service not healthy. Restarting...
voice: stopped
voice: started
2025-07-16 07:45:02 Voice Service not healthy. Restarting...
voice: stopped
voice: started
2025-07-16 07:50:02 Voice Service not healthy. Restarting...
voice: stopped
voice: started
2025-07-16 07:55:02 Voice Service not healthy. Restarting...
voice: stopped
voice: started
2025-07-16 08:00:02 Voice Service not healthy. Restarting...
voice: stopped
voice: started
2025-07-16 08:05:01 Voice Service not healthy. Restarting...
voice: stopped
voice: started
2025-07-16 08:10:01 Voice Service not healthy. Restarting...
voice: stopped
voice: started
2025-07-16 08:15:02 Voice Service not healthy. Restarting...
voice: stopped
voice: started
2025-07-16 08:20:02 Voice Service not healthy. Restarting...
voice: stopped
voice: started
2025-07-16 08:25:01 Voice Service not healthy. Restarting...
voice: stopped
voice: started
2025-07-16 08:30:02 Voice Service not healthy. Restarting...
voice: stopped
voice: started
2025-07-16 08:35:02 Voice Service not healthy. Restarting...
voice: stopped
voice: started
2025-07-16 08:40:01 Voice Service not healthy. Restarting...
voice: stopped
voice: started
2025-07-16 08:45:02 Voice Service not healthy. Restarting...
voice: stopped
voice: started
2025-07-16 08:50:02 Voice Service not healthy. Restarting...
voice: stopped
voice: started
2025-07-16 08:55:02 Voice Service not healthy. Restarting...
voice: stopped
voice: started
2025-07-16 09:00:02 Voice Service not healthy. Restarting...
voice: stopped
voice: started
2025-07-16 09:05:01 Voice Service not healthy. Restarting...
voice: stopped
voice: started
2025-07-16 09:10:01 Voice Service not healthy. Restarting...
voice: stopped
voice: started
2025-07-16 09:15:02 Voice Service not healthy. Restarting...
voice: stopped
voice: started
2025-07-16 09:20:02 Voice Service not healthy. Restarting...
voice: stopped
2025-07-16 09:25:01 Voice Service not healthy. Restarting...
Traceback (most recent call last):
  File "/home/voice-recognition/check_service.py", line 62, in <module>
    main()
  File "/home/voice-recognition/check_service.py", line 53, in main
    kill_matching_processes(target_cmd)
  File "/home/voice-recognition/check_service.py", line 37, in kill_matching_processes
    cmdline = ' '.join(proc.info['cmdline'])
TypeError: can only join an iterable
voice: ERROR (not running)
voice: started
2025-07-16 09:30:01 Voice Service not healthy. Restarting...
voice: stopped
voice: started
2025-07-16 09:35:02 Voice Service not healthy. Restarting...
voice: stopped
voice: started
2025-07-16 09:40:02 Voice Service not healthy. Restarting...
voice: stopped
voice: started
2025-07-16 09:45:01 Voice Service not healthy. Restarting...
voice: stopped
voice: started
2025-07-16 09:50:01 Voice Service not healthy. Restarting...
voice: stopped
voice: started
2025-07-16 09:55:02 Voice Service not healthy. Restarting...
voice: stopped
voice: started
2025-07-16 10:00:02 Voice Service not healthy. Restarting...
voice: stopped
voice: started
2025-07-16 10:05:01 Voice Service not healthy. Restarting...
voice: stopped
voice: started
2025-07-16 10:10:01 Voice Service not healthy. Restarting...
voice: stopped
voice: started
2025-07-16 10:15:02 Voice Service not healthy. Restarting...
voice: stopped
2025-07-16 10:20:02 Voice Service not healthy. Restarting...
Traceback (most recent call last):
  File "/home/voice-recognition/check_service.py", line 62, in <module>
    main()
  File "/home/voice-recognition/check_service.py", line 53, in main
    kill_matching_processes(target_cmd)
  File "/home/voice-recognition/check_service.py", line 37, in kill_matching_processes
    cmdline = ' '.join(proc.info['cmdline'])
TypeError: can only join an iterable
voice: ERROR (not running)
voice: started
2025-07-16 10:25:02 Voice Service not healthy. Restarting...
voice: stopped
voice: started
2025-07-16 10:30:01 Voice Service not healthy. Restarting...
voice: stopped
voice: started
2025-07-16 10:35:02 Voice Service not healthy. Restarting...
voice: stopped
voice: started
2025-07-16 10:40:02 Voice Service not healthy. Restarting...
voice: stopped
voice: started
2025-07-16 10:45:02 Voice Service not healthy. Restarting...
voice: stopped
voice: started
2025-07-16 10:50:01 Voice Service not healthy. Restarting...
voice: stopped
voice: started
2025-07-16 10:55:01 Voice Service not healthy. Restarting...
voice: stopped
voice: started
2025-07-16 11:00:02 Voice Service not healthy. Restarting...
voice: stopped
voice: started
2025-07-16 11:05:02 Voice Service not healthy. Restarting...
voice: stopped
2025-07-16 11:10:01 Voice Service not healthy. Restarting...
Traceback (most recent call last):
  File "/home/voice-recognition/check_service.py", line 62, in <module>
    main()
  File "/home/voice-recognition/check_service.py", line 53, in main
    kill_matching_processes(target_cmd)
  File "/home/voice-recognition/check_service.py", line 37, in kill_matching_processes
    cmdline = ' '.join(proc.info['cmdline'])
TypeError: can only join an iterable
voice: ERROR (not running)
voice: started
2025-07-16 11:15:02 Voice Service not healthy. Restarting...
voice: stopped
voice: started
2025-07-16 11:20:02 Voice Service not healthy. Restarting...
voice: stopped
voice: started
2025-07-16 11:25:01 Voice Service not healthy. Restarting...
voice: stopped
voice: started
2025-07-16 11:30:01 Voice Service not healthy. Restarting...
voice: stopped
voice: started
2025-07-16 11:35:02 Voice Service not healthy. Restarting...
voice: stopped
voice: started
2025-07-16 11:40:02 Voice Service not healthy. Restarting...
voice: stopped
voice: started
2025-07-16 11:45:01 Voice Service not healthy. Restarting...
voice: stopped
voice: started
2025-07-16 11:50:02 Voice Service not healthy. Restarting...
voice: stopped
voice: started
2025-07-16 11:55:02 Voice Service not healthy. Restarting...
voice: stopped
voice: started
2025-07-16 12:00:01 Voice Service not healthy. Restarting...
voice: stopped
voice: started
2025-07-16 12:05:02 Voice Service not healthy. Restarting...
voice: stopped
voice: started
2025-07-16 12:10:02 Voice Service not healthy. Restarting...
voice: stopped
voice: started
2025-07-16 12:15:01 Voice Service not healthy. Restarting...
voice: stopped
voice: started
2025-07-16 12:20:02 Voice Service not healthy. Restarting...
voice: stopped
voice: started
2025-07-16 12:25:02 Voice Service not healthy. Restarting...
voice: stopped
voice: started
2025-07-16 12:30:01 Voice Service not healthy. Restarting...
voice: stopped
voice: started
2025-07-16 12:35:01 Voice Service not healthy. Restarting...
voice: stopped
voice: started
2025-07-16 12:40:02 Voice Service not healthy. Restarting...
voice: stopped
voice: started
2025-07-16 12:45:01 Voice Service not healthy. Restarting...
voice: stopped
voice: started
2025-07-16 12:50:01 Voice Service not healthy. Restarting...
voice: stopped
voice: started
2025-07-16 12:55:01 Voice Service not healthy. Restarting...
voice: stopped
voice: started
2025-07-16 13:00:02 Voice Service not healthy. Restarting...
voice: stopped
voice: started
2025-07-16 13:05:02 Voice Service not healthy. Restarting...
voice: stopped
voice: started
2025-07-16 13:10:01 Voice Service not healthy. Restarting...
voice: stopped
voice: started
2025-07-16 13:15:02 Voice Service not healthy. Restarting...
voice: stopped
voice: started
2025-07-16 13:20:02 Voice Service not healthy. Restarting...
voice: stopped
voice: started
2025-07-16 13:25:02 Voice Service not healthy. Restarting...
voice: stopped
voice: started
2025-07-16 13:30:01 Voice Service not healthy. Restarting...
voice: stopped
voice: started
2025-07-16 13:35:02 Voice Service not healthy. Restarting...
voice: stopped
voice: started
2025-07-16 13:40:02 Voice Service not healthy. Restarting...
voice: stopped
voice: started
2025-07-16 13:45:01 Voice Service not healthy. Restarting...
voice: stopped
2025-07-16 13:50:02 Voice Service not healthy. Restarting...
Traceback (most recent call last):
  File "/home/voice-recognition/check_service.py", line 62, in <module>
    main()
  File "/home/voice-recognition/check_service.py", line 53, in main
    kill_matching_processes(target_cmd)
  File "/home/voice-recognition/check_service.py", line 37, in kill_matching_processes
    cmdline = ' '.join(proc.info['cmdline'])
TypeError: can only join an iterable
voice: ERROR (not running)
voice: started
2025-07-16 13:55:02 Voice Service not healthy. Restarting...
voice: stopped
voice: started
2025-07-16 14:00:01 Voice Service not healthy. Restarting...
voice: stopped
voice: started
2025-07-16 14:05:02 Voice Service not healthy. Restarting...
voice: stopped
voice: started
2025-07-16 14:10:02 Voice Service not healthy. Restarting...
voice: stopped
voice: started
2025-07-16 14:15:02 Voice Service not healthy. Restarting...
voice: stopped
voice: started
2025-07-16 14:20:01 Voice Service not healthy. Restarting...
voice: stopped
voice: started
2025-07-16 14:25:02 Voice Service not healthy. Restarting...
voice: stopped
voice: started
2025-07-16 14:30:02 Voice Service not healthy. Restarting...
voice: stopped
voice: started
2025-07-16 14:35:01 Voice Service not healthy. Restarting...
voice: stopped
voice: started
2025-07-16 14:40:01 Voice Service not healthy. Restarting...
voice: stopped
voice: started
2025-07-16 14:45:02 Voice Service not healthy. Restarting...
voice: stopped
2025-07-16 14:50:02 Voice Service not healthy. Restarting...
Traceback (most recent call last):
  File "/home/voice-recognition/check_service.py", line 62, in <module>
    main()
  File "/home/voice-recognition/check_service.py", line 53, in main
    kill_matching_processes(target_cmd)
  File "/home/voice-recognition/check_service.py", line 37, in kill_matching_processes
    cmdline = ' '.join(proc.info['cmdline'])
TypeError: can only join an iterable
voice: ERROR (not running)
2025-07-16 14:55:01 Voice Service not healthy. Restarting...
Traceback (most recent call last):
  File "/home/voice-recognition/check_service.py", line 62, in <module>
    main()
  File "/home/voice-recognition/check_service.py", line 53, in main
    kill_matching_processes(target_cmd)
  File "/home/voice-recognition/check_service.py", line 37, in kill_matching_processes
    cmdline = ' '.join(proc.info['cmdline'])
TypeError: can only join an iterable
voice: ERROR (not running)
voice: started
2025-07-16 15:00:02 Voice Service not healthy. Restarting...
voice: stopped
voice: started
2025-07-16 15:05:01 Voice Service not healthy. Restarting...
voice: stopped
voice: started
2025-07-16 15:10:02 Voice Service not healthy. Restarting...
voice: stopped
voice: started
2025-07-16 15:15:02 Voice Service not healthy. Restarting...
voice: stopped
2025-07-16 15:20:02 Voice Service not healthy. Restarting...
Traceback (most recent call last):
  File "/home/voice-recognition/check_service.py", line 62, in <module>
    main()
  File "/home/voice-recognition/check_service.py", line 53, in main
    kill_matching_processes(target_cmd)
  File "/home/voice-recognition/check_service.py", line 37, in kill_matching_processes
    cmdline = ' '.join(proc.info['cmdline'])
TypeError: can only join an iterable
voice: ERROR (not running)
voice: started
2025-07-16 15:25:01 Voice Service not healthy. Restarting...
voice: stopped
voice: started
2025-07-16 15:30:01 Voice Service not healthy. Restarting...
voice: stopped
voice: started
2025-07-16 15:35:02 Voice Service not healthy. Restarting...
voice: stopped
voice: started
2025-07-16 15:40:02 Voice Service not healthy. Restarting...
voice: stopped
voice: started
2025-07-16 15:45:01 Voice Service not healthy. Restarting...
voice: stopped
voice: started
2025-07-16 15:50:02 Voice Service not healthy. Restarting...
voice: stopped
voice: started
2025-07-16 15:55:02 Voice Service not healthy. Restarting...
voice: stopped
voice: started
2025-07-16 16:00:02 Voice Service not healthy. Restarting...
voice: stopped
voice: started
2025-07-16 16:05:01 Voice Service not healthy. Restarting...
voice: stopped
voice: started
2025-07-16 16:10:02 Voice Service not healthy. Restarting...
voice: stopped
voice: started
2025-07-16 16:15:02 Voice Service not healthy. Restarting...
voice: stopped
voice: started
2025-07-16 16:20:02 Voice Service not healthy. Restarting...
voice: stopped
voice: started
2025-07-16 16:25:02 Voice Service not healthy. Restarting...
voice: stopped
voice: started
2025-07-16 16:30:02 Voice Service not healthy. Restarting...
voice: stopped
voice: started
2025-07-16 16:35:02 Voice Service not healthy. Restarting...
voice: stopped
voice: started
2025-07-16 16:40:02 Voice Service not healthy. Restarting...
voice: stopped
voice: started
2025-07-16 16:45:02 Voice Service not healthy. Restarting...
voice: stopped
voice: started
2025-07-16 16:50:02 Voice Service not healthy. Restarting...
voice: stopped
voice: started
2025-07-16 16:55:01 Voice Service not healthy. Restarting...
voice: stopped
voice: started
2025-07-16 17:00:01 Voice Service not healthy. Restarting...
voice: stopped
voice: started
2025-07-16 17:05:01 Voice Service not healthy. Restarting...
voice: stopped
voice: started
2025-07-16 17:10:01 Voice Service not healthy. Restarting...
voice: stopped
voice: started
2025-07-16 17:15:02 Voice Service not healthy. Restarting...
voice: stopped
voice: started
2025-07-16 17:20:02 Voice Service not healthy. Restarting...
voice: stopped
voice: started
2025-07-16 17:25:01 Voice Service not healthy. Restarting...
voice: stopped
voice: started
2025-07-16 17:30:02 Voice Service not healthy. Restarting...
voice: stopped
voice: started
2025-07-16 17:35:02 Voice Service not healthy. Restarting...
voice: stopped
voice: started
2025-07-16 17:40:01 Voice Service not healthy. Restarting...
voice: stopped
voice: started
2025-07-16 17:45:02 Voice Service not healthy. Restarting...
voice: stopped
voice: started
2025-07-16 17:50:02 Voice Service not healthy. Restarting...
voice: stopped
voice: started
2025-07-16 17:55:02 Voice Service not healthy. Restarting...
voice: stopped
voice: started
2025-07-16 18:00:02 Voice Service not healthy. Restarting...
voice: stopped
voice: started
2025-07-16 18:05:01 Voice Service not healthy. Restarting...
voice: stopped
voice: started
2025-07-16 18:10:02 Voice Service not healthy. Restarting...
voice: stopped
voice: started
2025-07-16 18:15:01 Voice Service not healthy. Restarting...
voice: stopped
voice: started
2025-07-16 18:20:01 Voice Service not healthy. Restarting...
voice: stopped
voice: started
2025-07-16 18:25:02 Voice Service not healthy. Restarting...
voice: stopped
voice: started
2025-07-16 18:30:01 Voice Service not healthy. Restarting...
voice: stopped
voice: started
2025-07-16 18:35:02 Voice Service not healthy. Restarting...
voice: stopped
voice: started
2025-07-16 18:40:02 Voice Service not healthy. Restarting...
voice: stopped
voice: started
2025-07-16 18:45:01 Voice Service not healthy. Restarting...
voice: stopped
voice: started
2025-07-16 18:50:01 Voice Service not healthy. Restarting...
voice: stopped
voice: started
2025-07-16 18:55:02 Voice Service not healthy. Restarting...
voice: stopped
voice: started
2025-07-16 19:00:02 Voice Service not healthy. Restarting...
voice: stopped
voice: started
2025-07-16 19:05:01 Voice Service not healthy. Restarting...
voice: stopped
voice: started
2025-07-16 19:10:02 Voice Service not healthy. Restarting...
voice: stopped
voice: started
2025-07-16 19:15:02 Voice Service not healthy. Restarting...
voice: stopped
voice: started
2025-07-16 19:20:02 Voice Service not healthy. Restarting...
voice: stopped
voice: started
2025-07-16 19:25:02 Voice Service not healthy. Restarting...
voice: stopped
voice: started
2025-07-16 19:30:02 Voice Service not healthy. Restarting...
voice: stopped
voice: started
2025-07-16 19:35:02 Voice Service not healthy. Restarting...
voice: stopped
voice: started
2025-07-16 19:40:02 Voice Service not healthy. Restarting...
voice: stopped
voice: started
2025-07-16 19:45:01 Voice Service not healthy. Restarting...
voice: stopped
voice: started
2025-07-16 19:50:02 Voice Service not healthy. Restarting...
voice: stopped
voice: started
2025-07-16 19:55:02 Voice Service not healthy. Restarting...
voice: stopped
voice: started
2025-07-16 20:00:02 Voice Service not healthy. Restarting...
voice: stopped
voice: started
2025-07-16 20:05:01 Voice Service not healthy. Restarting...
voice: stopped
voice: started
2025-07-16 20:10:02 Voice Service not healthy. Restarting...
voice: stopped
voice: started
2025-07-16 20:15:02 Voice Service not healthy. Restarting...
voice: stopped
voice: started
2025-07-16 20:20:01 Voice Service not healthy. Restarting...
voice: stopped
voice: started
2025-07-16 20:25:02 Voice Service not healthy. Restarting...
voice: stopped
voice: started
2025-07-16 20:30:02 Voice Service not healthy. Restarting...
voice: stopped
voice: started
2025-07-16 20:35:02 Voice Service not healthy. Restarting...
voice: stopped
voice: started
2025-07-16 20:40:01 Voice Service not healthy. Restarting...
voice: stopped
voice: started
2025-07-16 20:45:02 Voice Service not healthy. Restarting...
voice: stopped
voice: started
2025-07-16 20:50:02 Voice Service not healthy. Restarting...
voice: stopped
2025-07-16 20:55:01 Voice Service not healthy. Restarting...
Traceback (most recent call last):
  File "/home/voice-recognition/check_service.py", line 62, in <module>
    main()
  File "/home/voice-recognition/check_service.py", line 53, in main
    kill_matching_processes(target_cmd)
  File "/home/voice-recognition/check_service.py", line 37, in kill_matching_processes
    cmdline = ' '.join(proc.info['cmdline'])
TypeError: can only join an iterable
voice: ERROR (not running)
voice: started
2025-07-16 21:00:02 Voice Service not healthy. Restarting...
voice: stopped
2025-07-16 21:05:02 Voice Service not healthy. Restarting...
Traceback (most recent call last):
  File "/home/voice-recognition/check_service.py", line 62, in <module>
    main()
  File "/home/voice-recognition/check_service.py", line 53, in main
    kill_matching_processes(target_cmd)
  File "/home/voice-recognition/check_service.py", line 37, in kill_matching_processes
    cmdline = ' '.join(proc.info['cmdline'])
TypeError: can only join an iterable
voice: ERROR (not running)
voice: started
2025-07-16 21:10:02 Voice Service not healthy. Restarting...
voice: stopped
voice: started
2025-07-16 21:15:01 Voice Service not healthy. Restarting...
voice: stopped
voice: started
2025-07-16 21:20:02 Voice Service not healthy. Restarting...
voice: stopped
voice: started
2025-07-16 21:25:02 Voice Service not healthy. Restarting...
voice: stopped
voice: started
2025-07-16 21:30:01 Voice Service not healthy. Restarting...
voice: stopped
voice: started
2025-07-16 21:35:01 Voice Service not healthy. Restarting...
voice: stopped
voice: started
2025-07-16 21:40:02 Voice Service not healthy. Restarting...
voice: stopped
voice: started
2025-07-16 21:45:02 Voice Service not healthy. Restarting...
voice: stopped
voice: started
2025-07-16 21:50:01 Voice Service not healthy. Restarting...
voice: stopped
voice: started
2025-07-16 21:55:02 Voice Service not healthy. Restarting...
voice: stopped
voice: started
2025-07-16 22:00:02 Voice Service not healthy. Restarting...
voice: stopped
voice: started
2025-07-16 22:05:01 Voice Service not healthy. Restarting...
voice: stopped
voice: started
2025-07-16 22:10:02 Voice Service not healthy. Restarting...
voice: stopped
voice: started
2025-07-16 22:15:02 Voice Service not healthy. Restarting...
voice: stopped
voice: started
2025-07-16 22:20:02 Voice Service not healthy. Restarting...
voice: stopped
voice: started
2025-07-16 22:25:01 Voice Service not healthy. Restarting...
voice: stopped
voice: started
2025-07-16 22:30:02 Voice Service not healthy. Restarting...
voice: stopped
voice: started
2025-07-16 22:35:02 Voice Service not healthy. Restarting...
voice: stopped
voice: started
2025-07-16 22:40:07 Voice Service not healthy. Restarting...
voice: stopped
voice: started
2025-07-16 22:45:01 Voice Service not healthy. Restarting...
voice: stopped
voice: started
2025-07-16 22:50:02 Voice Service not healthy. Restarting...
voice: stopped
voice: started
2025-07-16 22:55:02 Voice Service not healthy. Restarting...
voice: stopped
voice: started
2025-07-16 23:00:01 Voice Service not healthy. Restarting...
voice: stopped
voice: started
2025-07-16 23:05:01 Voice Service not healthy. Restarting...
voice: stopped
voice: started
2025-07-16 23:10:02 Voice Service not healthy. Restarting...
voice: stopped
voice: started
2025-07-16 23:15:02 Voice Service not healthy. Restarting...
voice: stopped
voice: started
2025-07-16 23:20:01 Voice Service not healthy. Restarting...
voice: stopped
voice: started
2025-07-16 23:25:02 Voice Service not healthy. Restarting...
voice: stopped
voice: started
2025-07-16 23:30:02 Voice Service not healthy. Restarting...
voice: stopped
voice: started
2025-07-16 23:35:02 Voice Service not healthy. Restarting...
voice: stopped
voice: started
2025-07-16 23:40:01 Voice Service not healthy. Restarting...
voice: stopped
voice: started
2025-07-16 23:45:02 Voice Service not healthy. Restarting...
voice: stopped
voice: started
2025-07-16 23:50:02 Voice Service not healthy. Restarting...
voice: stopped
voice: started
2025-07-16 23:55:02 Voice Service not healthy. Restarting...
