voice: stopped
voice: started
2025-07-18 00:00:02 Voice Service not healthy. Restarting...
voice: stopped
voice: started
2025-07-18 00:05:02 Voice Service not healthy. Restarting...
voice: stopped
voice: started
2025-07-18 00:10:01 Voice Service not healthy. Restarting...
voice: stopped
voice: started
2025-07-18 00:15:02 Voice Service not healthy. Restarting...
voice: stopped
voice: started
2025-07-18 00:20:02 Voice Service not healthy. Restarting...
voice: stopped
voice: started
2025-07-18 00:25:02 Voice Service not healthy. Restarting...
voice: stopped
voice: started
2025-07-18 00:30:01 Voice Service not healthy. Restarting...
voice: stopped
voice: started
2025-07-18 00:35:02 Voice Service not healthy. Restarting...
voice: stopped
voice: started
2025-07-18 00:40:02 Voice Service not healthy. Restarting...
voice: stopped
voice: started
2025-07-18 00:45:01 Voice Service not healthy. Restarting...
voice: stopped
voice: started
2025-07-18 00:50:01 Voice Service not healthy. Restarting...
voice: stopped
2025-07-18 00:55:02 Voice Service not healthy. Restarting...
Traceback (most recent call last):
  File "/home/voice-recognition/check_service.py", line 62, in <module>
    main()
  File "/home/voice-recognition/check_service.py", line 53, in main
    kill_matching_processes(target_cmd)
  File "/home/voice-recognition/check_service.py", line 37, in kill_matching_processes
    cmdline = ' '.join(proc.info['cmdline'])
TypeError: can only join an iterable
voice: ERROR (not running)
voice: started
2025-07-18 01:00:02 Voice Service not healthy. Restarting...
voice: stopped
voice: started
2025-07-18 01:05:01 Voice Service not healthy. Restarting...
voice: stopped
voice: started
2025-07-18 01:10:02 Voice Service not healthy. Restarting...
voice: stopped
voice: started
2025-07-18 01:15:02 Voice Service not healthy. Restarting...
voice: stopped
voice: started
2025-07-18 01:20:01 Voice Service not healthy. Restarting...
voice: stopped
voice: started
2025-07-18 01:25:02 Voice Service not healthy. Restarting...
voice: stopped
voice: started
2025-07-18 01:30:02 Voice Service not healthy. Restarting...
voice: stopped
voice: started
2025-07-18 01:35:01 Voice Service not healthy. Restarting...
voice: stopped
voice: started
2025-07-18 01:40:02 Voice Service not healthy. Restarting...
voice: stopped
voice: started
2025-07-18 01:45:02 Voice Service not healthy. Restarting...
voice: stopped
voice: started
2025-07-18 01:50:01 Voice Service not healthy. Restarting...
voice: stopped
voice: started
2025-07-18 01:55:01 Voice Service not healthy. Restarting...
voice: stopped
voice: started
2025-07-18 02:00:02 Voice Service not healthy. Restarting...
voice: stopped
voice: started
2025-07-18 02:05:02 Voice Service not healthy. Restarting...
voice: stopped
voice: started
2025-07-18 02:10:02 Voice Service not healthy. Restarting...
voice: stopped
voice: started
2025-07-18 02:15:01 Voice Service not healthy. Restarting...
voice: stopped
voice: started
2025-07-18 02:20:02 Voice Service not healthy. Restarting...
voice: stopped
voice: started
2025-07-18 02:25:02 Voice Service not healthy. Restarting...
voice: stopped
2025-07-18 02:30:01 Voice Service not healthy. Restarting...
Traceback (most recent call last):
  File "/home/voice-recognition/check_service.py", line 62, in <module>
    main()
  File "/home/voice-recognition/check_service.py", line 53, in main
    kill_matching_processes(target_cmd)
  File "/home/voice-recognition/check_service.py", line 37, in kill_matching_processes
    cmdline = ' '.join(proc.info['cmdline'])
TypeError: can only join an iterable
voice: ERROR (not running)
voice: started
2025-07-18 02:35:02 Voice Service not healthy. Restarting...
voice: stopped
voice: started
2025-07-18 02:40:02 Voice Service not healthy. Restarting...
voice: stopped
voice: started
2025-07-18 02:45:02 Voice Service not healthy. Restarting...
voice: stopped
voice: started
2025-07-18 02:50:02 Voice Service not healthy. Restarting...
voice: stopped
voice: started
2025-07-18 02:55:02 Voice Service not healthy. Restarting...
voice: stopped
voice: started
2025-07-18 03:00:01 Voice Service not healthy. Restarting...
voice: stopped
voice: started
2025-07-18 03:05:02 Voice Service not healthy. Restarting...
voice: stopped
2025-07-18 03:10:02 Voice Service not healthy. Restarting...
Traceback (most recent call last):
  File "/home/voice-recognition/check_service.py", line 62, in <module>
    main()
  File "/home/voice-recognition/check_service.py", line 53, in main
    kill_matching_processes(target_cmd)
  File "/home/voice-recognition/check_service.py", line 37, in kill_matching_processes
    cmdline = ' '.join(proc.info['cmdline'])
TypeError: can only join an iterable
voice: ERROR (not running)
voice: started
2025-07-18 03:15:01 Voice Service not healthy. Restarting...
voice: stopped
voice: started
2025-07-18 03:20:02 Voice Service not healthy. Restarting...
voice: stopped
voice: started
2025-07-18 03:25:02 Voice Service not healthy. Restarting...
voice: stopped
voice: started
2025-07-18 03:30:01 Voice Service not healthy. Restarting...
voice: stopped
voice: started
2025-07-18 03:35:02 Voice Service not healthy. Restarting...
voice: stopped
voice: started
2025-07-18 03:40:02 Voice Service not healthy. Restarting...
voice: stopped
voice: started
2025-07-18 03:45:02 Voice Service not healthy. Restarting...
voice: stopped
voice: started
2025-07-18 03:50:01 Voice Service not healthy. Restarting...
voice: stopped
voice: started
2025-07-18 03:55:01 Voice Service not healthy. Restarting...
voice: stopped
voice: started
2025-07-18 04:00:02 Voice Service not healthy. Restarting...
voice: stopped
voice: started
2025-07-18 04:05:02 Voice Service not healthy. Restarting...
voice: stopped
voice: started
2025-07-18 04:10:01 Voice Service not healthy. Restarting...
voice: stopped
voice: started
2025-07-18 04:15:02 Voice Service not healthy. Restarting...
voice: stopped
voice: started
2025-07-18 04:20:02 Voice Service not healthy. Restarting...
voice: stopped
voice: started
2025-07-18 04:25:02 Voice Service not healthy. Restarting...
voice: stopped
voice: started
2025-07-18 04:30:02 Voice Service not healthy. Restarting...
voice: stopped
voice: started
2025-07-18 04:35:01 Voice Service not healthy. Restarting...
voice: stopped
voice: started
2025-07-18 04:40:01 Voice Service not healthy. Restarting...
voice: stopped
voice: started
2025-07-18 04:45:02 Voice Service not healthy. Restarting...
voice: stopped
voice: started
2025-07-18 04:50:02 Voice Service not healthy. Restarting...
voice: stopped
voice: started
2025-07-18 04:55:02 Voice Service not healthy. Restarting...
voice: stopped
voice: started
2025-07-18 05:00:02 Voice Service not healthy. Restarting...
voice: stopped
voice: started
2025-07-18 05:05:01 Voice Service not healthy. Restarting...
voice: stopped
voice: started
2025-07-18 05:10:02 Voice Service not healthy. Restarting...
voice: stopped
voice: started
2025-07-18 05:15:02 Voice Service not healthy. Restarting...
voice: stopped
voice: started
2025-07-18 05:20:01 Voice Service not healthy. Restarting...
voice: stopped
voice: started
2025-07-18 05:25:01 Voice Service not healthy. Restarting...
voice: stopped
voice: started
2025-07-18 05:30:01 Voice Service not healthy. Restarting...
voice: stopped
voice: started
2025-07-18 05:35:02 Voice Service not healthy. Restarting...
voice: stopped
voice: started
2025-07-18 05:40:02 Voice Service not healthy. Restarting...
voice: stopped
voice: started
2025-07-18 05:45:01 Voice Service not healthy. Restarting...
voice: stopped
voice: started
2025-07-18 05:50:02 Voice Service not healthy. Restarting...
voice: stopped
voice: started
2025-07-18 05:55:02 Voice Service not healthy. Restarting...
voice: stopped
voice: started
2025-07-18 06:00:01 Voice Service not healthy. Restarting...
voice: stopped
voice: started
2025-07-18 06:05:02 Voice Service not healthy. Restarting...
voice: stopped
voice: started
2025-07-18 06:10:02 Voice Service not healthy. Restarting...
voice: stopped
voice: started
2025-07-18 06:15:01 Voice Service not healthy. Restarting...
voice: stopped
voice: started
2025-07-18 06:20:02 Voice Service not healthy. Restarting...
voice: stopped
voice: started
2025-07-18 06:25:02 Voice Service not healthy. Restarting...
voice: stopped
voice: started
2025-07-18 06:30:02 Voice Service not healthy. Restarting...
voice: stopped
voice: started
2025-07-18 06:35:02 Voice Service not healthy. Restarting...
voice: stopped
voice: started
2025-07-18 06:40:01 Voice Service not healthy. Restarting...
voice: stopped
voice: started
2025-07-18 06:45:01 Voice Service not healthy. Restarting...
voice: stopped
voice: started
2025-07-18 06:50:02 Voice Service not healthy. Restarting...
voice: stopped
voice: started
2025-07-18 06:55:02 Voice Service not healthy. Restarting...
voice: stopped
2025-07-18 07:00:02 Voice Service not healthy. Restarting...
Traceback (most recent call last):
  File "/home/voice-recognition/check_service.py", line 62, in <module>
    main()
  File "/home/voice-recognition/check_service.py", line 53, in main
    kill_matching_processes(target_cmd)
  File "/home/voice-recognition/check_service.py", line 37, in kill_matching_processes
    cmdline = ' '.join(proc.info['cmdline'])
TypeError: can only join an iterable
voice: ERROR (not running)
voice: started
2025-07-18 07:05:01 Voice Service not healthy. Restarting...
voice: stopped
voice: started
2025-07-18 07:10:02 Voice Service not healthy. Restarting...
voice: stopped
voice: started
2025-07-18 07:15:02 Voice Service not healthy. Restarting...
voice: stopped
voice: started
2025-07-18 07:20:01 Voice Service not healthy. Restarting...
voice: stopped
voice: started
2025-07-18 07:25:01 Voice Service not healthy. Restarting...
voice: stopped
voice: started
2025-07-18 07:30:02 Voice Service not healthy. Restarting...
voice: stopped
voice: started
2025-07-18 07:35:02 Voice Service not healthy. Restarting...
voice: stopped
voice: started
2025-07-18 07:40:01 Voice Service not healthy. Restarting...
voice: stopped
voice: started
2025-07-18 07:45:01 Voice Service not healthy. Restarting...
voice: stopped
voice: started
2025-07-18 07:50:02 Voice Service not healthy. Restarting...
voice: stopped
voice: started
2025-07-18 07:55:02 Voice Service not healthy. Restarting...
voice: stopped
voice: started
2025-07-18 08:00:02 Voice Service not healthy. Restarting...
voice: stopped
voice: started
2025-07-18 08:05:01 Voice Service not healthy. Restarting...
voice: stopped
voice: started
2025-07-18 08:10:02 Voice Service not healthy. Restarting...
voice: stopped
voice: started
2025-07-18 08:15:02 Voice Service not healthy. Restarting...
voice: stopped
voice: started
2025-07-18 08:20:02 Voice Service not healthy. Restarting...
voice: stopped
voice: started
2025-07-18 08:25:02 Voice Service not healthy. Restarting...
voice: stopped
voice: started
2025-07-18 08:30:01 Voice Service not healthy. Restarting...
voice: stopped
voice: started
2025-07-18 08:35:02 Voice Service not healthy. Restarting...
voice: stopped
voice: started
2025-07-18 08:40:02 Voice Service not healthy. Restarting...
voice: stopped
voice: started
2025-07-18 08:45:02 Voice Service not healthy. Restarting...
voice: stopped
voice: started
2025-07-18 08:50:01 Voice Service not healthy. Restarting...
voice: stopped
voice: started
2025-07-18 08:55:01 Voice Service not healthy. Restarting...
voice: stopped
voice: started
2025-07-18 09:00:02 Voice Service not healthy. Restarting...
voice: stopped
voice: started
2025-07-18 09:05:02 Voice Service not healthy. Restarting...
voice: stopped
voice: started
2025-07-18 09:10:01 Voice Service not healthy. Restarting...
voice: stopped
voice: started
2025-07-18 09:15:02 Voice Service not healthy. Restarting...
voice: stopped
voice: started
2025-07-18 09:20:02 Voice Service not healthy. Restarting...
voice: stopped
voice: started
2025-07-18 09:25:02 Voice Service not healthy. Restarting...
voice: stopped
voice: started
2025-07-18 09:30:02 Voice Service not healthy. Restarting...
voice: stopped
voice: started
2025-07-18 09:35:01 Voice Service not healthy. Restarting...
voice: stopped
voice: started
2025-07-18 09:40:02 Voice Service not healthy. Restarting...
voice: stopped
voice: started
2025-07-18 09:45:02 Voice Service not healthy. Restarting...
voice: stopped
voice: started
2025-07-18 09:50:02 Voice Service not healthy. Restarting...
voice: stopped
voice: started
2025-07-18 09:55:01 Voice Service not healthy. Restarting...
voice: stopped
voice: started
2025-07-18 10:00:02 Voice Service not healthy. Restarting...
voice: stopped
voice: started
2025-07-18 10:05:02 Voice Service not healthy. Restarting...
voice: stopped
voice: started
2025-07-18 10:10:01 Voice Service not healthy. Restarting...
voice: stopped
voice: started
2025-07-18 10:15:02 Voice Service not healthy. Restarting...
voice: stopped
voice: started
2025-07-18 10:20:02 Voice Service not healthy. Restarting...
voice: stopped
voice: started
2025-07-18 10:25:02 Voice Service not healthy. Restarting...
voice: stopped
voice: started
2025-07-18 10:30:01 Voice Service not healthy. Restarting...
voice: stopped
voice: started
2025-07-18 10:35:02 Voice Service not healthy. Restarting...
voice: stopped
voice: started
2025-07-18 10:40:02 Voice Service not healthy. Restarting...
voice: stopped
voice: started
2025-07-18 10:45:01 Voice Service not healthy. Restarting...
voice: stopped
voice: started
2025-07-18 10:50:02 Voice Service not healthy. Restarting...
voice: stopped
voice: started
2025-07-18 10:55:02 Voice Service not healthy. Restarting...
voice: stopped
voice: started
2025-07-18 11:00:02 Voice Service not healthy. Restarting...
voice: stopped
voice: started
2025-07-18 11:05:01 Voice Service not healthy. Restarting...
voice: stopped
voice: started
2025-07-18 11:10:02 Voice Service not healthy. Restarting...
voice: stopped
voice: started
2025-07-18 11:15:02 Voice Service not healthy. Restarting...
voice: stopped
voice: started
2025-07-18 11:20:02 Voice Service not healthy. Restarting...
voice: stopped
voice: started
2025-07-18 11:25:01 Voice Service not healthy. Restarting...
voice: stopped
voice: started
2025-07-18 11:30:01 Voice Service not healthy. Restarting...
voice: stopped
voice: started
2025-07-18 11:35:02 Voice Service not healthy. Restarting...
voice: stopped
voice: started
2025-07-18 11:40:02 Voice Service not healthy. Restarting...
voice: stopped
voice: started
2025-07-18 11:45:02 Voice Service not healthy. Restarting...
voice: stopped
voice: started
2025-07-18 11:50:01 Voice Service not healthy. Restarting...
voice: stopped
voice: started
2025-07-18 11:55:02 Voice Service not healthy. Restarting...
voice: stopped
voice: started
2025-07-18 12:00:02 Voice Service not healthy. Restarting...
voice: stopped
voice: started
2025-07-18 12:05:01 Voice Service not healthy. Restarting...
voice: stopped
voice: started
2025-07-18 12:10:02 Voice Service not healthy. Restarting...
voice: stopped
voice: started
2025-07-18 12:15:02 Voice Service not healthy. Restarting...
voice: stopped
voice: started
2025-07-18 12:20:01 Voice Service not healthy. Restarting...
voice: stopped
voice: started
2025-07-18 12:25:02 Voice Service not healthy. Restarting...
voice: stopped
voice: started
2025-07-18 12:30:02 Voice Service not healthy. Restarting...
voice: stopped
voice: started
2025-07-18 12:35:02 Voice Service not healthy. Restarting...
voice: stopped
voice: started
2025-07-18 12:40:01 Voice Service not healthy. Restarting...
voice: stopped
voice: started
2025-07-18 12:45:02 Voice Service not healthy. Restarting...
voice: stopped
voice: started
2025-07-18 12:50:02 Voice Service not healthy. Restarting...
voice: stopped
voice: started
2025-07-18 12:55:02 Voice Service not healthy. Restarting...
voice: stopped
voice: started
2025-07-18 13:00:02 Voice Service not healthy. Restarting...
voice: stopped
voice: started
2025-07-18 13:05:02 Voice Service not healthy. Restarting...
voice: stopped
voice: started
2025-07-18 13:10:01 Voice Service not healthy. Restarting...
voice: stopped
voice: started
2025-07-18 13:15:02 Voice Service not healthy. Restarting...
voice: stopped
2025-07-18 13:20:02 Voice Service not healthy. Restarting...
Traceback (most recent call last):
  File "/home/voice-recognition/check_service.py", line 62, in <module>
    main()
  File "/home/voice-recognition/check_service.py", line 53, in main
    kill_matching_processes(target_cmd)
  File "/home/voice-recognition/check_service.py", line 37, in kill_matching_processes
    cmdline = ' '.join(proc.info['cmdline'])
TypeError: can only join an iterable
voice: ERROR (not running)
2025-07-18 13:25:02 Voice Service not healthy. Restarting...
Traceback (most recent call last):
  File "/home/voice-recognition/check_service.py", line 62, in <module>
    main()
  File "/home/voice-recognition/check_service.py", line 53, in main
    kill_matching_processes(target_cmd)
  File "/home/voice-recognition/check_service.py", line 37, in kill_matching_processes
    cmdline = ' '.join(proc.info['cmdline'])
TypeError: can only join an iterable
voice: ERROR (not running)
2025-07-18 13:30:01 Voice Service not healthy. Restarting...
Traceback (most recent call last):
  File "/home/voice-recognition/check_service.py", line 62, in <module>
    main()
  File "/home/voice-recognition/check_service.py", line 53, in main
    kill_matching_processes(target_cmd)
  File "/home/voice-recognition/check_service.py", line 37, in kill_matching_processes
    cmdline = ' '.join(proc.info['cmdline'])
TypeError: can only join an iterable
voice: ERROR (not running)
voice: started
2025-07-18 13:35:02 Voice Service not healthy. Restarting...
voice: stopped
voice: started
2025-07-18 13:40:02 Voice Service not healthy. Restarting...
voice: stopped
voice: started
2025-07-18 13:45:02 Voice Service not healthy. Restarting...
voice: stopped
voice: started
2025-07-18 13:50:02 Voice Service not healthy. Restarting...
voice: stopped
voice: started
2025-07-18 13:55:02 Voice Service not healthy. Restarting...
voice: stopped
voice: started
2025-07-18 14:00:01 Voice Service not healthy. Restarting...
voice: stopped
voice: started
2025-07-18 14:05:02 Voice Service not healthy. Restarting...
voice: stopped
voice: started
2025-07-18 14:10:02 Voice Service not healthy. Restarting...
voice: stopped
voice: started
2025-07-18 14:15:01 Voice Service not healthy. Restarting...
voice: stopped
voice: started
2025-07-18 14:20:02 Voice Service not healthy. Restarting...
voice: stopped
voice: started
2025-07-18 14:25:02 Voice Service not healthy. Restarting...
voice: stopped
voice: started
2025-07-18 14:30:01 Voice Service not healthy. Restarting...
voice: stopped
voice: started
2025-07-18 14:35:02 Voice Service not healthy. Restarting...
voice: stopped
voice: started
2025-07-18 14:40:02 Voice Service not healthy. Restarting...
voice: stopped
voice: started
2025-07-18 14:45:02 Voice Service not healthy. Restarting...
voice: stopped
voice: started
2025-07-18 14:50:02 Voice Service not healthy. Restarting...
voice: stopped
voice: started
2025-07-18 14:55:02 Voice Service not healthy. Restarting...
voice: stopped
voice: started
2025-07-18 15:00:01 Voice Service not healthy. Restarting...
voice: stopped
voice: started
2025-07-18 15:05:02 Voice Service not healthy. Restarting...
voice: stopped
voice: started
2025-07-18 15:10:02 Voice Service not healthy. Restarting...
voice: stopped
voice: started
2025-07-18 15:15:01 Voice Service not healthy. Restarting...
voice: stopped
voice: started
2025-07-18 15:20:02 Voice Service not healthy. Restarting...
voice: stopped
voice: started
2025-07-18 15:25:02 Voice Service not healthy. Restarting...
voice: stopped
voice: started
2025-07-18 15:30:02 Voice Service not healthy. Restarting...
voice: stopped
voice: started
2025-07-18 15:35:02 Voice Service not healthy. Restarting...
voice: stopped
voice: started
2025-07-18 15:40:02 Voice Service not healthy. Restarting...
voice: stopped
voice: started
2025-07-18 15:45:02 Voice Service not healthy. Restarting...
voice: stopped
voice: started
2025-07-18 15:50:01 Voice Service not healthy. Restarting...
voice: stopped
voice: started
2025-07-18 15:55:02 Voice Service not healthy. Restarting...
voice: stopped
voice: started
2025-07-18 16:00:02 Voice Service not healthy. Restarting...
voice: stopped
voice: started
2025-07-18 16:05:01 Voice Service not healthy. Restarting...
voice: stopped
voice: started
2025-07-18 16:10:02 Voice Service not healthy. Restarting...
voice: stopped
voice: started
2025-07-18 16:15:02 Voice Service not healthy. Restarting...
voice: stopped
voice: started
2025-07-18 16:20:01 Voice Service not healthy. Restarting...
voice: stopped
voice: started
2025-07-18 16:25:02 Voice Service not healthy. Restarting...
voice: stopped
voice: started
2025-07-18 16:30:02 Voice Service not healthy. Restarting...
voice: stopped
voice: started
2025-07-18 16:35:01 Voice Service not healthy. Restarting...
voice: stopped
voice: started
2025-07-18 16:40:02 Voice Service not healthy. Restarting...
voice: stopped
voice: started
2025-07-18 16:45:02 Voice Service not healthy. Restarting...
voice: stopped
voice: started
2025-07-18 16:50:01 Voice Service not healthy. Restarting...
voice: stopped
voice: started
2025-07-18 16:55:02 Voice Service not healthy. Restarting...
voice: stopped
voice: started
2025-07-18 17:00:02 Voice Service not healthy. Restarting...
voice: stopped
voice: started
2025-07-18 17:05:02 Voice Service not healthy. Restarting...
voice: stopped
voice: started
2025-07-18 17:10:02 Voice Service not healthy. Restarting...
voice: stopped
voice: started
2025-07-18 17:15:01 Voice Service not healthy. Restarting...
voice: stopped
voice: started
2025-07-18 17:20:02 Voice Service not healthy. Restarting...
voice: stopped
2025-07-18 17:25:02 Voice Service not healthy. Restarting...
Traceback (most recent call last):
  File "/home/voice-recognition/check_service.py", line 62, in <module>
    main()
  File "/home/voice-recognition/check_service.py", line 53, in main
    kill_matching_processes(target_cmd)
  File "/home/voice-recognition/check_service.py", line 37, in kill_matching_processes
    cmdline = ' '.join(proc.info['cmdline'])
TypeError: can only join an iterable
voice: ERROR (not running)
voice: started
2025-07-18 17:30:01 Voice Service not healthy. Restarting...
voice: stopped
voice: started
2025-07-18 17:35:02 Voice Service not healthy. Restarting...
voice: stopped
voice: started
2025-07-18 17:40:02 Voice Service not healthy. Restarting...
voice: stopped
voice: started
2025-07-18 17:45:01 Voice Service not healthy. Restarting...
voice: stopped
voice: started
2025-07-18 17:50:02 Voice Service not healthy. Restarting...
voice: stopped
voice: started
2025-07-18 17:55:02 Voice Service not healthy. Restarting...
voice: stopped
voice: started
2025-07-18 18:00:01 Voice Service not healthy. Restarting...
voice: stopped
voice: started
2025-07-18 18:05:02 Voice Service not healthy. Restarting...
voice: stopped
2025-07-18 18:10:01 Voice Service not healthy. Restarting...
Traceback (most recent call last):
  File "/home/voice-recognition/check_service.py", line 62, in <module>
    main()
  File "/home/voice-recognition/check_service.py", line 53, in main
    kill_matching_processes(target_cmd)
  File "/home/voice-recognition/check_service.py", line 37, in kill_matching_processes
    cmdline = ' '.join(proc.info['cmdline'])
TypeError: can only join an iterable
voice: ERROR (not running)
2025-07-18 18:15:02 Voice Service not healthy. Restarting...
Traceback (most recent call last):
  File "/home/voice-recognition/check_service.py", line 62, in <module>
    main()
  File "/home/voice-recognition/check_service.py", line 53, in main
    kill_matching_processes(target_cmd)
  File "/home/voice-recognition/check_service.py", line 37, in kill_matching_processes
    cmdline = ' '.join(proc.info['cmdline'])
TypeError: can only join an iterable
voice: ERROR (not running)
voice: started
2025-07-18 18:20:02 Voice Service not healthy. Restarting...
voice: stopped
voice: started
2025-07-18 18:25:01 Voice Service not healthy. Restarting...
voice: stopped
voice: started
2025-07-18 18:30:02 Voice Service not healthy. Restarting...
voice: stopped
voice: started
2025-07-18 18:35:02 Voice Service not healthy. Restarting...
voice: stopped
voice: started
2025-07-18 18:40:02 Voice Service not healthy. Restarting...
voice: stopped
voice: started
2025-07-18 18:45:02 Voice Service not healthy. Restarting...
voice: stopped
voice: started
2025-07-18 18:50:01 Voice Service not healthy. Restarting...
voice: stopped
voice: started
2025-07-18 18:55:02 Voice Service not healthy. Restarting...
voice: stopped
voice: started
2025-07-18 19:00:02 Voice Service not healthy. Restarting...
voice: stopped
voice: started
2025-07-18 19:05:02 Voice Service not healthy. Restarting...
voice: stopped
voice: started
2025-07-18 19:10:01 Voice Service not healthy. Restarting...
voice: stopped
voice: started
2025-07-18 19:15:02 Voice Service not healthy. Restarting...
voice: stopped
voice: started
2025-07-18 19:20:01 Voice Service not healthy. Restarting...
voice: stopped
voice: started
2025-07-18 19:25:02 Voice Service not healthy. Restarting...
voice: stopped
voice: started
2025-07-18 19:30:02 Voice Service not healthy. Restarting...
voice: stopped
2025-07-18 19:35:01 Voice Service not healthy. Restarting...
Traceback (most recent call last):
  File "/home/voice-recognition/check_service.py", line 62, in <module>
    main()
  File "/home/voice-recognition/check_service.py", line 53, in main
    kill_matching_processes(target_cmd)
  File "/home/voice-recognition/check_service.py", line 37, in kill_matching_processes
    cmdline = ' '.join(proc.info['cmdline'])
TypeError: can only join an iterable
voice: ERROR (not running)
voice: started
2025-07-18 19:40:02 Voice Service not healthy. Restarting...
voice: stopped
voice: started
2025-07-18 19:45:02 Voice Service not healthy. Restarting...
voice: stopped
voice: started
2025-07-18 19:50:01 Voice Service not healthy. Restarting...
voice: stopped
voice: started
2025-07-18 19:55:02 Voice Service not healthy. Restarting...
voice: stopped
voice: started
2025-07-18 20:00:02 Voice Service not healthy. Restarting...
voice: stopped
2025-07-18 20:05:01 Voice Service not healthy. Restarting...
Traceback (most recent call last):
  File "/home/voice-recognition/check_service.py", line 62, in <module>
    main()
  File "/home/voice-recognition/check_service.py", line 53, in main
    kill_matching_processes(target_cmd)
  File "/home/voice-recognition/check_service.py", line 37, in kill_matching_processes
    cmdline = ' '.join(proc.info['cmdline'])
TypeError: can only join an iterable
voice: ERROR (not running)
voice: started
2025-07-18 20:10:02 Voice Service not healthy. Restarting...
voice: stopped
voice: started
2025-07-18 20:15:02 Voice Service not healthy. Restarting...
voice: stopped
voice: started
2025-07-18 20:20:01 Voice Service not healthy. Restarting...
voice: stopped
voice: started
2025-07-18 20:25:02 Voice Service not healthy. Restarting...
voice: stopped
voice: started
2025-07-18 20:30:02 Voice Service not healthy. Restarting...
voice: stopped
voice: started
2025-07-18 20:35:01 Voice Service not healthy. Restarting...
voice: stopped
voice: started
2025-07-18 20:40:02 Voice Service not healthy. Restarting...
voice: stopped
voice: started
2025-07-18 20:45:02 Voice Service not healthy. Restarting...
voice: stopped
voice: started
2025-07-18 20:50:02 Voice Service not healthy. Restarting...
voice: stopped
voice: started
2025-07-18 20:55:01 Voice Service not healthy. Restarting...
voice: stopped
voice: started
2025-07-18 21:00:02 Voice Service not healthy. Restarting...
voice: stopped
voice: started
2025-07-18 21:05:02 Voice Service not healthy. Restarting...
voice: stopped
voice: started
2025-07-18 21:10:01 Voice Service not healthy. Restarting...
voice: stopped
voice: started
2025-07-18 21:15:02 Voice Service not healthy. Restarting...
voice: stopped
voice: started
2025-07-18 21:20:01 Voice Service not healthy. Restarting...
voice: stopped
voice: started
2025-07-18 21:25:02 Voice Service not healthy. Restarting...
voice: stopped
voice: started
2025-07-18 21:30:02 Voice Service not healthy. Restarting...
voice: stopped
voice: started
2025-07-18 21:35:02 Voice Service not healthy. Restarting...
voice: stopped
voice: started
2025-07-18 21:40:01 Voice Service not healthy. Restarting...
voice: stopped
voice: started
2025-07-18 21:45:02 Voice Service not healthy. Restarting...
voice: stopped
voice: started
2025-07-18 21:50:02 Voice Service not healthy. Restarting...
voice: stopped
voice: started
2025-07-18 21:55:02 Voice Service not healthy. Restarting...
voice: stopped
voice: started
2025-07-18 22:00:01 Voice Service not healthy. Restarting...
voice: stopped
voice: started
2025-07-18 22:05:02 Voice Service not healthy. Restarting...
voice: stopped
voice: started
2025-07-18 22:10:02 Voice Service not healthy. Restarting...
voice: stopped
voice: started
2025-07-18 22:15:01 Voice Service not healthy. Restarting...
voice: stopped
voice: started
2025-07-18 22:20:02 Voice Service not healthy. Restarting...
voice: stopped
voice: started
2025-07-18 22:25:02 Voice Service not healthy. Restarting...
voice: stopped
voice: started
2025-07-18 22:30:01 Voice Service not healthy. Restarting...
voice: stopped
voice: started
2025-07-18 22:35:02 Voice Service not healthy. Restarting...
voice: stopped
voice: started
2025-07-18 22:40:02 Voice Service not healthy. Restarting...
voice: stopped
voice: started
2025-07-18 22:45:02 Voice Service not healthy. Restarting...
voice: stopped
voice: started
2025-07-18 22:50:01 Voice Service not healthy. Restarting...
voice: stopped
voice: started
2025-07-18 22:55:02 Voice Service not healthy. Restarting...
voice: stopped
voice: started
2025-07-18 23:00:02 Voice Service not healthy. Restarting...
voice: stopped
voice: started
2025-07-18 23:05:02 Voice Service not healthy. Restarting...
voice: stopped
voice: started
2025-07-18 23:10:01 Voice Service not healthy. Restarting...
voice: stopped
voice: started
2025-07-18 23:15:02 Voice Service not healthy. Restarting...
voice: stopped
voice: started
2025-07-18 23:20:02 Voice Service not healthy. Restarting...
voice: stopped
voice: started
2025-07-18 23:25:02 Voice Service not healthy. Restarting...
voice: stopped
voice: started
2025-07-18 23:30:02 Voice Service not healthy. Restarting...
voice: stopped
voice: started
2025-07-18 23:35:01 Voice Service not healthy. Restarting...
voice: stopped
voice: started
2025-07-18 23:40:02 Voice Service not healthy. Restarting...
voice: stopped
voice: started
2025-07-18 23:45:02 Voice Service not healthy. Restarting...
voice: stopped
voice: started
2025-07-18 23:50:02 Voice Service not healthy. Restarting...
voice: stopped
voice: started
2025-07-18 23:55:02 Voice Service not healthy. Restarting...
