voice: stopped
voice: started
2025-07-21 00:00:02 Voice Service not healthy. Restarting...
voice: stopped
voice: started
2025-07-21 00:05:01 Voice Service not healthy. Restarting...
voice: stopped
voice: started
2025-07-21 00:10:02 Voice Service not healthy. Restarting...
voice: stopped
voice: started
2025-07-21 00:15:02 Voice Service not healthy. Restarting...
voice: stopped
voice: started
2025-07-21 00:20:01 Voice Service not healthy. Restarting...
voice: stopped
voice: started
2025-07-21 00:25:01 Voice Service not healthy. Restarting...
voice: stopped
voice: started
2025-07-21 00:30:02 Voice Service not healthy. Restarting...
voice: stopped
voice: started
2025-07-21 00:35:02 Voice Service not healthy. Restarting...
voice: stopped
voice: started
2025-07-21 00:40:02 Voice Service not healthy. Restarting...
voice: stopped
voice: started
2025-07-21 00:45:01 Voice Service not healthy. Restarting...
voice: stopped
voice: started
2025-07-21 00:50:02 Voice Service not healthy. Restarting...
voice: stopped
voice: started
2025-07-21 00:55:02 Voice Service not healthy. Restarting...
voice: stopped
voice: started
2025-07-21 01:00:02 Voice Service not healthy. Restarting...
voice: stopped
voice: started
2025-07-21 01:05:02 Voice Service not healthy. Restarting...
voice: stopped
voice: started
2025-07-21 01:10:02 Voice Service not healthy. Restarting...
voice: stopped
voice: started
2025-07-21 01:15:01 Voice Service not healthy. Restarting...
voice: stopped
voice: started
2025-07-21 01:20:01 Voice Service not healthy. Restarting...
voice: stopped
voice: started
2025-07-21 01:25:02 Voice Service not healthy. Restarting...
voice: stopped
voice: started
2025-07-21 01:30:02 Voice Service not healthy. Restarting...
voice: stopped
voice: started
2025-07-21 01:35:01 Voice Service not healthy. Restarting...
voice: stopped
voice: started
2025-07-21 01:40:02 Voice Service not healthy. Restarting...
voice: stopped
voice: started
2025-07-21 01:45:02 Voice Service not healthy. Restarting...
voice: stopped
voice: started
2025-07-21 01:50:02 Voice Service not healthy. Restarting...
voice: stopped
voice: started
2025-07-21 01:55:02 Voice Service not healthy. Restarting...
voice: stopped
voice: started
2025-07-21 02:00:01 Voice Service not healthy. Restarting...
voice: stopped
voice: started
2025-07-21 02:05:02 Voice Service not healthy. Restarting...
voice: stopped
voice: started
2025-07-21 02:10:02 Voice Service not healthy. Restarting...
voice: stopped
voice: started
2025-07-21 02:15:02 Voice Service not healthy. Restarting...
voice: stopped
voice: started
2025-07-21 02:20:01 Voice Service not healthy. Restarting...
voice: stopped
voice: started
2025-07-21 02:25:02 Voice Service not healthy. Restarting...
voice: stopped
voice: started
2025-07-21 02:30:02 Voice Service not healthy. Restarting...
voice: stopped
voice: started
2025-07-21 02:35:01 Voice Service not healthy. Restarting...
voice: stopped
voice: started
2025-07-21 02:40:02 Voice Service not healthy. Restarting...
voice: stopped
voice: started
2025-07-21 02:45:02 Voice Service not healthy. Restarting...
voice: stopped
voice: started
2025-07-21 02:50:02 Voice Service not healthy. Restarting...
voice: stopped
voice: started
2025-07-21 02:55:02 Voice Service not healthy. Restarting...
voice: stopped
voice: started
2025-07-21 03:00:02 Voice Service not healthy. Restarting...
voice: stopped
voice: started
2025-07-21 03:05:01 Voice Service not healthy. Restarting...
voice: stopped
voice: started
2025-07-21 03:10:02 Voice Service not healthy. Restarting...
voice: stopped
voice: started
2025-07-21 03:15:02 Voice Service not healthy. Restarting...
voice: stopped
voice: started
2025-07-21 03:20:02 Voice Service not healthy. Restarting...
voice: stopped
voice: started
2025-07-21 03:25:01 Voice Service not healthy. Restarting...
voice: stopped
voice: started
2025-07-21 03:30:02 Voice Service not healthy. Restarting...
voice: stopped
voice: started
2025-07-21 03:35:02 Voice Service not healthy. Restarting...
voice: stopped
voice: started
2025-07-21 03:40:02 Voice Service not healthy. Restarting...
voice: stopped
voice: started
2025-07-21 03:45:02 Voice Service not healthy. Restarting...
voice: stopped
voice: started
2025-07-21 03:50:01 Voice Service not healthy. Restarting...
voice: stopped
voice: started
2025-07-21 03:55:01 Voice Service not healthy. Restarting...
voice: stopped
voice: started
2025-07-21 04:00:02 Voice Service not healthy. Restarting...
voice: stopped
voice: started
2025-07-21 04:05:01 Voice Service not healthy. Restarting...
voice: stopped
voice: started
2025-07-21 04:10:01 Voice Service not healthy. Restarting...
voice: stopped
voice: started
2025-07-21 04:15:02 Voice Service not healthy. Restarting...
voice: stopped
voice: started
2025-07-21 04:20:02 Voice Service not healthy. Restarting...
voice: stopped
voice: started
2025-07-21 04:25:02 Voice Service not healthy. Restarting...
voice: stopped
voice: started
2025-07-21 04:30:02 Voice Service not healthy. Restarting...
voice: stopped
voice: started
2025-07-21 04:35:01 Voice Service not healthy. Restarting...
voice: stopped
voice: started
2025-07-21 04:40:02 Voice Service not healthy. Restarting...
voice: stopped
voice: started
2025-07-21 04:45:02 Voice Service not healthy. Restarting...
voice: stopped
voice: started
2025-07-21 04:50:02 Voice Service not healthy. Restarting...
voice: stopped
voice: started
2025-07-21 04:55:01 Voice Service not healthy. Restarting...
voice: stopped
voice: started
2025-07-21 05:00:02 Voice Service not healthy. Restarting...
voice: stopped
voice: started
2025-07-21 05:05:02 Voice Service not healthy. Restarting...
voice: stopped
voice: started
2025-07-21 05:10:02 Voice Service not healthy. Restarting...
voice: stopped
voice: started
2025-07-21 05:15:02 Voice Service not healthy. Restarting...
voice: stopped
voice: started
2025-07-21 05:20:02 Voice Service not healthy. Restarting...
voice: stopped
voice: started
2025-07-21 05:25:01 Voice Service not healthy. Restarting...
voice: stopped
voice: started
2025-07-21 05:30:01 Voice Service not healthy. Restarting...
voice: stopped
voice: started
2025-07-21 05:35:02 Voice Service not healthy. Restarting...
voice: stopped
voice: started
2025-07-21 05:40:02 Voice Service not healthy. Restarting...
voice: stopped
voice: started
2025-07-21 05:45:01 Voice Service not healthy. Restarting...
voice: stopped
voice: started
2025-07-21 05:50:02 Voice Service not healthy. Restarting...
voice: stopped
voice: started
2025-07-21 05:55:02 Voice Service not healthy. Restarting...
voice: stopped
voice: started
2025-07-21 06:00:02 Voice Service not healthy. Restarting...
voice: stopped
voice: started
2025-07-21 06:05:01 Voice Service not healthy. Restarting...
voice: stopped
voice: started
2025-07-21 06:10:02 Voice Service not healthy. Restarting...
voice: stopped
voice: started
2025-07-21 06:15:02 Voice Service not healthy. Restarting...
voice: stopped
2025-07-21 06:20:02 Voice Service not healthy. Restarting...
Traceback (most recent call last):
  File "/home/voice-recognition/check_service.py", line 62, in <module>
    main()
  File "/home/voice-recognition/check_service.py", line 53, in main
    kill_matching_processes(target_cmd)
  File "/home/voice-recognition/check_service.py", line 37, in kill_matching_processes
    cmdline = ' '.join(proc.info['cmdline'])
TypeError: can only join an iterable
voice: ERROR (not running)
voice: started
2025-07-21 06:25:01 Voice Service not healthy. Restarting...
voice: stopped
voice: started
2025-07-21 06:30:01 Voice Service not healthy. Restarting...
voice: stopped
voice: started
2025-07-21 06:35:02 Voice Service not healthy. Restarting...
voice: stopped
voice: started
2025-07-21 06:40:02 Voice Service not healthy. Restarting...
voice: stopped
voice: started
2025-07-21 06:45:01 Voice Service not healthy. Restarting...
voice: stopped
voice: started
2025-07-21 06:50:01 Voice Service not healthy. Restarting...
voice: stopped
voice: started
2025-07-21 06:55:02 Voice Service not healthy. Restarting...
voice: stopped
voice: started
2025-07-21 07:00:02 Voice Service not healthy. Restarting...
voice: stopped
voice: started
2025-07-21 07:05:02 Voice Service not healthy. Restarting...
voice: stopped
voice: started
2025-07-21 07:10:02 Voice Service not healthy. Restarting...
voice: stopped
voice: started
2025-07-21 07:15:01 Voice Service not healthy. Restarting...
voice: stopped
voice: started
2025-07-21 07:20:02 Voice Service not healthy. Restarting...
voice: stopped
voice: started
2025-07-21 07:25:02 Voice Service not healthy. Restarting...
voice: stopped
voice: started
2025-07-21 07:30:02 Voice Service not healthy. Restarting...
voice: stopped
voice: started
2025-07-21 07:35:01 Voice Service not healthy. Restarting...
voice: stopped
2025-07-21 07:40:02 Voice Service not healthy. Restarting...
Traceback (most recent call last):
  File "/home/voice-recognition/check_service.py", line 62, in <module>
    main()
  File "/home/voice-recognition/check_service.py", line 53, in main
    kill_matching_processes(target_cmd)
  File "/home/voice-recognition/check_service.py", line 37, in kill_matching_processes
    cmdline = ' '.join(proc.info['cmdline'])
TypeError: can only join an iterable
voice: ERROR (not running)
voice: started
2025-07-21 07:45:02 Voice Service not healthy. Restarting...
voice: stopped
voice: started
2025-07-21 07:50:01 Voice Service not healthy. Restarting...
voice: stopped
voice: started
2025-07-21 07:55:01 Voice Service not healthy. Restarting...
voice: stopped
voice: started
2025-07-21 08:00:02 Voice Service not healthy. Restarting...
voice: stopped
voice: started
2025-07-21 08:05:02 Voice Service not healthy. Restarting...
voice: stopped
voice: started
2025-07-21 08:10:02 Voice Service not healthy. Restarting...
voice: stopped
voice: started
2025-07-21 08:15:01 Voice Service not healthy. Restarting...
voice: stopped
voice: started
2025-07-21 08:20:02 Voice Service not healthy. Restarting...
voice: stopped
voice: started
2025-07-21 08:25:02 Voice Service not healthy. Restarting...
voice: stopped
voice: started
2025-07-21 08:30:02 Voice Service not healthy. Restarting...
voice: stopped
voice: started
2025-07-21 08:35:01 Voice Service not healthy. Restarting...
voice: stopped
voice: started
2025-07-21 08:40:02 Voice Service not healthy. Restarting...
voice: stopped
voice: started
2025-07-21 08:45:02 Voice Service not healthy. Restarting...
voice: stopped
voice: started
2025-07-21 08:50:01 Voice Service not healthy. Restarting...
voice: stopped
voice: started
2025-07-21 08:55:02 Voice Service not healthy. Restarting...
voice: stopped
voice: started
2025-07-21 09:00:02 Voice Service not healthy. Restarting...
voice: stopped
voice: started
2025-07-21 09:05:02 Voice Service not healthy. Restarting...
voice: stopped
voice: started
2025-07-21 09:10:01 Voice Service not healthy. Restarting...
voice: stopped
voice: started
2025-07-21 09:15:02 Voice Service not healthy. Restarting...
voice: stopped
voice: started
2025-07-21 09:20:02 Voice Service not healthy. Restarting...
voice: stopped
voice: started
2025-07-21 09:25:02 Voice Service not healthy. Restarting...
voice: stopped
voice: started
2025-07-21 09:30:02 Voice Service not healthy. Restarting...
voice: stopped
voice: started
2025-07-21 09:35:01 Voice Service not healthy. Restarting...
voice: stopped
voice: started
2025-07-21 09:40:02 Voice Service not healthy. Restarting...
voice: stopped
voice: started
2025-07-21 09:45:02 Voice Service not healthy. Restarting...
voice: stopped
voice: started
2025-07-21 09:50:02 Voice Service not healthy. Restarting...
voice: stopped
voice: started
2025-07-21 09:55:01 Voice Service not healthy. Restarting...
voice: stopped
voice: started
2025-07-21 10:00:01 Voice Service not healthy. Restarting...
voice: stopped
voice: started
2025-07-21 10:05:02 Voice Service not healthy. Restarting...
voice: stopped
voice: started
2025-07-21 10:10:02 Voice Service not healthy. Restarting...
voice: stopped
voice: started
2025-07-21 10:15:01 Voice Service not healthy. Restarting...
voice: stopped
voice: started
2025-07-21 10:20:02 Voice Service not healthy. Restarting...
voice: stopped
2025-07-21 10:25:02 Voice Service not healthy. Restarting...
Traceback (most recent call last):
  File "/home/voice-recognition/check_service.py", line 62, in <module>
    main()
  File "/home/voice-recognition/check_service.py", line 53, in main
    kill_matching_processes(target_cmd)
  File "/home/voice-recognition/check_service.py", line 37, in kill_matching_processes
    cmdline = ' '.join(proc.info['cmdline'])
TypeError: can only join an iterable
voice: ERROR (not running)
voice: started
2025-07-21 10:30:01 Voice Service not healthy. Restarting...
voice: stopped
voice: started
2025-07-21 10:35:02 Voice Service not healthy. Restarting...
voice: stopped
voice: started
2025-07-21 10:40:02 Voice Service not healthy. Restarting...
voice: stopped
voice: started
2025-07-21 10:45:01 Voice Service not healthy. Restarting...
voice: stopped
voice: started
2025-07-21 10:50:02 Voice Service not healthy. Restarting...
voice: stopped
voice: started
2025-07-21 10:55:02 Voice Service not healthy. Restarting...
voice: stopped
voice: started
2025-07-21 11:00:01 Voice Service not healthy. Restarting...
voice: stopped
voice: started
2025-07-21 11:05:02 Voice Service not healthy. Restarting...
voice: stopped
voice: started
2025-07-21 11:10:02 Voice Service not healthy. Restarting...
voice: stopped
voice: started
2025-07-21 11:15:01 Voice Service not healthy. Restarting...
voice: stopped
voice: started
2025-07-21 11:20:01 Voice Service not healthy. Restarting...
voice: stopped
voice: started
2025-07-21 11:25:02 Voice Service not healthy. Restarting...
voice: stopped
voice: started
2025-07-21 11:30:01 Voice Service not healthy. Restarting...
voice: stopped
voice: started
2025-07-21 11:35:02 Voice Service not healthy. Restarting...
voice: stopped
voice: started
2025-07-21 11:40:02 Voice Service not healthy. Restarting...
voice: stopped
voice: started
2025-07-21 11:45:02 Voice Service not healthy. Restarting...
voice: stopped
2025-07-21 11:50:01 Voice Service not healthy. Restarting...
Traceback (most recent call last):
  File "/home/voice-recognition/check_service.py", line 62, in <module>
    main()
  File "/home/voice-recognition/check_service.py", line 53, in main
    kill_matching_processes(target_cmd)
  File "/home/voice-recognition/check_service.py", line 37, in kill_matching_processes
    cmdline = ' '.join(proc.info['cmdline'])
TypeError: can only join an iterable
voice: ERROR (not running)
voice: started
2025-07-21 11:55:02 Voice Service not healthy. Restarting...
voice: stopped
voice: started
2025-07-21 12:00:02 Voice Service not healthy. Restarting...
voice: stopped
voice: started
2025-07-21 12:05:01 Voice Service not healthy. Restarting...
voice: stopped
voice: started
2025-07-21 12:10:02 Voice Service not healthy. Restarting...
voice: stopped
2025-07-21 12:15:02 Voice Service not healthy. Restarting...
Traceback (most recent call last):
  File "/home/voice-recognition/check_service.py", line 62, in <module>
    main()
  File "/home/voice-recognition/check_service.py", line 53, in main
    kill_matching_processes(target_cmd)
  File "/home/voice-recognition/check_service.py", line 37, in kill_matching_processes
    cmdline = ' '.join(proc.info['cmdline'])
TypeError: can only join an iterable
voice: ERROR (not running)
voice: started
2025-07-21 12:20:01 Voice Service not healthy. Restarting...
voice: stopped
voice: started
2025-07-21 12:25:02 Voice Service not healthy. Restarting...
voice: stopped
voice: started
2025-07-21 12:30:02 Voice Service not healthy. Restarting...
voice: stopped
voice: started
2025-07-21 12:35:01 Voice Service not healthy. Restarting...
voice: stopped
voice: started
2025-07-21 12:40:01 Voice Service not healthy. Restarting...
voice: stopped
voice: started
2025-07-21 12:45:02 Voice Service not healthy. Restarting...
voice: stopped
voice: started
2025-07-21 12:50:02 Voice Service not healthy. Restarting...
voice: stopped
voice: started
2025-07-21 12:55:02 Voice Service not healthy. Restarting...
voice: stopped
voice: started
2025-07-21 13:00:01 Voice Service not healthy. Restarting...
voice: stopped
voice: started
2025-07-21 13:05:02 Voice Service not healthy. Restarting...
voice: stopped
voice: started
2025-07-21 13:10:02 Voice Service not healthy. Restarting...
voice: stopped
voice: started
2025-07-21 13:15:02 Voice Service not healthy. Restarting...
voice: stopped
voice: started
2025-07-21 13:20:02 Voice Service not healthy. Restarting...
voice: stopped
voice: started
2025-07-21 13:25:01 Voice Service not healthy. Restarting...
voice: stopped
voice: started
2025-07-21 13:30:02 Voice Service not healthy. Restarting...
voice: stopped
voice: started
2025-07-21 13:35:02 Voice Service not healthy. Restarting...
voice: stopped
voice: started
2025-07-21 13:40:01 Voice Service not healthy. Restarting...
voice: stopped
voice: started
2025-07-21 13:45:02 Voice Service not healthy. Restarting...
voice: stopped
voice: started
2025-07-21 13:50:01 Voice Service not healthy. Restarting...
voice: stopped
voice: started
2025-07-21 13:55:02 Voice Service not healthy. Restarting...
voice: stopped
voice: started
2025-07-21 14:00:02 Voice Service not healthy. Restarting...
voice: stopped
voice: started
2025-07-21 14:05:01 Voice Service not healthy. Restarting...
voice: stopped
voice: started
2025-07-21 14:10:02 Voice Service not healthy. Restarting...
voice: stopped
voice: started
2025-07-21 14:15:02 Voice Service not healthy. Restarting...
voice: stopped
voice: started
2025-07-21 14:20:01 Voice Service not healthy. Restarting...
voice: stopped
voice: started
2025-07-21 14:25:02 Voice Service not healthy. Restarting...
voice: stopped
voice: started
2025-07-21 14:30:02 Voice Service not healthy. Restarting...
voice: stopped
voice: started
2025-07-21 14:35:01 Voice Service not healthy. Restarting...
voice: stopped
voice: started
2025-07-21 14:40:02 Voice Service not healthy. Restarting...
voice: stopped
voice: started
2025-07-21 14:45:02 Voice Service not healthy. Restarting...
voice: stopped
voice: started
2025-07-21 14:50:02 Voice Service not healthy. Restarting...
voice: stopped
voice: started
2025-07-21 14:55:01 Voice Service not healthy. Restarting...
voice: stopped
voice: started
2025-07-21 15:00:02 Voice Service not healthy. Restarting...
voice: stopped
voice: started
2025-07-21 15:05:01 Voice Service not healthy. Restarting...
voice: stopped
voice: started
2025-07-21 15:10:02 Voice Service not healthy. Restarting...
voice: stopped
voice: started
2025-07-21 15:15:02 Voice Service not healthy. Restarting...
voice: stopped
voice: started
2025-07-21 15:20:02 Voice Service not healthy. Restarting...
voice: stopped
voice: started
2025-07-21 15:25:01 Voice Service not healthy. Restarting...
voice: stopped
voice: started
2025-07-21 15:30:01 Voice Service not healthy. Restarting...
voice: stopped
voice: started
2025-07-21 15:35:02 Voice Service not healthy. Restarting...
voice: stopped
voice: started
2025-07-21 15:40:01 Voice Service not healthy. Restarting...
voice: stopped
voice: started
2025-07-21 15:45:02 Voice Service not healthy. Restarting...
voice: stopped
voice: started
2025-07-21 15:50:02 Voice Service not healthy. Restarting...
voice: stopped
voice: started
2025-07-21 15:55:02 Voice Service not healthy. Restarting...
voice: stopped
voice: started
2025-07-21 16:00:01 Voice Service not healthy. Restarting...
voice: stopped
voice: started
2025-07-21 16:05:02 Voice Service not healthy. Restarting...
voice: stopped
voice: started
2025-07-21 16:10:02 Voice Service not healthy. Restarting...
voice: stopped
voice: started
2025-07-21 16:15:01 Voice Service not healthy. Restarting...
voice: stopped
voice: started
2025-07-21 16:20:02 Voice Service not healthy. Restarting...
voice: stopped
voice: started
2025-07-21 16:25:02 Voice Service not healthy. Restarting...
voice: stopped
2025-07-21 16:30:02 Voice Service not healthy. Restarting...
Traceback (most recent call last):
  File "/home/voice-recognition/check_service.py", line 62, in <module>
    main()
  File "/home/voice-recognition/check_service.py", line 53, in main
    kill_matching_processes(target_cmd)
  File "/home/voice-recognition/check_service.py", line 37, in kill_matching_processes
    cmdline = ' '.join(proc.info['cmdline'])
TypeError: can only join an iterable
voice: ERROR (not running)
voice: started
2025-07-21 16:35:01 Voice Service not healthy. Restarting...
voice: stopped
voice: started
2025-07-21 16:40:02 Voice Service not healthy. Restarting...
voice: stopped
voice: started
2025-07-21 16:45:02 Voice Service not healthy. Restarting...
voice: stopped
voice: started
2025-07-21 16:50:01 Voice Service not healthy. Restarting...
voice: stopped
voice: started
2025-07-21 16:55:02 Voice Service not healthy. Restarting...
voice: stopped
voice: started
2025-07-21 17:00:02 Voice Service not healthy. Restarting...
voice: stopped
voice: started
2025-07-21 17:05:01 Voice Service not healthy. Restarting...
voice: stopped
voice: started
2025-07-21 17:10:02 Voice Service not healthy. Restarting...
voice: stopped
2025-07-21 17:15:02 Voice Service not healthy. Restarting...
Traceback (most recent call last):
  File "/home/voice-recognition/check_service.py", line 62, in <module>
    main()
  File "/home/voice-recognition/check_service.py", line 53, in main
    kill_matching_processes(target_cmd)
  File "/home/voice-recognition/check_service.py", line 37, in kill_matching_processes
    cmdline = ' '.join(proc.info['cmdline'])
TypeError: can only join an iterable
voice: ERROR (not running)
voice: started
2025-07-21 17:20:01 Voice Service not healthy. Restarting...
voice: stopped
voice: started
2025-07-21 17:25:01 Voice Service not healthy. Restarting...
voice: stopped
voice: started
2025-07-21 17:30:02 Voice Service not healthy. Restarting...
voice: stopped
voice: started
2025-07-21 17:35:02 Voice Service not healthy. Restarting...
voice: stopped
voice: started
2025-07-21 17:40:01 Voice Service not healthy. Restarting...
voice: stopped
voice: started
2025-07-21 17:45:02 Voice Service not healthy. Restarting...
voice: stopped
voice: started
2025-07-21 17:50:02 Voice Service not healthy. Restarting...
voice: stopped
voice: started
2025-07-21 17:55:01 Voice Service not healthy. Restarting...
voice: stopped
voice: started
2025-07-21 18:00:02 Voice Service not healthy. Restarting...
voice: stopped
voice: started
2025-07-21 18:05:02 Voice Service not healthy. Restarting...
voice: stopped
voice: started
2025-07-21 18:10:01 Voice Service not healthy. Restarting...
voice: stopped
voice: started
2025-07-21 18:15:02 Voice Service not healthy. Restarting...
voice: stopped
voice: started
2025-07-21 18:20:02 Voice Service not healthy. Restarting...
voice: stopped
voice: started
2025-07-21 18:25:02 Voice Service not healthy. Restarting...
voice: stopped
voice: started
2025-07-21 18:30:02 Voice Service not healthy. Restarting...
voice: stopped
2025-07-21 18:35:01 Voice Service not healthy. Restarting...
Traceback (most recent call last):
  File "/home/voice-recognition/check_service.py", line 62, in <module>
    main()
  File "/home/voice-recognition/check_service.py", line 53, in main
    kill_matching_processes(target_cmd)
  File "/home/voice-recognition/check_service.py", line 37, in kill_matching_processes
    cmdline = ' '.join(proc.info['cmdline'])
TypeError: can only join an iterable
voice: ERROR (not running)
voice: started
2025-07-21 18:40:01 Voice Service not healthy. Restarting...
voice: stopped
voice: started
2025-07-21 18:45:01 Voice Service not healthy. Restarting...
voice: stopped
voice: started
2025-07-21 18:50:02 Voice Service not healthy. Restarting...
voice: stopped
voice: started
2025-07-21 18:55:01 Voice Service not healthy. Restarting...
voice: stopped
voice: started
2025-07-21 19:00:02 Voice Service not healthy. Restarting...
voice: stopped
voice: started
2025-07-21 19:05:01 Voice Service not healthy. Restarting...
voice: stopped
voice: started
2025-07-21 19:10:02 Voice Service not healthy. Restarting...
voice: stopped
voice: started
2025-07-21 19:15:02 Voice Service not healthy. Restarting...
voice: stopped
voice: started
2025-07-21 19:20:02 Voice Service not healthy. Restarting...
voice: stopped
voice: started
2025-07-21 19:25:01 Voice Service not healthy. Restarting...
voice: stopped
voice: started
2025-07-21 19:30:02 Voice Service not healthy. Restarting...
voice: stopped
voice: started
2025-07-21 19:35:02 Voice Service not healthy. Restarting...
voice: stopped
2025-07-21 19:40:01 Voice Service not healthy. Restarting...
Traceback (most recent call last):
  File "/home/voice-recognition/check_service.py", line 62, in <module>
    main()
  File "/home/voice-recognition/check_service.py", line 53, in main
    kill_matching_processes(target_cmd)
  File "/home/voice-recognition/check_service.py", line 37, in kill_matching_processes
    cmdline = ' '.join(proc.info['cmdline'])
TypeError: can only join an iterable
voice: ERROR (not running)
voice: started
2025-07-21 19:45:02 Voice Service not healthy. Restarting...
voice: stopped
voice: started
2025-07-21 19:50:02 Voice Service not healthy. Restarting...
voice: stopped
voice: started
2025-07-21 19:55:02 Voice Service not healthy. Restarting...
voice: stopped
voice: started
2025-07-21 20:00:01 Voice Service not healthy. Restarting...
voice: stopped
voice: started
2025-07-21 20:05:02 Voice Service not healthy. Restarting...
voice: stopped
voice: started
2025-07-21 20:10:01 Voice Service not healthy. Restarting...
voice: stopped
voice: started
2025-07-21 20:15:02 Voice Service not healthy. Restarting...
voice: stopped
voice: started
2025-07-21 20:20:02 Voice Service not healthy. Restarting...
voice: stopped
voice: started
2025-07-21 20:25:01 Voice Service not healthy. Restarting...
voice: stopped
voice: started
2025-07-21 20:30:02 Voice Service not healthy. Restarting...
voice: stopped
voice: started
2025-07-21 20:35:02 Voice Service not healthy. Restarting...
voice: stopped
2025-07-21 20:40:01 Voice Service not healthy. Restarting...
Traceback (most recent call last):
  File "/home/voice-recognition/check_service.py", line 62, in <module>
    main()
  File "/home/voice-recognition/check_service.py", line 53, in main
    kill_matching_processes(target_cmd)
  File "/home/voice-recognition/check_service.py", line 37, in kill_matching_processes
    cmdline = ' '.join(proc.info['cmdline'])
TypeError: can only join an iterable
voice: ERROR (not running)
voice: started
2025-07-21 20:45:02 Voice Service not healthy. Restarting...
voice: stopped
voice: started
2025-07-21 20:50:02 Voice Service not healthy. Restarting...
voice: stopped
voice: started
2025-07-21 20:55:02 Voice Service not healthy. Restarting...
voice: stopped
voice: started
2025-07-21 21:00:02 Voice Service not healthy. Restarting...
voice: stopped
voice: started
2025-07-21 21:05:01 Voice Service not healthy. Restarting...
voice: stopped
voice: started
2025-07-21 21:10:02 Voice Service not healthy. Restarting...
voice: stopped
voice: started
2025-07-21 21:15:01 Voice Service not healthy. Restarting...
voice: stopped
voice: started
2025-07-21 21:20:02 Voice Service not healthy. Restarting...
voice: stopped
voice: started
2025-07-21 21:25:02 Voice Service not healthy. Restarting...
voice: stopped
voice: started
2025-07-21 21:30:01 Voice Service not healthy. Restarting...
voice: stopped
voice: started
2025-07-21 21:35:02 Voice Service not healthy. Restarting...
voice: stopped
voice: started
2025-07-21 21:40:02 Voice Service not healthy. Restarting...
voice: stopped
voice: started
2025-07-21 21:45:01 Voice Service not healthy. Restarting...
voice: stopped
voice: started
2025-07-21 21:50:02 Voice Service not healthy. Restarting...
voice: stopped
voice: started
2025-07-21 21:55:02 Voice Service not healthy. Restarting...
voice: stopped
2025-07-21 22:00:01 Voice Service not healthy. Restarting...
Traceback (most recent call last):
  File "/home/voice-recognition/check_service.py", line 62, in <module>
    main()
  File "/home/voice-recognition/check_service.py", line 53, in main
    kill_matching_processes(target_cmd)
  File "/home/voice-recognition/check_service.py", line 37, in kill_matching_processes
    cmdline = ' '.join(proc.info['cmdline'])
TypeError: can only join an iterable
voice: ERROR (not running)
voice: started
2025-07-21 22:05:02 Voice Service not healthy. Restarting...
voice: stopped
voice: started
2025-07-21 22:10:01 Voice Service not healthy. Restarting...
voice: stopped
voice: started
2025-07-21 22:15:02 Voice Service not healthy. Restarting...
voice: stopped
voice: started
2025-07-21 22:20:02 Voice Service not healthy. Restarting...
voice: stopped
voice: started
2025-07-21 22:25:01 Voice Service not healthy. Restarting...
voice: stopped
voice: started
2025-07-21 22:30:02 Voice Service not healthy. Restarting...
voice: stopped
voice: started
2025-07-21 22:35:01 Voice Service not healthy. Restarting...
voice: stopped
voice: started
2025-07-21 22:40:02 Voice Service not healthy. Restarting...
voice: stopped
voice: started
2025-07-21 22:45:02 Voice Service not healthy. Restarting...
voice: stopped
voice: started
2025-07-21 22:50:01 Voice Service not healthy. Restarting...
voice: stopped
voice: started
2025-07-21 22:55:02 Voice Service not healthy. Restarting...
voice: stopped
voice: started
2025-07-21 23:00:01 Voice Service not healthy. Restarting...
voice: stopped
voice: started
2025-07-21 23:05:02 Voice Service not healthy. Restarting...
voice: stopped
voice: started
2025-07-21 23:10:02 Voice Service not healthy. Restarting...
voice: stopped
voice: started
2025-07-21 23:15:02 Voice Service not healthy. Restarting...
voice: stopped
voice: started
2025-07-21 23:20:02 Voice Service not healthy. Restarting...
voice: stopped
voice: started
2025-07-21 23:25:01 Voice Service not healthy. Restarting...
voice: stopped
voice: started
2025-07-21 23:30:02 Voice Service not healthy. Restarting...
voice: stopped
voice: started
2025-07-21 23:35:01 Voice Service not healthy. Restarting...
voice: stopped
voice: started
2025-07-21 23:40:02 Voice Service not healthy. Restarting...
voice: stopped
voice: started
2025-07-21 23:45:02 Voice Service not healthy. Restarting...
voice: stopped
voice: started
2025-07-21 23:50:01 Voice Service not healthy. Restarting...
voice: stopped
voice: started
2025-07-21 23:55:02 Voice Service not healthy. Restarting...
