voice: stopped
voice: started
2025-07-22 00:00:02 Voice Service not healthy. Restarting...
voice: stopped
voice: started
2025-07-22 00:05:02 Voice Service not healthy. Restarting...
voice: stopped
voice: started
2025-07-22 00:10:02 Voice Service not healthy. Restarting...
voice: stopped
voice: started
2025-07-22 00:15:02 Voice Service not healthy. Restarting...
voice: stopped
voice: started
2025-07-22 00:20:01 Voice Service not healthy. Restarting...
voice: stopped
voice: started
2025-07-22 00:25:02 Voice Service not healthy. Restarting...
voice: stopped
voice: started
2025-07-22 00:30:01 Voice Service not healthy. Restarting...
voice: stopped
voice: started
2025-07-22 00:35:02 Voice Service not healthy. Restarting...
voice: stopped
voice: started
2025-07-22 00:40:02 Voice Service not healthy. Restarting...
voice: stopped
voice: started
2025-07-22 00:45:01 Voice Service not healthy. Restarting...
voice: stopped
voice: started
2025-07-22 00:50:02 Voice Service not healthy. Restarting...
voice: stopped
voice: started
2025-07-22 00:55:02 Voice Service not healthy. Restarting...
voice: stopped
voice: started
2025-07-22 01:00:01 Voice Service not healthy. Restarting...
voice: stopped
voice: started
2025-07-22 01:05:02 Voice Service not healthy. Restarting...
voice: stopped
voice: started
2025-07-22 01:10:01 Voice Service not healthy. Restarting...
voice: stopped
voice: started
2025-07-22 01:15:02 Voice Service not healthy. Restarting...
voice: stopped
voice: started
2025-07-22 01:20:02 Voice Service not healthy. Restarting...
voice: stopped
voice: started
2025-07-22 01:25:02 Voice Service not healthy. Restarting...
voice: stopped
voice: started
2025-07-22 01:30:01 Voice Service not healthy. Restarting...
voice: stopped
voice: started
2025-07-22 01:35:02 Voice Service not healthy. Restarting...
voice: stopped
voice: started
2025-07-22 01:40:02 Voice Service not healthy. Restarting...
voice: stopped
voice: started
2025-07-22 01:45:02 Voice Service not healthy. Restarting...
voice: stopped
voice: started
2025-07-22 01:50:02 Voice Service not healthy. Restarting...
voice: stopped
voice: started
2025-07-22 01:55:01 Voice Service not healthy. Restarting...
voice: stopped
voice: started
2025-07-22 02:00:01 Voice Service not healthy. Restarting...
voice: stopped
voice: started
2025-07-22 02:05:02 Voice Service not healthy. Restarting...
voice: stopped
voice: started
2025-07-22 02:10:01 Voice Service not healthy. Restarting...
voice: stopped
voice: started
2025-07-22 02:15:02 Voice Service not healthy. Restarting...
voice: stopped
voice: started
2025-07-22 02:20:02 Voice Service not healthy. Restarting...
voice: stopped
voice: started
2025-07-22 02:25:02 Voice Service not healthy. Restarting...
voice: stopped
voice: started
2025-07-22 02:30:02 Voice Service not healthy. Restarting...
voice: stopped
voice: started
2025-07-22 02:35:02 Voice Service not healthy. Restarting...
voice: stopped
voice: started
2025-07-22 02:40:02 Voice Service not healthy. Restarting...
voice: stopped
voice: started
2025-07-22 02:45:02 Voice Service not healthy. Restarting...
voice: stopped
voice: started
2025-07-22 02:50:02 Voice Service not healthy. Restarting...
voice: stopped
voice: started
2025-07-22 02:55:02 Voice Service not healthy. Restarting...
voice: stopped
voice: started
2025-07-22 03:00:02 Voice Service not healthy. Restarting...
voice: stopped
voice: started
2025-07-22 03:05:02 Voice Service not healthy. Restarting...
voice: stopped
voice: started
2025-07-22 03:10:02 Voice Service not healthy. Restarting...
voice: stopped
voice: started
2025-07-22 03:15:02 Voice Service not healthy. Restarting...
voice: stopped
voice: started
2025-07-22 03:20:02 Voice Service not healthy. Restarting...
voice: stopped
voice: started
2025-07-22 03:25:02 Voice Service not healthy. Restarting...
voice: stopped
voice: started
2025-07-22 03:30:02 Voice Service not healthy. Restarting...
voice: stopped
voice: started
2025-07-22 03:35:01 Voice Service not healthy. Restarting...
voice: stopped
voice: started
2025-07-22 03:40:02 Voice Service not healthy. Restarting...
voice: stopped
voice: started
2025-07-22 03:45:02 Voice Service not healthy. Restarting...
voice: stopped
voice: started
2025-07-22 03:50:01 Voice Service not healthy. Restarting...
voice: stopped
voice: started
2025-07-22 03:55:02 Voice Service not healthy. Restarting...
voice: stopped
voice: started
2025-07-22 04:00:01 Voice Service not healthy. Restarting...
voice: stopped
voice: started
2025-07-22 04:05:02 Voice Service not healthy. Restarting...
voice: stopped
voice: started
2025-07-22 04:10:01 Voice Service not healthy. Restarting...
voice: stopped
voice: started
2025-07-22 04:15:02 Voice Service not healthy. Restarting...
voice: stopped
voice: started
2025-07-22 04:20:02 Voice Service not healthy. Restarting...
voice: stopped
voice: started
2025-07-22 04:25:01 Voice Service not healthy. Restarting...
voice: stopped
voice: started
2025-07-22 04:30:02 Voice Service not healthy. Restarting...
voice: stopped
voice: started
2025-07-22 04:35:07 Voice Service not healthy. Restarting...
voice: stopped
voice: started
2025-07-22 04:40:01 Voice Service not healthy. Restarting...
voice: stopped
voice: started
2025-07-22 04:45:02 Voice Service not healthy. Restarting...
voice: stopped
voice: started
2025-07-22 04:50:02 Voice Service not healthy. Restarting...
voice: stopped
voice: started
2025-07-22 04:55:02 Voice Service not healthy. Restarting...
voice: stopped
voice: started
2025-07-22 05:00:01 Voice Service not healthy. Restarting...
voice: stopped
voice: started
2025-07-22 05:05:02 Voice Service not healthy. Restarting...
voice: stopped
voice: started
2025-07-22 05:10:01 Voice Service not healthy. Restarting...
voice: stopped
voice: started
2025-07-22 05:15:02 Voice Service not healthy. Restarting...
voice: stopped
voice: started
2025-07-22 05:20:01 Voice Service not healthy. Restarting...
voice: stopped
voice: started
2025-07-22 05:25:02 Voice Service not healthy. Restarting...
voice: stopped
voice: started
2025-07-22 05:30:02 Voice Service not healthy. Restarting...
voice: stopped
voice: started
2025-07-22 05:35:01 Voice Service not healthy. Restarting...
voice: stopped
voice: started
2025-07-22 05:40:02 Voice Service not healthy. Restarting...
voice: stopped
voice: started
2025-07-22 05:45:02 Voice Service not healthy. Restarting...
voice: stopped
voice: started
2025-07-22 05:50:02 Voice Service not healthy. Restarting...
voice: stopped
2025-07-22 05:55:01 Voice Service not healthy. Restarting...
Traceback (most recent call last):
  File "/home/voice-recognition/check_service.py", line 62, in <module>
    main()
  File "/home/voice-recognition/check_service.py", line 53, in main
    kill_matching_processes(target_cmd)
  File "/home/voice-recognition/check_service.py", line 37, in kill_matching_processes
    cmdline = ' '.join(proc.info['cmdline'])
TypeError: can only join an iterable
voice: ERROR (not running)
voice: started
2025-07-22 06:00:01 Voice Service not healthy. Restarting...
voice: stopped
voice: started
2025-07-22 06:05:02 Voice Service not healthy. Restarting...
voice: stopped
voice: started
2025-07-22 06:10:02 Voice Service not healthy. Restarting...
voice: stopped
voice: started
2025-07-22 06:15:02 Voice Service not healthy. Restarting...
voice: stopped
voice: started
2025-07-22 06:20:01 Voice Service not healthy. Restarting...
voice: stopped
voice: started
2025-07-22 06:25:02 Voice Service not healthy. Restarting...
voice: stopped
voice: started
2025-07-22 06:30:02 Voice Service not healthy. Restarting...
voice: stopped
voice: started
2025-07-22 06:35:01 Voice Service not healthy. Restarting...
voice: stopped
voice: started
2025-07-22 06:40:02 Voice Service not healthy. Restarting...
voice: stopped
voice: started
2025-07-22 06:45:02 Voice Service not healthy. Restarting...
voice: stopped
voice: started
2025-07-22 06:50:02 Voice Service not healthy. Restarting...
voice: stopped
voice: started
2025-07-22 06:55:01 Voice Service not healthy. Restarting...
voice: stopped
voice: started
2025-07-22 07:00:01 Voice Service not healthy. Restarting...
voice: stopped
voice: started
2025-07-22 07:05:02 Voice Service not healthy. Restarting...
voice: stopped
voice: started
2025-07-22 07:10:02 Voice Service not healthy. Restarting...
voice: stopped
voice: started
2025-07-22 07:15:01 Voice Service not healthy. Restarting...
voice: stopped
voice: started
2025-07-22 07:20:01 Voice Service not healthy. Restarting...
voice: stopped
voice: started
2025-07-22 07:25:02 Voice Service not healthy. Restarting...
voice: stopped
voice: started
2025-07-22 07:30:02 Voice Service not healthy. Restarting...
voice: stopped
voice: started
2025-07-22 07:35:01 Voice Service not healthy. Restarting...
voice: stopped
voice: started
2025-07-22 07:40:02 Voice Service not healthy. Restarting...
voice: stopped
voice: started
2025-07-22 07:45:02 Voice Service not healthy. Restarting...
voice: stopped
voice: started
2025-07-22 07:50:01 Voice Service not healthy. Restarting...
voice: stopped
voice: started
2025-07-22 07:55:02 Voice Service not healthy. Restarting...
voice: stopped
voice: started
2025-07-22 08:00:02 Voice Service not healthy. Restarting...
voice: stopped
voice: started
2025-07-22 08:05:02 Voice Service not healthy. Restarting...
voice: stopped
voice: started
2025-07-22 08:10:01 Voice Service not healthy. Restarting...
voice: stopped
voice: started
2025-07-22 08:15:02 Voice Service not healthy. Restarting...
voice: stopped
voice: started
2025-07-22 08:20:02 Voice Service not healthy. Restarting...
voice: stopped
voice: started
2025-07-22 08:25:01 Voice Service not healthy. Restarting...
voice: stopped
voice: started
2025-07-22 08:30:02 Voice Service not healthy. Restarting...
voice: stopped
voice: started
2025-07-22 08:35:02 Voice Service not healthy. Restarting...
voice: stopped
voice: started
2025-07-22 08:40:02 Voice Service not healthy. Restarting...
voice: stopped
voice: started
2025-07-22 08:45:02 Voice Service not healthy. Restarting...
voice: stopped
voice: started
2025-07-22 08:50:02 Voice Service not healthy. Restarting...
voice: stopped
voice: started
2025-07-22 08:55:01 Voice Service not healthy. Restarting...
voice: stopped
voice: started
2025-07-22 09:00:01 Voice Service not healthy. Restarting...
voice: stopped
voice: started
2025-07-22 09:05:02 Voice Service not healthy. Restarting...
voice: stopped
voice: started
2025-07-22 09:10:02 Voice Service not healthy. Restarting...
voice: stopped
voice: started
2025-07-22 09:15:01 Voice Service not healthy. Restarting...
voice: stopped
voice: started
2025-07-22 09:20:02 Voice Service not healthy. Restarting...
voice: stopped
voice: started
2025-07-22 09:25:02 Voice Service not healthy. Restarting...
voice: stopped
voice: started
2025-07-22 09:30:02 Voice Service not healthy. Restarting...
voice: stopped
voice: started
2025-07-22 09:35:01 Voice Service not healthy. Restarting...
voice: stopped
voice: started
2025-07-22 09:40:02 Voice Service not healthy. Restarting...
voice: stopped
voice: started
2025-07-22 09:45:02 Voice Service not healthy. Restarting...
voice: stopped
voice: started
2025-07-22 09:50:01 Voice Service not healthy. Restarting...
voice: stopped
voice: started
2025-07-22 09:55:02 Voice Service not healthy. Restarting...
voice: stopped
voice: started
2025-07-22 10:00:02 Voice Service not healthy. Restarting...
voice: stopped
voice: started
2025-07-22 10:05:02 Voice Service not healthy. Restarting...
voice: stopped
voice: started
2025-07-22 10:10:01 Voice Service not healthy. Restarting...
voice: stopped
voice: started
2025-07-22 10:15:02 Voice Service not healthy. Restarting...
voice: stopped
voice: started
2025-07-22 10:20:02 Voice Service not healthy. Restarting...
voice: stopped
voice: started
2025-07-22 10:25:02 Voice Service not healthy. Restarting...
voice: stopped
voice: started
2025-07-22 10:30:01 Voice Service not healthy. Restarting...
voice: stopped
voice: started
2025-07-22 10:35:02 Voice Service not healthy. Restarting...
voice: stopped
voice: started
2025-07-22 10:40:02 Voice Service not healthy. Restarting...
voice: stopped
voice: started
2025-07-22 10:45:02 Voice Service not healthy. Restarting...
voice: stopped
2025-07-22 10:50:01 Voice Service not healthy. Restarting...
Traceback (most recent call last):
  File "/home/voice-recognition/check_service.py", line 62, in <module>
    main()
  File "/home/voice-recognition/check_service.py", line 53, in main
    kill_matching_processes(target_cmd)
  File "/home/voice-recognition/check_service.py", line 37, in kill_matching_processes
    cmdline = ' '.join(proc.info['cmdline'])
TypeError: can only join an iterable
voice: ERROR (not running)
voice: started
2025-07-22 10:55:02 Voice Service not healthy. Restarting...
voice: stopped
voice: started
2025-07-22 11:00:02 Voice Service not healthy. Restarting...
voice: stopped
voice: started
2025-07-22 11:05:02 Voice Service not healthy. Restarting...
voice: stopped
voice: started
2025-07-22 11:10:01 Voice Service not healthy. Restarting...
voice: stopped
voice: started
2025-07-22 11:15:02 Voice Service not healthy. Restarting...
voice: stopped
voice: started
2025-07-22 11:20:01 Voice Service not healthy. Restarting...
voice: stopped
voice: started
2025-07-22 11:25:01 Voice Service not healthy. Restarting...
voice: stopped
voice: started
2025-07-22 11:30:02 Voice Service not healthy. Restarting...
voice: stopped
voice: started
2025-07-22 11:35:02 Voice Service not healthy. Restarting...
voice: stopped
voice: started
2025-07-22 11:40:02 Voice Service not healthy. Restarting...
voice: stopped
voice: started
2025-07-22 11:45:01 Voice Service not healthy. Restarting...
voice: stopped
voice: started
2025-07-22 11:50:02 Voice Service not healthy. Restarting...
voice: stopped
voice: started
2025-07-22 11:55:01 Voice Service not healthy. Restarting...
voice: stopped
voice: started
2025-07-22 12:00:02 Voice Service not healthy. Restarting...
voice: stopped
voice: started
2025-07-22 12:05:02 Voice Service not healthy. Restarting...
voice: stopped
2025-07-22 12:10:01 Voice Service not healthy. Restarting...
Traceback (most recent call last):
  File "/home/voice-recognition/check_service.py", line 62, in <module>
    main()
  File "/home/voice-recognition/check_service.py", line 53, in main
    kill_matching_processes(target_cmd)
  File "/home/voice-recognition/check_service.py", line 37, in kill_matching_processes
    cmdline = ' '.join(proc.info['cmdline'])
TypeError: can only join an iterable
voice: ERROR (not running)
voice: started
2025-07-22 12:15:02 Voice Service not healthy. Restarting...
voice: stopped
voice: started
2025-07-22 12:20:02 Voice Service not healthy. Restarting...
voice: stopped
voice: started
2025-07-22 12:25:01 Voice Service not healthy. Restarting...
voice: stopped
2025-07-22 12:30:02 Voice Service not healthy. Restarting...
Traceback (most recent call last):
  File "/home/voice-recognition/check_service.py", line 62, in <module>
    main()
  File "/home/voice-recognition/check_service.py", line 53, in main
    kill_matching_processes(target_cmd)
  File "/home/voice-recognition/check_service.py", line 37, in kill_matching_processes
    cmdline = ' '.join(proc.info['cmdline'])
TypeError: can only join an iterable
voice: ERROR (not running)
voice: started
2025-07-22 12:35:02 Voice Service not healthy. Restarting...
voice: stopped
voice: started
2025-07-22 12:40:01 Voice Service not healthy. Restarting...
voice: stopped
voice: started
2025-07-22 12:45:02 Voice Service not healthy. Restarting...
voice: stopped
voice: started
2025-07-22 12:50:02 Voice Service not healthy. Restarting...
voice: stopped
voice: started
2025-07-22 12:55:02 Voice Service not healthy. Restarting...
voice: stopped
voice: started
2025-07-22 13:00:01 Voice Service not healthy. Restarting...
voice: stopped
2025-07-22 13:05:02 Voice Service not healthy. Restarting...
Traceback (most recent call last):
  File "/home/voice-recognition/check_service.py", line 62, in <module>
    main()
  File "/home/voice-recognition/check_service.py", line 53, in main
    kill_matching_processes(target_cmd)
  File "/home/voice-recognition/check_service.py", line 37, in kill_matching_processes
    cmdline = ' '.join(proc.info['cmdline'])
TypeError: can only join an iterable
voice: ERROR (not running)
voice: started
2025-07-22 13:10:02 Voice Service not healthy. Restarting...
voice: stopped
voice: started
2025-07-22 13:15:02 Voice Service not healthy. Restarting...
voice: stopped
voice: started
2025-07-22 13:20:01 Voice Service not healthy. Restarting...
voice: stopped
voice: started
2025-07-22 13:25:02 Voice Service not healthy. Restarting...
voice: stopped
voice: started
2025-07-22 13:30:02 Voice Service not healthy. Restarting...
voice: stopped
voice: started
2025-07-22 13:35:02 Voice Service not healthy. Restarting...
voice: stopped
voice: started
2025-07-22 13:40:01 Voice Service not healthy. Restarting...
voice: stopped
voice: started
2025-07-22 13:45:02 Voice Service not healthy. Restarting...
voice: stopped
voice: started
2025-07-22 13:50:02 Voice Service not healthy. Restarting...
voice: stopped
voice: started
2025-07-22 13:55:01 Voice Service not healthy. Restarting...
voice: stopped
voice: started
2025-07-22 14:00:02 Voice Service not healthy. Restarting...
voice: stopped
voice: started
2025-07-22 14:05:02 Voice Service not healthy. Restarting...
voice: stopped
voice: started
2025-07-22 14:10:01 Voice Service not healthy. Restarting...
voice: stopped
voice: started
2025-07-22 14:15:02 Voice Service not healthy. Restarting...
voice: stopped
voice: started
2025-07-22 14:20:02 Voice Service not healthy. Restarting...
voice: stopped
voice: started
2025-07-22 14:25:02 Voice Service not healthy. Restarting...
voice: stopped
voice: started
2025-07-22 14:30:02 Voice Service not healthy. Restarting...
voice: stopped
voice: started
2025-07-22 14:35:01 Voice Service not healthy. Restarting...
voice: stopped
voice: started
2025-07-22 14:40:02 Voice Service not healthy. Restarting...
voice: stopped
voice: started
2025-07-22 14:45:02 Voice Service not healthy. Restarting...
voice: stopped
voice: started
2025-07-22 14:50:01 Voice Service not healthy. Restarting...
voice: stopped
voice: started
2025-07-22 14:55:02 Voice Service not healthy. Restarting...
voice: stopped
voice: started
2025-07-22 15:00:02 Voice Service not healthy. Restarting...
voice: stopped
voice: started
2025-07-22 15:05:01 Voice Service not healthy. Restarting...
voice: stopped
voice: started
2025-07-22 15:10:02 Voice Service not healthy. Restarting...
voice: stopped
voice: started
2025-07-22 15:15:02 Voice Service not healthy. Restarting...
voice: stopped
voice: started
2025-07-22 15:20:01 Voice Service not healthy. Restarting...
voice: stopped
voice: started
2025-07-22 15:25:02 Voice Service not healthy. Restarting...
voice: stopped
voice: started
2025-07-22 15:30:02 Voice Service not healthy. Restarting...
voice: stopped
voice: started
2025-07-22 15:35:02 Voice Service not healthy. Restarting...
voice: stopped
voice: started
2025-07-22 15:40:01 Voice Service not healthy. Restarting...
voice: stopped
voice: started
2025-07-22 15:45:01 Voice Service not healthy. Restarting...
voice: stopped
voice: started
2025-07-22 15:50:02 Voice Service not healthy. Restarting...
voice: stopped
voice: started
2025-07-22 15:55:02 Voice Service not healthy. Restarting...
voice: stopped
voice: started
2025-07-22 16:00:01 Voice Service not healthy. Restarting...
voice: stopped
2025-07-22 16:05:02 Voice Service not healthy. Restarting...
Traceback (most recent call last):
  File "/home/voice-recognition/check_service.py", line 62, in <module>
    main()
  File "/home/voice-recognition/check_service.py", line 53, in main
    kill_matching_processes(target_cmd)
  File "/home/voice-recognition/check_service.py", line 37, in kill_matching_processes
    cmdline = ' '.join(proc.info['cmdline'])
TypeError: can only join an iterable
voice: ERROR (not running)
voice: started
2025-07-22 16:10:02 Voice Service not healthy. Restarting...
voice: stopped
voice: started
2025-07-22 16:15:02 Voice Service not healthy. Restarting...
voice: stopped
2025-07-22 16:20:01 Voice Service not healthy. Restarting...
Traceback (most recent call last):
  File "/home/voice-recognition/check_service.py", line 62, in <module>
    main()
  File "/home/voice-recognition/check_service.py", line 53, in main
    kill_matching_processes(target_cmd)
  File "/home/voice-recognition/check_service.py", line 37, in kill_matching_processes
    cmdline = ' '.join(proc.info['cmdline'])
TypeError: can only join an iterable
voice: ERROR (not running)
voice: started
2025-07-22 16:25:02 Voice Service not healthy. Restarting...
voice: stopped
voice: started
2025-07-22 16:30:02 Voice Service not healthy. Restarting...
voice: stopped
voice: started
2025-07-22 16:35:01 Voice Service not healthy. Restarting...
voice: stopped
voice: started
2025-07-22 16:40:02 Voice Service not healthy. Restarting...
voice: stopped
voice: started
2025-07-22 16:45:02 Voice Service not healthy. Restarting...
voice: stopped
2025-07-22 16:50:01 Voice Service not healthy. Restarting...
Traceback (most recent call last):
  File "/home/voice-recognition/check_service.py", line 62, in <module>
    main()
  File "/home/voice-recognition/check_service.py", line 53, in main
    kill_matching_processes(target_cmd)
  File "/home/voice-recognition/check_service.py", line 37, in kill_matching_processes
    cmdline = ' '.join(proc.info['cmdline'])
TypeError: can only join an iterable
voice: ERROR (not running)
voice: started
2025-07-22 16:55:02 Voice Service not healthy. Restarting...
voice: stopped
voice: started
2025-07-22 17:00:02 Voice Service not healthy. Restarting...
voice: stopped
voice: started
2025-07-22 17:05:02 Voice Service not healthy. Restarting...
voice: stopped
voice: started
2025-07-22 17:10:01 Voice Service not healthy. Restarting...
voice: stopped
voice: started
2025-07-22 17:15:02 Voice Service not healthy. Restarting...
voice: stopped
voice: started
2025-07-22 17:20:01 Voice Service not healthy. Restarting...
voice: stopped
2025-07-22 17:25:02 Voice Service not healthy. Restarting...
Traceback (most recent call last):
  File "/home/voice-recognition/check_service.py", line 62, in <module>
    main()
  File "/home/voice-recognition/check_service.py", line 53, in main
    kill_matching_processes(target_cmd)
  File "/home/voice-recognition/check_service.py", line 37, in kill_matching_processes
    cmdline = ' '.join(proc.info['cmdline'])
TypeError: can only join an iterable
voice: ERROR (not running)
voice: started
2025-07-22 17:30:02 Voice Service not healthy. Restarting...
voice: stopped
voice: started
2025-07-22 17:35:01 Voice Service not healthy. Restarting...
voice: stopped
voice: started
2025-07-22 17:40:02 Voice Service not healthy. Restarting...
voice: stopped
voice: started
2025-07-22 17:45:02 Voice Service not healthy. Restarting...
voice: stopped
voice: started
2025-07-22 17:50:01 Voice Service not healthy. Restarting...
voice: stopped
voice: started
2025-07-22 17:55:02 Voice Service not healthy. Restarting...
voice: stopped
voice: started
2025-07-22 18:00:02 Voice Service not healthy. Restarting...
voice: stopped
voice: started
2025-07-22 18:05:01 Voice Service not healthy. Restarting...
voice: stopped
voice: started
2025-07-22 18:10:02 Voice Service not healthy. Restarting...
voice: stopped
voice: started
2025-07-22 18:15:02 Voice Service not healthy. Restarting...
voice: stopped
voice: started
2025-07-22 18:20:01 Voice Service not healthy. Restarting...
voice: stopped
voice: started
2025-07-22 18:25:02 Voice Service not healthy. Restarting...
voice: stopped
voice: started
2025-07-22 18:30:02 Voice Service not healthy. Restarting...
voice: stopped
voice: started
2025-07-22 18:35:01 Voice Service not healthy. Restarting...
voice: stopped
voice: started
2025-07-22 18:40:02 Voice Service not healthy. Restarting...
voice: stopped
voice: started
2025-07-22 18:45:02 Voice Service not healthy. Restarting...
voice: stopped
2025-07-22 18:50:01 Voice Service not healthy. Restarting...
Traceback (most recent call last):
  File "/home/voice-recognition/check_service.py", line 62, in <module>
    main()
  File "/home/voice-recognition/check_service.py", line 53, in main
    kill_matching_processes(target_cmd)
  File "/home/voice-recognition/check_service.py", line 37, in kill_matching_processes
    cmdline = ' '.join(proc.info['cmdline'])
TypeError: can only join an iterable
voice: ERROR (not running)
voice: started
2025-07-22 18:55:02 Voice Service not healthy. Restarting...
voice: stopped
voice: started
2025-07-22 19:00:02 Voice Service not healthy. Restarting...
voice: stopped
voice: started
2025-07-22 19:05:01 Voice Service not healthy. Restarting...
voice: stopped
voice: started
2025-07-22 19:10:02 Voice Service not healthy. Restarting...
voice: stopped
voice: started
2025-07-22 19:15:02 Voice Service not healthy. Restarting...
voice: stopped
voice: started
2025-07-22 19:20:02 Voice Service not healthy. Restarting...
voice: stopped
voice: started
2025-07-22 19:25:02 Voice Service not healthy. Restarting...
voice: stopped
voice: started
2025-07-22 19:30:01 Voice Service not healthy. Restarting...
voice: stopped
voice: started
2025-07-22 19:35:02 Voice Service not healthy. Restarting...
voice: stopped
voice: started
2025-07-22 19:40:02 Voice Service not healthy. Restarting...
voice: stopped
voice: started
2025-07-22 19:45:01 Voice Service not healthy. Restarting...
voice: stopped
voice: started
2025-07-22 19:50:02 Voice Service not healthy. Restarting...
voice: stopped
voice: started
2025-07-22 19:55:02 Voice Service not healthy. Restarting...
voice: stopped
voice: started
2025-07-22 20:00:01 Voice Service not healthy. Restarting...
voice: stopped
voice: started
2025-07-22 20:05:02 Voice Service not healthy. Restarting...
voice: stopped
voice: started
2025-07-22 20:10:02 Voice Service not healthy. Restarting...
voice: stopped
voice: started
2025-07-22 20:15:01 Voice Service not healthy. Restarting...
voice: stopped
voice: started
2025-07-22 20:20:02 Voice Service not healthy. Restarting...
voice: stopped
voice: started
2025-07-22 20:25:02 Voice Service not healthy. Restarting...
voice: stopped
voice: started
2025-07-22 20:30:02 Voice Service not healthy. Restarting...
voice: stopped
voice: started
2025-07-22 20:35:02 Voice Service not healthy. Restarting...
voice: stopped
voice: started
2025-07-22 20:40:01 Voice Service not healthy. Restarting...
voice: stopped
voice: started
2025-07-22 20:45:02 Voice Service not healthy. Restarting...
voice: stopped
voice: started
2025-07-22 20:50:01 Voice Service not healthy. Restarting...
voice: stopped
voice: started
2025-07-22 20:55:02 Voice Service not healthy. Restarting...
voice: stopped
voice: started
2025-07-22 21:00:02 Voice Service not healthy. Restarting...
voice: stopped
voice: started
2025-07-22 21:05:01 Voice Service not healthy. Restarting...
voice: stopped
voice: started
2025-07-22 21:10:01 Voice Service not healthy. Restarting...
voice: stopped
voice: started
2025-07-22 21:15:02 Voice Service not healthy. Restarting...
voice: stopped
voice: started
2025-07-22 21:20:02 Voice Service not healthy. Restarting...
voice: stopped
voice: started
2025-07-22 21:25:01 Voice Service not healthy. Restarting...
voice: stopped
voice: started
2025-07-22 21:30:02 Voice Service not healthy. Restarting...
voice: stopped
voice: started
2025-07-22 21:35:02 Voice Service not healthy. Restarting...
voice: stopped
voice: started
2025-07-22 21:40:02 Voice Service not healthy. Restarting...
voice: stopped
voice: started
2025-07-22 21:45:01 Voice Service not healthy. Restarting...
voice: stopped
voice: started
2025-07-22 21:50:02 Voice Service not healthy. Restarting...
voice: stopped
voice: started
2025-07-22 21:55:02 Voice Service not healthy. Restarting...
voice: stopped
voice: started
2025-07-22 22:00:02 Voice Service not healthy. Restarting...
voice: stopped
voice: started
2025-07-22 22:05:01 Voice Service not healthy. Restarting...
voice: stopped
voice: started
2025-07-22 22:10:02 Voice Service not healthy. Restarting...
voice: stopped
voice: started
2025-07-22 22:15:02 Voice Service not healthy. Restarting...
voice: stopped
voice: started
2025-07-22 22:20:02 Voice Service not healthy. Restarting...
voice: stopped
voice: started
2025-07-22 22:25:01 Voice Service not healthy. Restarting...
voice: stopped
voice: started
2025-07-22 22:30:01 Voice Service not healthy. Restarting...
voice: stopped
voice: started
2025-07-22 22:35:02 Voice Service not healthy. Restarting...
voice: stopped
voice: started
2025-07-22 22:40:02 Voice Service not healthy. Restarting...
voice: stopped
voice: started
2025-07-22 22:45:02 Voice Service not healthy. Restarting...
voice: stopped
voice: started
2025-07-22 22:50:01 Voice Service not healthy. Restarting...
voice: stopped
voice: started
2025-07-22 22:55:02 Voice Service not healthy. Restarting...
voice: stopped
voice: started
2025-07-22 23:00:02 Voice Service not healthy. Restarting...
voice: stopped
voice: started
2025-07-22 23:05:01 Voice Service not healthy. Restarting...
voice: stopped
voice: started
2025-07-22 23:10:02 Voice Service not healthy. Restarting...
voice: stopped
voice: started
2025-07-22 23:15:02 Voice Service not healthy. Restarting...
voice: stopped
voice: started
2025-07-22 23:20:02 Voice Service not healthy. Restarting...
voice: stopped
voice: started
2025-07-22 23:25:02 Voice Service not healthy. Restarting...
voice: stopped
voice: started
2025-07-22 23:30:01 Voice Service not healthy. Restarting...
voice: stopped
voice: started
2025-07-22 23:35:02 Voice Service not healthy. Restarting...
voice: stopped
voice: started
2025-07-22 23:40:02 Voice Service not healthy. Restarting...
voice: stopped
voice: started
2025-07-22 23:45:02 Voice Service not healthy. Restarting...
voice: stopped
voice: started
2025-07-22 23:50:02 Voice Service not healthy. Restarting...
voice: stopped
voice: started
2025-07-22 23:55:01 Voice Service not healthy. Restarting...
