2025-07-11 00:00:02 Voice Service is healthy. Nothing to do.
2025-07-11 00:05:02 Voice Service is healthy. Nothing to do.
2025-07-11 00:10:02 Voice Service is healthy. Nothing to do.
2025-07-11 00:15:02 Voice Service is healthy. Nothing to do.
2025-07-11 00:20:02 Voice Service is healthy. Nothing to do.
2025-07-11 00:25:02 Voice Service is healthy. Nothing to do.
2025-07-11 00:30:02 Voice Service is healthy. Nothing to do.
2025-07-11 00:35:01 Voice Service is healthy. Nothing to do.
2025-07-11 00:40:01 Voice Service is healthy. Nothing to do.
2025-07-11 00:45:02 Voice Service is healthy. Nothing to do.
2025-07-11 00:50:02 Voice Service is healthy. Nothing to do.
2025-07-11 00:55:01 Voice Service is healthy. Nothing to do.
2025-07-11 01:00:01 Voice Service is healthy. Nothing to do.
2025-07-11 01:05:02 Voice Service is healthy. Nothing to do.
2025-07-11 01:10:02 Voice Service is healthy. Nothing to do.
2025-07-11 01:15:02 Voice Service is healthy. Nothing to do.
2025-07-11 01:20:02 Voice Service is healthy. Nothing to do.
2025-07-11 01:25:01 Voice Service is healthy. Nothing to do.
2025-07-11 01:30:02 Voice Service is healthy. Nothing to do.
2025-07-11 01:35:02 Voice Service is healthy. Nothing to do.
2025-07-11 01:40:02 Voice Service is healthy. Nothing to do.
2025-07-11 01:45:01 Voice Service is healthy. Nothing to do.
2025-07-11 01:50:02 Voice Service is healthy. Nothing to do.
2025-07-11 01:55:02 Voice Service is healthy. Nothing to do.
2025-07-11 02:00:02 Voice Service is healthy. Nothing to do.
2025-07-11 02:05:01 Voice Service is healthy. Nothing to do.
2025-07-11 02:10:01 Voice Service is healthy. Nothing to do.
2025-07-11 02:15:02 Voice Service is healthy. Nothing to do.
2025-07-11 02:20:02 Voice Service is healthy. Nothing to do.
2025-07-11 02:25:02 Voice Service is healthy. Nothing to do.
2025-07-11 02:30:02 Voice Service is healthy. Nothing to do.
2025-07-11 02:35:01 Voice Service is healthy. Nothing to do.
2025-07-11 02:40:02 Voice Service is healthy. Nothing to do.
2025-07-11 02:45:02 Voice Service is healthy. Nothing to do.
2025-07-11 02:50:02 Voice Service is healthy. Nothing to do.
2025-07-11 02:55:01 Voice Service is healthy. Nothing to do.
2025-07-11 03:00:02 Voice Service is healthy. Nothing to do.
2025-07-11 03:05:02 Voice Service is healthy. Nothing to do.
2025-07-11 03:10:02 Voice Service is healthy. Nothing to do.
2025-07-11 03:15:02 Voice Service is healthy. Nothing to do.
2025-07-11 03:20:02 Voice Service is healthy. Nothing to do.
2025-07-11 03:25:01 Voice Service is healthy. Nothing to do.
2025-07-11 03:30:02 Voice Service is healthy. Nothing to do.
2025-07-11 03:35:02 Voice Service is healthy. Nothing to do.
2025-07-11 03:40:02 Voice Service is healthy. Nothing to do.
2025-07-11 03:45:01 Voice Service is healthy. Nothing to do.
2025-07-11 03:50:01 Voice Service is healthy. Nothing to do.
2025-07-11 03:55:02 Voice Service is healthy. Nothing to do.
2025-07-11 04:00:02 Voice Service is healthy. Nothing to do.
2025-07-11 04:05:01 Voice Service is healthy. Nothing to do.
2025-07-11 04:10:01 Voice Service is healthy. Nothing to do.
2025-07-11 04:15:02 Voice Service is healthy. Nothing to do.
2025-07-11 04:20:02 Voice Service is healthy. Nothing to do.
2025-07-11 04:25:02 Voice Service is healthy. Nothing to do.
2025-07-11 04:30:01 Voice Service is healthy. Nothing to do.
2025-07-11 04:35:02 Voice Service is healthy. Nothing to do.
2025-07-11 04:40:02 Voice Service is healthy. Nothing to do.
2025-07-11 04:45:02 Voice Service is healthy. Nothing to do.
2025-07-11 04:50:01 Voice Service is healthy. Nothing to do.
2025-07-11 04:55:01 Voice Service is healthy. Nothing to do.
2025-07-11 05:00:02 Voice Service is healthy. Nothing to do.
2025-07-11 05:05:02 Voice Service is healthy. Nothing to do.
2025-07-11 05:10:02 Voice Service is healthy. Nothing to do.
2025-07-11 05:15:01 Voice Service is healthy. Nothing to do.
2025-07-11 05:20:02 Voice Service is healthy. Nothing to do.
2025-07-11 05:25:02 Voice Service is healthy. Nothing to do.
2025-07-11 05:30:02 Voice Service is healthy. Nothing to do.
2025-07-11 05:35:01 Voice Service is healthy. Nothing to do.
2025-07-11 05:40:01 Voice Service is healthy. Nothing to do.
2025-07-11 05:45:02 Voice Service is healthy. Nothing to do.
2025-07-11 05:50:02 Voice Service is healthy. Nothing to do.
2025-07-11 05:55:02 Voice Service is healthy. Nothing to do.
2025-07-11 06:00:01 Voice Service is healthy. Nothing to do.
2025-07-11 06:05:01 Voice Service is healthy. Nothing to do.
2025-07-11 06:10:02 Voice Service is healthy. Nothing to do.
2025-07-11 06:15:02 Voice Service is healthy. Nothing to do.
2025-07-11 06:20:01 Voice Service is healthy. Nothing to do.
2025-07-11 06:25:01 Voice Service is healthy. Nothing to do.
2025-07-11 06:30:02 Voice Service is healthy. Nothing to do.
2025-07-11 06:35:02 Voice Service is healthy. Nothing to do.
2025-07-11 06:40:02 Voice Service is healthy. Nothing to do.
2025-07-11 06:45:01 Voice Service is healthy. Nothing to do.
2025-07-11 06:50:02 Voice Service is healthy. Nothing to do.
2025-07-11 06:55:02 Voice Service is healthy. Nothing to do.
2025-07-11 07:00:02 Voice Service is healthy. Nothing to do.
2025-07-11 07:05:01 Voice Service is healthy. Nothing to do.
2025-07-11 07:10:01 Voice Service is healthy. Nothing to do.
2025-07-11 07:15:02 Voice Service is healthy. Nothing to do.
2025-07-11 07:20:02 Voice Service is healthy. Nothing to do.
2025-07-11 07:25:07 Voice Service is healthy. Nothing to do.
2025-07-11 07:30:01 Voice Service is healthy. Nothing to do.
2025-07-11 07:35:02 Voice Service is healthy. Nothing to do.
2025-07-11 07:40:02 Voice Service is healthy. Nothing to do.
2025-07-11 07:45:02 Voice Service is healthy. Nothing to do.
2025-07-11 07:50:01 Voice Service is healthy. Nothing to do.
2025-07-11 07:55:02 Voice Service is healthy. Nothing to do.
2025-07-11 08:00:02 Voice Service is healthy. Nothing to do.
2025-07-11 08:05:02 Voice Service is healthy. Nothing to do.
2025-07-11 08:10:02 Voice Service is healthy. Nothing to do.
2025-07-11 08:15:01 Voice Service is healthy. Nothing to do.
2025-07-11 08:20:02 Voice Service is healthy. Nothing to do.
2025-07-11 08:25:02 Voice Service is healthy. Nothing to do.
2025-07-11 08:30:02 Voice Service is healthy. Nothing to do.
2025-07-11 08:35:01 Voice Service is healthy. Nothing to do.
2025-07-11 08:40:02 Voice Service is healthy. Nothing to do.
2025-07-11 08:45:02 Voice Service is healthy. Nothing to do.
2025-07-11 08:50:02 Voice Service is healthy. Nothing to do.
2025-07-11 08:55:01 Voice Service is healthy. Nothing to do.
2025-07-11 09:00:02 Voice Service is healthy. Nothing to do.
2025-07-11 09:05:02 Voice Service is healthy. Nothing to do.
2025-07-11 09:10:02 Voice Service is healthy. Nothing to do.
2025-07-11 09:15:01 Voice Service is healthy. Nothing to do.
2025-07-11 09:20:02 Voice Service is healthy. Nothing to do.
2025-07-11 09:25:02 Voice Service is healthy. Nothing to do.
2025-07-11 09:30:02 Voice Service is healthy. Nothing to do.
2025-07-11 09:35:02 Voice Service is healthy. Nothing to do.
2025-07-11 09:40:01 Voice Service is healthy. Nothing to do.
2025-07-11 09:45:02 Voice Service is healthy. Nothing to do.
2025-07-11 09:50:02 Voice Service is healthy. Nothing to do.
2025-07-11 09:55:02 Voice Service is healthy. Nothing to do.
2025-07-11 10:00:02 Voice Service is healthy. Nothing to do.
2025-07-11 10:05:01 Voice Service is healthy. Nothing to do.
2025-07-11 10:10:02 Voice Service is healthy. Nothing to do.
2025-07-11 10:15:02 Voice Service is healthy. Nothing to do.
2025-07-11 10:20:02 Voice Service is healthy. Nothing to do.
2025-07-11 10:25:01 Voice Service is healthy. Nothing to do.
2025-07-11 10:30:02 Voice Service is healthy. Nothing to do.
2025-07-11 10:35:02 Voice Service is healthy. Nothing to do.
2025-07-11 10:40:02 Voice Service is healthy. Nothing to do.
2025-07-11 10:45:02 Voice Service is healthy. Nothing to do.
2025-07-11 10:50:02 Voice Service is healthy. Nothing to do.
2025-07-11 10:55:01 Voice Service is healthy. Nothing to do.
2025-07-11 11:00:02 Voice Service is healthy. Nothing to do.
2025-07-11 11:05:02 Voice Service is healthy. Nothing to do.
2025-07-11 11:10:02 Voice Service is healthy. Nothing to do.
2025-07-11 11:15:01 Voice Service is healthy. Nothing to do.
2025-07-11 11:20:02 Voice Service is healthy. Nothing to do.
2025-07-11 11:25:02 Voice Service is healthy. Nothing to do.
2025-07-11 11:30:02 Voice Service is healthy. Nothing to do.
2025-07-11 11:35:01 Voice Service is healthy. Nothing to do.
2025-07-11 11:40:02 Voice Service is healthy. Nothing to do.
2025-07-11 11:45:02 Voice Service is healthy. Nothing to do.
2025-07-11 11:50:02 Voice Service is healthy. Nothing to do.
2025-07-11 11:55:06 Voice Service is healthy. Nothing to do.
2025-07-11 12:00:02 Voice Service is healthy. Nothing to do.
2025-07-11 12:05:02 Voice Service is healthy. Nothing to do.
2025-07-11 12:10:02 Voice Service is healthy. Nothing to do.
2025-07-11 12:15:02 Voice Service is healthy. Nothing to do.
2025-07-11 12:20:01 Voice Service is healthy. Nothing to do.
2025-07-11 12:25:01 Voice Service is healthy. Nothing to do.
2025-07-11 12:30:02 Voice Service is healthy. Nothing to do.
2025-07-11 12:35:02 Voice Service is healthy. Nothing to do.
2025-07-11 12:40:01 Voice Service is healthy. Nothing to do.
2025-07-11 12:45:01 Voice Service is healthy. Nothing to do.
2025-07-11 12:50:02 Voice Service is healthy. Nothing to do.
2025-07-11 12:55:02 Voice Service is healthy. Nothing to do.
2025-07-11 13:00:02 Voice Service is healthy. Nothing to do.
2025-07-11 13:05:01 Voice Service is healthy. Nothing to do.
2025-07-11 13:10:02 Voice Service is healthy. Nothing to do.
2025-07-11 13:15:02 Voice Service is healthy. Nothing to do.
2025-07-11 13:20:02 Voice Service is healthy. Nothing to do.
2025-07-11 13:25:02 Voice Service is healthy. Nothing to do.
2025-07-11 13:30:01 Voice Service is healthy. Nothing to do.
2025-07-11 13:35:02 Voice Service is healthy. Nothing to do.
2025-07-11 13:40:02 Voice Service is healthy. Nothing to do.
2025-07-11 13:45:01 Voice Service is healthy. Nothing to do.
2025-07-11 13:50:01 Voice Service is healthy. Nothing to do.
2025-07-11 13:55:02 Voice Service is healthy. Nothing to do.
2025-07-11 14:00:02 Voice Service is healthy. Nothing to do.
2025-07-11 14:05:02 Voice Service is healthy. Nothing to do.
2025-07-11 14:10:01 Voice Service is healthy. Nothing to do.
2025-07-11 14:15:01 Voice Service is healthy. Nothing to do.
2025-07-11 14:20:02 Voice Service is healthy. Nothing to do.
2025-07-11 14:25:02 Voice Service is healthy. Nothing to do.
2025-07-11 14:30:02 Voice Service is healthy. Nothing to do.
2025-07-11 14:35:01 Voice Service is healthy. Nothing to do.
2025-07-11 14:40:02 Voice Service is healthy. Nothing to do.
2025-07-11 14:45:02 Voice Service is healthy. Nothing to do.
2025-07-11 14:50:02 Voice Service is healthy. Nothing to do.
2025-07-11 14:55:02 Voice Service is healthy. Nothing to do.
2025-07-11 15:00:02 Voice Service is healthy. Nothing to do.
2025-07-11 15:05:02 Voice Service is healthy. Nothing to do.
2025-07-11 15:10:02 Voice Service is healthy. Nothing to do.
2025-07-11 15:15:01 Voice Service is healthy. Nothing to do.
2025-07-11 15:20:02 Voice Service is healthy. Nothing to do.
2025-07-11 15:25:02 Voice Service is healthy. Nothing to do.
2025-07-11 15:30:02 Voice Service is healthy. Nothing to do.
2025-07-11 15:35:02 Voice Service is healthy. Nothing to do.
2025-07-11 15:40:01 Voice Service is healthy. Nothing to do.
2025-07-11 15:45:02 Voice Service is healthy. Nothing to do.
voice: stopped
voice: started
2025-07-11 15:50:02 Voice Service not healthy. Restarting...
2025-07-11 15:55:02 Voice Service is healthy. Nothing to do.
2025-07-11 16:00:02 Voice Service is healthy. Nothing to do.
2025-07-11 16:05:02 Voice Service is healthy. Nothing to do.
2025-07-11 16:10:02 Voice Service is healthy. Nothing to do.
2025-07-11 16:15:01 Voice Service is healthy. Nothing to do.
2025-07-11 16:20:02 Voice Service is healthy. Nothing to do.
2025-07-11 16:25:02 Voice Service is healthy. Nothing to do.
2025-07-11 16:30:02 Voice Service is healthy. Nothing to do.
2025-07-11 16:35:02 Voice Service is healthy. Nothing to do.
2025-07-11 16:40:01 Voice Service is healthy. Nothing to do.
2025-07-11 16:45:02 Voice Service is healthy. Nothing to do.
2025-07-11 16:50:02 Voice Service is healthy. Nothing to do.
2025-07-11 16:55:02 Voice Service is healthy. Nothing to do.
2025-07-11 17:00:01 Voice Service is healthy. Nothing to do.
2025-07-11 17:05:01 Voice Service is healthy. Nothing to do.
2025-07-11 17:10:02 Voice Service is healthy. Nothing to do.
2025-07-11 17:15:02 Voice Service is healthy. Nothing to do.
2025-07-11 17:20:02 Voice Service is healthy. Nothing to do.
2025-07-11 17:25:02 Voice Service is healthy. Nothing to do.
2025-07-11 17:30:01 Voice Service is healthy. Nothing to do.
2025-07-11 17:35:02 Voice Service is healthy. Nothing to do.
2025-07-11 17:40:02 Voice Service is healthy. Nothing to do.
2025-07-11 17:45:01 Voice Service is healthy. Nothing to do.
2025-07-11 17:50:02 Voice Service is healthy. Nothing to do.
2025-07-11 17:55:02 Voice Service is healthy. Nothing to do.
voice: stopped
voice: started
2025-07-11 18:00:02 Voice Service not healthy. Restarting...
2025-07-11 18:05:02 Voice Service is healthy. Nothing to do.
2025-07-11 18:10:02 Voice Service is healthy. Nothing to do.
voice: stopped
voice: started
2025-07-11 18:15:02 Voice Service not healthy. Restarting...
2025-07-11 18:20:02 Voice Service is healthy. Nothing to do.
2025-07-11 18:25:02 Voice Service is healthy. Nothing to do.
2025-07-11 18:30:02 Voice Service is healthy. Nothing to do.
2025-07-11 18:35:01 Voice Service is healthy. Nothing to do.
2025-07-11 18:40:01 Voice Service is healthy. Nothing to do.
2025-07-11 18:45:02 Voice Service is healthy. Nothing to do.
2025-07-11 18:50:02 Voice Service is healthy. Nothing to do.
voice: stopped
voice: started
2025-07-11 18:55:02 Voice Service not healthy. Restarting...
voice: stopped
voice: started
2025-07-11 19:00:02 Voice Service not healthy. Restarting...
2025-07-11 19:05:01 Voice Service is healthy. Nothing to do.
2025-07-11 19:10:02 Voice Service is healthy. Nothing to do.
2025-07-11 19:15:02 Voice Service is healthy. Nothing to do.
2025-07-11 19:20:01 Voice Service is healthy. Nothing to do.
2025-07-11 19:25:02 Voice Service is healthy. Nothing to do.
voice: stopped
voice: started
2025-07-11 19:30:01 Voice Service not healthy. Restarting...
2025-07-11 19:35:02 Voice Service is healthy. Nothing to do.
2025-07-11 19:40:02 Voice Service is healthy. Nothing to do.
voice: stopped
voice: started
2025-07-11 19:45:01 Voice Service not healthy. Restarting...
2025-07-11 19:50:07 Voice Service is healthy. Nothing to do.
2025-07-11 19:55:01 Voice Service is healthy. Nothing to do.
voice: stopped
voice: started
2025-07-11 20:00:02 Voice Service not healthy. Restarting...
2025-07-11 20:05:02 Voice Service is healthy. Nothing to do.
2025-07-11 20:10:01 Voice Service is healthy. Nothing to do.
voice: stopped
voice: started
2025-07-11 20:15:02 Voice Service not healthy. Restarting...
2025-07-11 20:20:01 Voice Service is healthy. Nothing to do.
2025-07-11 20:25:02 Voice Service is healthy. Nothing to do.
2025-07-11 20:30:01 Voice Service is healthy. Nothing to do.
2025-07-11 20:35:02 Voice Service is healthy. Nothing to do.
2025-07-11 20:40:02 Voice Service is healthy. Nothing to do.
2025-07-11 20:45:02 Voice Service is healthy. Nothing to do.
2025-07-11 20:50:01 Voice Service is healthy. Nothing to do.
2025-07-11 20:55:02 Voice Service is healthy. Nothing to do.
2025-07-11 21:00:02 Voice Service is healthy. Nothing to do.
voice: stopped
voice: started
2025-07-11 21:05:02 Voice Service not healthy. Restarting...
2025-07-11 21:10:02 Voice Service is healthy. Nothing to do.
2025-07-11 21:15:02 Voice Service is healthy. Nothing to do.
2025-07-11 21:20:02 Voice Service is healthy. Nothing to do.
2025-07-11 21:25:02 Voice Service is healthy. Nothing to do.
2025-07-11 21:30:02 Voice Service is healthy. Nothing to do.
2025-07-11 21:35:02 Voice Service is healthy. Nothing to do.
voice: stopped
voice: started
2025-07-11 21:40:02 Voice Service not healthy. Restarting...
2025-07-11 21:45:02 Voice Service is healthy. Nothing to do.
2025-07-11 21:50:02 Voice Service is healthy. Nothing to do.
voice: stopped
voice: started
2025-07-11 21:55:02 Voice Service not healthy. Restarting...
voice: stopped
voice: started
2025-07-11 22:00:02 Voice Service not healthy. Restarting...
2025-07-11 22:05:02 Voice Service is healthy. Nothing to do.
2025-07-11 22:10:02 Voice Service is healthy. Nothing to do.
voice: stopped
voice: started
2025-07-11 22:15:01 Voice Service not healthy. Restarting...
voice: stopped
voice: started
2025-07-11 22:20:02 Voice Service not healthy. Restarting...
voice: stopped
voice: started
2025-07-11 22:25:02 Voice Service not healthy. Restarting...
2025-07-11 22:30:02 Voice Service is healthy. Nothing to do.
voice: stopped
voice: started
2025-07-11 22:35:02 Voice Service not healthy. Restarting...
2025-07-11 22:40:02 Voice Service is healthy. Nothing to do.
voice: stopped
voice: started
2025-07-11 22:45:02 Voice Service not healthy. Restarting...
voice: stopped
voice: started
2025-07-11 22:50:02 Voice Service not healthy. Restarting...
voice: stopped
2025-07-11 22:55:01 Voice Service not healthy. Restarting...
Traceback (most recent call last):
  File "/home/voice-recognition/check_service.py", line 62, in <module>
    main()
  File "/home/voice-recognition/check_service.py", line 53, in main
    kill_matching_processes(target_cmd)
  File "/home/voice-recognition/check_service.py", line 37, in kill_matching_processes
    cmdline = ' '.join(proc.info['cmdline'])
TypeError: can only join an iterable
voice: ERROR (not running)
voice: started
2025-07-11 23:00:02 Voice Service not healthy. Restarting...
2025-07-11 23:05:01 Voice Service is healthy. Nothing to do.
voice: stopped
voice: started
2025-07-11 23:10:02 Voice Service not healthy. Restarting...
voice: stopped
voice: started
2025-07-11 23:15:02 Voice Service not healthy. Restarting...
voice: stopped
voice: started
2025-07-11 23:20:02 Voice Service not healthy. Restarting...
voice: stopped
voice: started
2025-07-11 23:25:01 Voice Service not healthy. Restarting...
voice: stopped
voice: started
2025-07-11 23:30:02 Voice Service not healthy. Restarting...
voice: stopped
voice: started
2025-07-11 23:35:02 Voice Service not healthy. Restarting...
voice: stopped
voice: started
2025-07-11 23:40:02 Voice Service not healthy. Restarting...
2025-07-11 23:45:01 Voice Service is healthy. Nothing to do.
voice: stopped
voice: started
2025-07-11 23:50:01 Voice Service not healthy. Restarting...
voice: stopped
voice: started
2025-07-11 23:55:02 Voice Service not healthy. Restarting...
