voice: stopped
voice: started
2025-07-20 00:00:02 Voice Service not healthy. Restarting...
voice: stopped
voice: started
2025-07-20 00:05:01 Voice Service not healthy. Restarting...
voice: stopped
voice: started
2025-07-20 00:10:02 Voice Service not healthy. Restarting...
voice: stopped
voice: started
2025-07-20 00:15:02 Voice Service not healthy. Restarting...
voice: stopped
voice: started
2025-07-20 00:20:02 Voice Service not healthy. Restarting...
voice: stopped
voice: started
2025-07-20 00:25:01 Voice Service not healthy. Restarting...
voice: stopped
voice: started
2025-07-20 00:30:02 Voice Service not healthy. Restarting...
voice: stopped
voice: started
2025-07-20 00:35:02 Voice Service not healthy. Restarting...
voice: stopped
voice: started
2025-07-20 00:40:02 Voice Service not healthy. Restarting...
voice: stopped
voice: started
2025-07-20 00:45:01 Voice Service not healthy. Restarting...
voice: stopped
voice: started
2025-07-20 00:50:01 Voice Service not healthy. Restarting...
voice: stopped
voice: started
2025-07-20 00:55:01 Voice Service not healthy. Restarting...
voice: stopped
voice: started
2025-07-20 01:00:02 Voice Service not healthy. Restarting...
voice: stopped
voice: started
2025-07-20 01:05:02 Voice Service not healthy. Restarting...
voice: stopped
2025-07-20 01:10:01 Voice Service not healthy. Restarting...
Traceback (most recent call last):
  File "/home/voice-recognition/check_service.py", line 62, in <module>
    main()
  File "/home/voice-recognition/check_service.py", line 53, in main
    kill_matching_processes(target_cmd)
  File "/home/voice-recognition/check_service.py", line 37, in kill_matching_processes
    cmdline = ' '.join(proc.info['cmdline'])
TypeError: can only join an iterable
voice: ERROR (not running)
voice: started
2025-07-20 01:15:02 Voice Service not healthy. Restarting...
voice: stopped
voice: started
2025-07-20 01:20:02 Voice Service not healthy. Restarting...
voice: stopped
voice: started
2025-07-20 01:25:02 Voice Service not healthy. Restarting...
voice: stopped
voice: started
2025-07-20 01:30:01 Voice Service not healthy. Restarting...
voice: stopped
voice: started
2025-07-20 01:35:02 Voice Service not healthy. Restarting...
voice: stopped
2025-07-20 01:40:02 Voice Service not healthy. Restarting...
Traceback (most recent call last):
  File "/home/voice-recognition/check_service.py", line 62, in <module>
    main()
  File "/home/voice-recognition/check_service.py", line 53, in main
    kill_matching_processes(target_cmd)
  File "/home/voice-recognition/check_service.py", line 37, in kill_matching_processes
    cmdline = ' '.join(proc.info['cmdline'])
TypeError: can only join an iterable
voice: ERROR (not running)
voice: started
2025-07-20 01:45:01 Voice Service not healthy. Restarting...
voice: stopped
voice: started
2025-07-20 01:50:02 Voice Service not healthy. Restarting...
voice: stopped
voice: started
2025-07-20 01:55:02 Voice Service not healthy. Restarting...
voice: stopped
voice: started
2025-07-20 02:00:01 Voice Service not healthy. Restarting...
voice: stopped
voice: started
2025-07-20 02:05:02 Voice Service not healthy. Restarting...
voice: stopped
voice: started
2025-07-20 02:10:02 Voice Service not healthy. Restarting...
voice: stopped
voice: started
2025-07-20 02:15:02 Voice Service not healthy. Restarting...
voice: stopped
voice: started
2025-07-20 02:20:02 Voice Service not healthy. Restarting...
voice: stopped
voice: started
2025-07-20 02:25:01 Voice Service not healthy. Restarting...
voice: stopped
voice: started
2025-07-20 02:30:02 Voice Service not healthy. Restarting...
voice: stopped
voice: started
2025-07-20 02:35:02 Voice Service not healthy. Restarting...
voice: stopped
voice: started
2025-07-20 02:40:02 Voice Service not healthy. Restarting...
voice: stopped
voice: started
2025-07-20 02:45:02 Voice Service not healthy. Restarting...
voice: stopped
voice: started
2025-07-20 02:50:01 Voice Service not healthy. Restarting...
voice: stopped
voice: started
2025-07-20 02:55:02 Voice Service not healthy. Restarting...
voice: stopped
voice: started
2025-07-20 03:00:02 Voice Service not healthy. Restarting...
voice: stopped
voice: started
2025-07-20 03:05:01 Voice Service not healthy. Restarting...
voice: stopped
voice: started
2025-07-20 03:10:02 Voice Service not healthy. Restarting...
voice: stopped
voice: started
2025-07-20 03:15:02 Voice Service not healthy. Restarting...
voice: stopped
voice: started
2025-07-20 03:20:02 Voice Service not healthy. Restarting...
voice: stopped
2025-07-20 03:25:01 Voice Service not healthy. Restarting...
Traceback (most recent call last):
  File "/home/voice-recognition/check_service.py", line 62, in <module>
    main()
  File "/home/voice-recognition/check_service.py", line 53, in main
    kill_matching_processes(target_cmd)
  File "/home/voice-recognition/check_service.py", line 37, in kill_matching_processes
    cmdline = ' '.join(proc.info['cmdline'])
TypeError: can only join an iterable
voice: ERROR (not running)
voice: started
2025-07-20 03:30:02 Voice Service not healthy. Restarting...
voice: stopped
voice: started
2025-07-20 03:35:02 Voice Service not healthy. Restarting...
voice: stopped
voice: started
2025-07-20 03:40:01 Voice Service not healthy. Restarting...
voice: stopped
voice: started
2025-07-20 03:45:01 Voice Service not healthy. Restarting...
voice: stopped
voice: started
2025-07-20 03:50:02 Voice Service not healthy. Restarting...
voice: stopped
voice: started
2025-07-20 03:55:02 Voice Service not healthy. Restarting...
voice: stopped
voice: started
2025-07-20 04:00:02 Voice Service not healthy. Restarting...
voice: stopped
voice: started
2025-07-20 04:05:02 Voice Service not healthy. Restarting...
voice: stopped
voice: started
2025-07-20 04:10:02 Voice Service not healthy. Restarting...
voice: stopped
voice: started
2025-07-20 04:15:02 Voice Service not healthy. Restarting...
voice: stopped
voice: started
2025-07-20 04:20:02 Voice Service not healthy. Restarting...
voice: stopped
voice: started
2025-07-20 04:25:01 Voice Service not healthy. Restarting...
voice: stopped
voice: started
2025-07-20 04:30:02 Voice Service not healthy. Restarting...
voice: stopped
voice: started
2025-07-20 04:35:02 Voice Service not healthy. Restarting...
voice: stopped
2025-07-20 04:40:02 Voice Service not healthy. Restarting...
Traceback (most recent call last):
  File "/home/voice-recognition/check_service.py", line 62, in <module>
    main()
  File "/home/voice-recognition/check_service.py", line 53, in main
    kill_matching_processes(target_cmd)
  File "/home/voice-recognition/check_service.py", line 37, in kill_matching_processes
    cmdline = ' '.join(proc.info['cmdline'])
TypeError: can only join an iterable
voice: ERROR (not running)
voice: started
2025-07-20 04:45:02 Voice Service not healthy. Restarting...
voice: stopped
voice: started
2025-07-20 04:50:02 Voice Service not healthy. Restarting...
voice: stopped
voice: started
2025-07-20 04:55:02 Voice Service not healthy. Restarting...
voice: stopped
voice: started
2025-07-20 05:00:01 Voice Service not healthy. Restarting...
voice: stopped
voice: started
2025-07-20 05:05:02 Voice Service not healthy. Restarting...
voice: stopped
voice: started
2025-07-20 05:10:02 Voice Service not healthy. Restarting...
voice: stopped
voice: started
2025-07-20 05:15:02 Voice Service not healthy. Restarting...
voice: stopped
voice: started
2025-07-20 05:20:01 Voice Service not healthy. Restarting...
voice: stopped
voice: started
2025-07-20 05:25:01 Voice Service not healthy. Restarting...
voice: stopped
voice: started
2025-07-20 05:30:02 Voice Service not healthy. Restarting...
voice: stopped
voice: started
2025-07-20 05:35:02 Voice Service not healthy. Restarting...
voice: stopped
voice: started
2025-07-20 05:40:02 Voice Service not healthy. Restarting...
voice: stopped
voice: started
2025-07-20 05:45:02 Voice Service not healthy. Restarting...
voice: stopped
voice: started
2025-07-20 05:50:01 Voice Service not healthy. Restarting...
voice: stopped
voice: started
2025-07-20 05:55:02 Voice Service not healthy. Restarting...
voice: stopped
voice: started
2025-07-20 06:00:02 Voice Service not healthy. Restarting...
voice: stopped
voice: started
2025-07-20 06:05:02 Voice Service not healthy. Restarting...
voice: stopped
voice: started
2025-07-20 06:10:01 Voice Service not healthy. Restarting...
voice: stopped
voice: started
2025-07-20 06:15:02 Voice Service not healthy. Restarting...
voice: stopped
voice: started
2025-07-20 06:20:02 Voice Service not healthy. Restarting...
voice: stopped
voice: started
2025-07-20 06:25:01 Voice Service not healthy. Restarting...
voice: stopped
voice: started
2025-07-20 06:30:01 Voice Service not healthy. Restarting...
voice: stopped
voice: started
2025-07-20 06:35:02 Voice Service not healthy. Restarting...
voice: stopped
voice: started
2025-07-20 06:40:02 Voice Service not healthy. Restarting...
voice: stopped
voice: started
2025-07-20 06:45:01 Voice Service not healthy. Restarting...
voice: stopped
voice: started
2025-07-20 06:50:02 Voice Service not healthy. Restarting...
voice: stopped
voice: started
2025-07-20 06:55:02 Voice Service not healthy. Restarting...
voice: stopped
voice: started
2025-07-20 07:00:02 Voice Service not healthy. Restarting...
voice: stopped
voice: started
2025-07-20 07:05:01 Voice Service not healthy. Restarting...
voice: stopped
voice: started
2025-07-20 07:10:02 Voice Service not healthy. Restarting...
voice: stopped
voice: started
2025-07-20 07:15:02 Voice Service not healthy. Restarting...
voice: stopped
voice: started
2025-07-20 07:20:02 Voice Service not healthy. Restarting...
voice: stopped
voice: started
2025-07-20 07:25:01 Voice Service not healthy. Restarting...
voice: stopped
voice: started
2025-07-20 07:30:02 Voice Service not healthy. Restarting...
voice: stopped
voice: started
2025-07-20 07:35:02 Voice Service not healthy. Restarting...
voice: stopped
voice: started
2025-07-20 07:40:02 Voice Service not healthy. Restarting...
voice: stopped
voice: started
2025-07-20 07:45:02 Voice Service not healthy. Restarting...
voice: stopped
voice: started
2025-07-20 07:50:02 Voice Service not healthy. Restarting...
voice: stopped
voice: started
2025-07-20 07:55:01 Voice Service not healthy. Restarting...
voice: stopped
voice: started
2025-07-20 08:00:01 Voice Service not healthy. Restarting...
voice: stopped
voice: started
2025-07-20 08:05:02 Voice Service not healthy. Restarting...
voice: stopped
voice: started
2025-07-20 08:10:02 Voice Service not healthy. Restarting...
voice: stopped
2025-07-20 08:15:01 Voice Service not healthy. Restarting...
Traceback (most recent call last):
  File "/home/voice-recognition/check_service.py", line 62, in <module>
    main()
  File "/home/voice-recognition/check_service.py", line 53, in main
    kill_matching_processes(target_cmd)
  File "/home/voice-recognition/check_service.py", line 37, in kill_matching_processes
    cmdline = ' '.join(proc.info['cmdline'])
TypeError: can only join an iterable
voice: ERROR (not running)
voice: started
2025-07-20 08:20:02 Voice Service not healthy. Restarting...
voice: stopped
voice: started
2025-07-20 08:25:02 Voice Service not healthy. Restarting...
voice: stopped
voice: started
2025-07-20 08:30:01 Voice Service not healthy. Restarting...
voice: stopped
voice: started
2025-07-20 08:35:02 Voice Service not healthy. Restarting...
voice: stopped
voice: started
2025-07-20 08:40:02 Voice Service not healthy. Restarting...
voice: stopped
voice: started
2025-07-20 08:45:02 Voice Service not healthy. Restarting...
voice: stopped
voice: started
2025-07-20 08:50:01 Voice Service not healthy. Restarting...
voice: stopped
voice: started
2025-07-20 08:55:02 Voice Service not healthy. Restarting...
voice: stopped
voice: started
2025-07-20 09:00:02 Voice Service not healthy. Restarting...
voice: stopped
voice: started
2025-07-20 09:05:01 Voice Service not healthy. Restarting...
voice: stopped
voice: started
2025-07-20 09:10:02 Voice Service not healthy. Restarting...
voice: stopped
2025-07-20 09:15:02 Voice Service not healthy. Restarting...
Traceback (most recent call last):
  File "/home/voice-recognition/check_service.py", line 62, in <module>
    main()
  File "/home/voice-recognition/check_service.py", line 53, in main
    kill_matching_processes(target_cmd)
  File "/home/voice-recognition/check_service.py", line 37, in kill_matching_processes
    cmdline = ' '.join(proc.info['cmdline'])
TypeError: can only join an iterable
voice: ERROR (not running)
voice: started
2025-07-20 09:20:02 Voice Service not healthy. Restarting...
voice: stopped
voice: started
2025-07-20 09:25:02 Voice Service not healthy. Restarting...
voice: stopped
voice: started
2025-07-20 09:30:01 Voice Service not healthy. Restarting...
voice: stopped
voice: started
2025-07-20 09:35:02 Voice Service not healthy. Restarting...
voice: stopped
voice: started
2025-07-20 09:40:02 Voice Service not healthy. Restarting...
voice: stopped
voice: started
2025-07-20 09:45:02 Voice Service not healthy. Restarting...
voice: stopped
voice: started
2025-07-20 09:50:01 Voice Service not healthy. Restarting...
voice: stopped
voice: started
2025-07-20 09:55:01 Voice Service not healthy. Restarting...
voice: stopped
voice: started
2025-07-20 10:00:02 Voice Service not healthy. Restarting...
voice: stopped
voice: started
2025-07-20 10:05:02 Voice Service not healthy. Restarting...
voice: stopped
voice: started
2025-07-20 10:10:02 Voice Service not healthy. Restarting...
voice: stopped
voice: started
2025-07-20 10:15:02 Voice Service not healthy. Restarting...
voice: stopped
voice: started
2025-07-20 10:20:02 Voice Service not healthy. Restarting...
voice: stopped
2025-07-20 10:25:01 Voice Service not healthy. Restarting...
Traceback (most recent call last):
  File "/home/voice-recognition/check_service.py", line 62, in <module>
    main()
  File "/home/voice-recognition/check_service.py", line 53, in main
    kill_matching_processes(target_cmd)
  File "/home/voice-recognition/check_service.py", line 37, in kill_matching_processes
    cmdline = ' '.join(proc.info['cmdline'])
TypeError: can only join an iterable
voice: ERROR (not running)
voice: started
2025-07-20 10:30:02 Voice Service not healthy. Restarting...
voice: stopped
voice: started
2025-07-20 10:35:02 Voice Service not healthy. Restarting...
voice: stopped
voice: started
2025-07-20 10:40:01 Voice Service not healthy. Restarting...
voice: stopped
voice: started
2025-07-20 10:45:01 Voice Service not healthy. Restarting...
voice: stopped
voice: started
2025-07-20 10:50:02 Voice Service not healthy. Restarting...
voice: stopped
voice: started
2025-07-20 10:55:02 Voice Service not healthy. Restarting...
voice: stopped
voice: started
2025-07-20 11:00:02 Voice Service not healthy. Restarting...
voice: stopped
voice: started
2025-07-20 11:05:02 Voice Service not healthy. Restarting...
voice: stopped
voice: started
2025-07-20 11:10:01 Voice Service not healthy. Restarting...
voice: stopped
voice: started
2025-07-20 11:15:01 Voice Service not healthy. Restarting...
voice: stopped
voice: started
2025-07-20 11:20:02 Voice Service not healthy. Restarting...
voice: stopped
voice: started
2025-07-20 11:25:02 Voice Service not healthy. Restarting...
voice: stopped
voice: started
2025-07-20 11:30:01 Voice Service not healthy. Restarting...
voice: stopped
voice: started
2025-07-20 11:35:02 Voice Service not healthy. Restarting...
voice: stopped
voice: started
2025-07-20 11:40:02 Voice Service not healthy. Restarting...
voice: stopped
voice: started
2025-07-20 11:45:02 Voice Service not healthy. Restarting...
voice: stopped
voice: started
2025-07-20 11:50:02 Voice Service not healthy. Restarting...
voice: stopped
voice: started
2025-07-20 11:55:02 Voice Service not healthy. Restarting...
voice: stopped
voice: started
2025-07-20 12:00:02 Voice Service not healthy. Restarting...
voice: stopped
voice: started
2025-07-20 12:05:01 Voice Service not healthy. Restarting...
voice: stopped
voice: started
2025-07-20 12:10:02 Voice Service not healthy. Restarting...
voice: stopped
voice: started
2025-07-20 12:15:01 Voice Service not healthy. Restarting...
voice: stopped
voice: started
2025-07-20 12:20:02 Voice Service not healthy. Restarting...
voice: stopped
voice: started
2025-07-20 12:25:01 Voice Service not healthy. Restarting...
voice: stopped
voice: started
2025-07-20 12:30:02 Voice Service not healthy. Restarting...
voice: stopped
voice: started
2025-07-20 12:35:02 Voice Service not healthy. Restarting...
voice: stopped
voice: started
2025-07-20 12:40:02 Voice Service not healthy. Restarting...
voice: stopped
voice: started
2025-07-20 12:45:01 Voice Service not healthy. Restarting...
voice: stopped
voice: started
2025-07-20 12:50:01 Voice Service not healthy. Restarting...
voice: stopped
voice: started
2025-07-20 12:55:02 Voice Service not healthy. Restarting...
voice: stopped
voice: started
2025-07-20 13:00:02 Voice Service not healthy. Restarting...
voice: stopped
voice: started
2025-07-20 13:05:01 Voice Service not healthy. Restarting...
voice: stopped
voice: started
2025-07-20 13:10:02 Voice Service not healthy. Restarting...
voice: stopped
voice: started
2025-07-20 13:15:02 Voice Service not healthy. Restarting...
voice: stopped
voice: started
2025-07-20 13:20:02 Voice Service not healthy. Restarting...
voice: stopped
voice: started
2025-07-20 13:25:01 Voice Service not healthy. Restarting...
voice: stopped
voice: started
2025-07-20 13:30:02 Voice Service not healthy. Restarting...
voice: stopped
voice: started
2025-07-20 13:35:01 Voice Service not healthy. Restarting...
voice: stopped
2025-07-20 13:40:01 Voice Service not healthy. Restarting...
Traceback (most recent call last):
  File "/home/voice-recognition/check_service.py", line 62, in <module>
    main()
  File "/home/voice-recognition/check_service.py", line 53, in main
    kill_matching_processes(target_cmd)
  File "/home/voice-recognition/check_service.py", line 37, in kill_matching_processes
    cmdline = ' '.join(proc.info['cmdline'])
TypeError: can only join an iterable
voice: ERROR (not running)
voice: started
2025-07-20 13:45:02 Voice Service not healthy. Restarting...
voice: stopped
voice: started
2025-07-20 13:50:02 Voice Service not healthy. Restarting...
voice: stopped
2025-07-20 13:55:01 Voice Service not healthy. Restarting...
Traceback (most recent call last):
  File "/home/voice-recognition/check_service.py", line 62, in <module>
    main()
  File "/home/voice-recognition/check_service.py", line 53, in main
    kill_matching_processes(target_cmd)
  File "/home/voice-recognition/check_service.py", line 37, in kill_matching_processes
    cmdline = ' '.join(proc.info['cmdline'])
TypeError: can only join an iterable
voice: ERROR (not running)
voice: started
2025-07-20 14:00:02 Voice Service not healthy. Restarting...
voice: stopped
voice: started
2025-07-20 14:05:02 Voice Service not healthy. Restarting...
voice: stopped
voice: started
2025-07-20 14:10:02 Voice Service not healthy. Restarting...
voice: stopped
2025-07-20 14:15:02 Voice Service not healthy. Restarting...
Traceback (most recent call last):
  File "/home/voice-recognition/check_service.py", line 62, in <module>
    main()
  File "/home/voice-recognition/check_service.py", line 53, in main
    kill_matching_processes(target_cmd)
  File "/home/voice-recognition/check_service.py", line 37, in kill_matching_processes
    cmdline = ' '.join(proc.info['cmdline'])
TypeError: can only join an iterable
voice: ERROR (not running)
voice: started
2025-07-20 14:20:01 Voice Service not healthy. Restarting...
voice: stopped
voice: started
2025-07-20 14:25:02 Voice Service not healthy. Restarting...
voice: stopped
voice: started
2025-07-20 14:30:02 Voice Service not healthy. Restarting...
voice: stopped
voice: started
2025-07-20 14:35:01 Voice Service not healthy. Restarting...
voice: stopped
voice: started
2025-07-20 14:40:01 Voice Service not healthy. Restarting...
voice: stopped
voice: started
2025-07-20 14:45:02 Voice Service not healthy. Restarting...
voice: stopped
voice: started
2025-07-20 14:50:02 Voice Service not healthy. Restarting...
voice: stopped
voice: started
2025-07-20 14:55:02 Voice Service not healthy. Restarting...
voice: stopped
voice: started
2025-07-20 15:00:01 Voice Service not healthy. Restarting...
voice: stopped
voice: started
2025-07-20 15:05:02 Voice Service not healthy. Restarting...
voice: stopped
voice: started
2025-07-20 15:10:02 Voice Service not healthy. Restarting...
voice: stopped
voice: started
2025-07-20 15:15:02 Voice Service not healthy. Restarting...
voice: stopped
voice: started
2025-07-20 15:20:01 Voice Service not healthy. Restarting...
voice: stopped
voice: started
2025-07-20 15:25:02 Voice Service not healthy. Restarting...
voice: stopped
2025-07-20 15:30:02 Voice Service not healthy. Restarting...
Traceback (most recent call last):
  File "/home/voice-recognition/check_service.py", line 62, in <module>
    main()
  File "/home/voice-recognition/check_service.py", line 53, in main
    kill_matching_processes(target_cmd)
  File "/home/voice-recognition/check_service.py", line 37, in kill_matching_processes
    cmdline = ' '.join(proc.info['cmdline'])
TypeError: can only join an iterable
voice: ERROR (not running)
voice: started
2025-07-20 15:35:01 Voice Service not healthy. Restarting...
voice: stopped
voice: started
2025-07-20 15:40:02 Voice Service not healthy. Restarting...
voice: stopped
voice: started
2025-07-20 15:45:02 Voice Service not healthy. Restarting...
voice: stopped
voice: started
2025-07-20 15:50:02 Voice Service not healthy. Restarting...
voice: stopped
voice: started
2025-07-20 15:55:01 Voice Service not healthy. Restarting...
voice: stopped
voice: started
2025-07-20 16:00:02 Voice Service not healthy. Restarting...
voice: stopped
voice: started
2025-07-20 16:05:02 Voice Service not healthy. Restarting...
voice: stopped
voice: started
2025-07-20 16:10:01 Voice Service not healthy. Restarting...
voice: stopped
voice: started
2025-07-20 16:15:02 Voice Service not healthy. Restarting...
voice: stopped
voice: started
2025-07-20 16:20:01 Voice Service not healthy. Restarting...
voice: stopped
voice: started
2025-07-20 16:25:01 Voice Service not healthy. Restarting...
voice: stopped
voice: started
2025-07-20 16:30:02 Voice Service not healthy. Restarting...
voice: stopped
voice: started
2025-07-20 16:35:02 Voice Service not healthy. Restarting...
voice: stopped
voice: started
2025-07-20 16:40:02 Voice Service not healthy. Restarting...
voice: stopped
voice: started
2025-07-20 16:45:02 Voice Service not healthy. Restarting...
voice: stopped
voice: started
2025-07-20 16:50:01 Voice Service not healthy. Restarting...
voice: stopped
voice: started
2025-07-20 16:55:01 Voice Service not healthy. Restarting...
voice: stopped
voice: started
2025-07-20 17:00:02 Voice Service not healthy. Restarting...
voice: stopped
2025-07-20 17:05:02 Voice Service not healthy. Restarting...
Traceback (most recent call last):
  File "/home/voice-recognition/check_service.py", line 62, in <module>
    main()
  File "/home/voice-recognition/check_service.py", line 53, in main
    kill_matching_processes(target_cmd)
  File "/home/voice-recognition/check_service.py", line 37, in kill_matching_processes
    cmdline = ' '.join(proc.info['cmdline'])
TypeError: can only join an iterable
voice: ERROR (not running)
voice: started
2025-07-20 17:10:01 Voice Service not healthy. Restarting...
voice: stopped
voice: started
2025-07-20 17:15:02 Voice Service not healthy. Restarting...
voice: stopped
voice: started
2025-07-20 17:20:02 Voice Service not healthy. Restarting...
voice: stopped
voice: started
2025-07-20 17:25:02 Voice Service not healthy. Restarting...
voice: stopped
voice: started
2025-07-20 17:30:01 Voice Service not healthy. Restarting...
voice: stopped
voice: started
2025-07-20 17:35:01 Voice Service not healthy. Restarting...
voice: stopped
voice: started
2025-07-20 17:40:02 Voice Service not healthy. Restarting...
voice: stopped
voice: started
2025-07-20 17:45:02 Voice Service not healthy. Restarting...
voice: stopped
voice: started
2025-07-20 17:50:02 Voice Service not healthy. Restarting...
voice: stopped
voice: started
2025-07-20 17:55:01 Voice Service not healthy. Restarting...
voice: stopped
voice: started
2025-07-20 18:00:02 Voice Service not healthy. Restarting...
voice: stopped
voice: started
2025-07-20 18:05:02 Voice Service not healthy. Restarting...
voice: stopped
voice: started
2025-07-20 18:10:01 Voice Service not healthy. Restarting...
voice: stopped
voice: started
2025-07-20 18:15:02 Voice Service not healthy. Restarting...
voice: stopped
voice: started
2025-07-20 18:20:02 Voice Service not healthy. Restarting...
voice: stopped
voice: started
2025-07-20 18:25:02 Voice Service not healthy. Restarting...
voice: stopped
voice: started
2025-07-20 18:30:01 Voice Service not healthy. Restarting...
voice: stopped
voice: started
2025-07-20 18:35:02 Voice Service not healthy. Restarting...
voice: stopped
voice: started
2025-07-20 18:40:02 Voice Service not healthy. Restarting...
voice: stopped
voice: started
2025-07-20 18:45:02 Voice Service not healthy. Restarting...
voice: stopped
voice: started
2025-07-20 18:50:01 Voice Service not healthy. Restarting...
voice: stopped
voice: started
2025-07-20 18:55:02 Voice Service not healthy. Restarting...
voice: stopped
voice: started
2025-07-20 19:00:02 Voice Service not healthy. Restarting...
voice: stopped
2025-07-20 19:05:02 Voice Service not healthy. Restarting...
Traceback (most recent call last):
  File "/home/voice-recognition/check_service.py", line 62, in <module>
    main()
  File "/home/voice-recognition/check_service.py", line 53, in main
    kill_matching_processes(target_cmd)
  File "/home/voice-recognition/check_service.py", line 37, in kill_matching_processes
    cmdline = ' '.join(proc.info['cmdline'])
TypeError: can only join an iterable
voice: ERROR (not running)
voice: started
2025-07-20 19:10:02 Voice Service not healthy. Restarting...
voice: stopped
voice: started
2025-07-20 19:15:02 Voice Service not healthy. Restarting...
voice: stopped
voice: started
2025-07-20 19:20:01 Voice Service not healthy. Restarting...
voice: stopped
voice: started
2025-07-20 19:25:02 Voice Service not healthy. Restarting...
voice: stopped
voice: started
2025-07-20 19:30:02 Voice Service not healthy. Restarting...
voice: stopped
voice: started
2025-07-20 19:35:01 Voice Service not healthy. Restarting...
voice: stopped
voice: started
2025-07-20 19:40:02 Voice Service not healthy. Restarting...
voice: stopped
voice: started
2025-07-20 19:45:02 Voice Service not healthy. Restarting...
voice: stopped
voice: started
2025-07-20 19:50:01 Voice Service not healthy. Restarting...
voice: stopped
voice: started
2025-07-20 19:55:01 Voice Service not healthy. Restarting...
voice: stopped
voice: started
2025-07-20 20:00:02 Voice Service not healthy. Restarting...
voice: stopped
voice: started
2025-07-20 20:05:02 Voice Service not healthy. Restarting...
voice: stopped
voice: started
2025-07-20 20:10:02 Voice Service not healthy. Restarting...
voice: stopped
voice: started
2025-07-20 20:15:01 Voice Service not healthy. Restarting...
voice: stopped
voice: started
2025-07-20 20:20:02 Voice Service not healthy. Restarting...
voice: stopped
voice: started
2025-07-20 20:25:02 Voice Service not healthy. Restarting...
voice: stopped
voice: started
2025-07-20 20:30:02 Voice Service not healthy. Restarting...
voice: stopped
voice: started
2025-07-20 20:35:02 Voice Service not healthy. Restarting...
voice: stopped
voice: started
2025-07-20 20:40:01 Voice Service not healthy. Restarting...
voice: stopped
voice: started
2025-07-20 20:45:02 Voice Service not healthy. Restarting...
voice: stopped
voice: started
2025-07-20 20:50:02 Voice Service not healthy. Restarting...
voice: stopped
voice: started
2025-07-20 20:55:02 Voice Service not healthy. Restarting...
voice: stopped
voice: started
2025-07-20 21:00:02 Voice Service not healthy. Restarting...
voice: stopped
2025-07-20 21:05:01 Voice Service not healthy. Restarting...
Traceback (most recent call last):
  File "/home/voice-recognition/check_service.py", line 62, in <module>
    main()
  File "/home/voice-recognition/check_service.py", line 53, in main
    kill_matching_processes(target_cmd)
  File "/home/voice-recognition/check_service.py", line 37, in kill_matching_processes
    cmdline = ' '.join(proc.info['cmdline'])
TypeError: can only join an iterable
voice: ERROR (not running)
voice: started
2025-07-20 21:10:02 Voice Service not healthy. Restarting...
voice: stopped
voice: started
2025-07-20 21:15:02 Voice Service not healthy. Restarting...
voice: stopped
voice: started
2025-07-20 21:20:02 Voice Service not healthy. Restarting...
voice: stopped
voice: started
2025-07-20 21:25:01 Voice Service not healthy. Restarting...
voice: stopped
voice: started
2025-07-20 21:30:02 Voice Service not healthy. Restarting...
voice: stopped
voice: started
2025-07-20 21:35:02 Voice Service not healthy. Restarting...
voice: stopped
voice: started
2025-07-20 21:40:02 Voice Service not healthy. Restarting...
voice: stopped
voice: started
2025-07-20 21:45:02 Voice Service not healthy. Restarting...
voice: stopped
voice: started
2025-07-20 21:50:02 Voice Service not healthy. Restarting...
voice: stopped
voice: started
2025-07-20 21:55:02 Voice Service not healthy. Restarting...
voice: stopped
voice: started
2025-07-20 22:00:01 Voice Service not healthy. Restarting...
voice: stopped
voice: started
2025-07-20 22:05:02 Voice Service not healthy. Restarting...
voice: stopped
voice: started
2025-07-20 22:10:02 Voice Service not healthy. Restarting...
voice: stopped
voice: started
2025-07-20 22:15:01 Voice Service not healthy. Restarting...
voice: stopped
voice: started
2025-07-20 22:20:02 Voice Service not healthy. Restarting...
voice: stopped
voice: started
2025-07-20 22:25:02 Voice Service not healthy. Restarting...
voice: stopped
voice: started
2025-07-20 22:30:02 Voice Service not healthy. Restarting...
voice: stopped
voice: started
2025-07-20 22:35:01 Voice Service not healthy. Restarting...
voice: stopped
voice: started
2025-07-20 22:40:02 Voice Service not healthy. Restarting...
voice: stopped
voice: started
2025-07-20 22:45:02 Voice Service not healthy. Restarting...
voice: stopped
voice: started
2025-07-20 22:50:02 Voice Service not healthy. Restarting...
voice: stopped
voice: started
2025-07-20 22:55:01 Voice Service not healthy. Restarting...
voice: stopped
voice: started
2025-07-20 23:00:01 Voice Service not healthy. Restarting...
voice: stopped
voice: started
2025-07-20 23:05:02 Voice Service not healthy. Restarting...
voice: stopped
voice: started
2025-07-20 23:10:02 Voice Service not healthy. Restarting...
voice: stopped
voice: started
2025-07-20 23:15:02 Voice Service not healthy. Restarting...
voice: stopped
voice: started
2025-07-20 23:20:02 Voice Service not healthy. Restarting...
voice: stopped
voice: started
2025-07-20 23:25:02 Voice Service not healthy. Restarting...
voice: stopped
voice: started
2025-07-20 23:30:02 Voice Service not healthy. Restarting...
voice: stopped
voice: started
2025-07-20 23:35:01 Voice Service not healthy. Restarting...
voice: stopped
voice: started
2025-07-20 23:40:02 Voice Service not healthy. Restarting...
voice: stopped
voice: started
2025-07-20 23:45:02 Voice Service not healthy. Restarting...
voice: stopped
2025-07-20 23:50:02 Voice Service not healthy. Restarting...
Traceback (most recent call last):
  File "/home/voice-recognition/check_service.py", line 62, in <module>
    main()
  File "/home/voice-recognition/check_service.py", line 53, in main
    kill_matching_processes(target_cmd)
  File "/home/voice-recognition/check_service.py", line 37, in kill_matching_processes
    cmdline = ' '.join(proc.info['cmdline'])
TypeError: can only join an iterable
voice: ERROR (not running)
voice: started
2025-07-20 23:55:02 Voice Service not healthy. Restarting...
