voice: stopped
voice: started
2025-07-27 00:00:02 Voice Service not healthy. Restarting...
voice: stopped
voice: started
2025-07-27 00:05:01 Voice Service not healthy. Restarting...
voice: stopped
voice: started
2025-07-27 00:10:02 Voice Service not healthy. Restarting...
voice: stopped
voice: started
2025-07-27 00:15:02 Voice Service not healthy. Restarting...
voice: stopped
voice: started
2025-07-27 00:20:01 Voice Service not healthy. Restarting...
voice: stopped
voice: started
2025-07-27 00:25:02 Voice Service not healthy. Restarting...
voice: stopped
voice: started
2025-07-27 00:30:02 Voice Service not healthy. Restarting...
voice: stopped
voice: started
2025-07-27 00:35:02 Voice Service not healthy. Restarting...
voice: stopped
voice: started
2025-07-27 00:40:02 Voice Service not healthy. Restarting...
voice: stopped
voice: started
2025-07-27 00:45:02 Voice Service not healthy. Restarting...
voice: stopped
voice: started
2025-07-27 00:50:02 Voice Service not healthy. Restarting...
voice: stopped
2025-07-27 00:55:01 Voice Service not healthy. Restarting...
Traceback (most recent call last):
  File "/home/voice-recognition/check_service.py", line 62, in <module>
    main()
  File "/home/voice-recognition/check_service.py", line 53, in main
    kill_matching_processes(target_cmd)
  File "/home/voice-recognition/check_service.py", line 37, in kill_matching_processes
    cmdline = ' '.join(proc.info['cmdline'])
TypeError: can only join an iterable
voice: ERROR (not running)
voice: started
2025-07-27 01:00:02 Voice Service not healthy. Restarting...
voice: stopped
voice: started
2025-07-27 01:05:02 Voice Service not healthy. Restarting...
voice: stopped
voice: started
2025-07-27 01:10:02 Voice Service not healthy. Restarting...
voice: stopped
voice: started
2025-07-27 01:15:01 Voice Service not healthy. Restarting...
voice: stopped
voice: started
2025-07-27 01:20:01 Voice Service not healthy. Restarting...
voice: stopped
voice: started
2025-07-27 01:25:02 Voice Service not healthy. Restarting...
voice: stopped
voice: started
2025-07-27 01:30:02 Voice Service not healthy. Restarting...
voice: stopped
voice: started
2025-07-27 01:35:02 Voice Service not healthy. Restarting...
voice: stopped
voice: started
2025-07-27 01:40:01 Voice Service not healthy. Restarting...
voice: stopped
voice: started
2025-07-27 01:45:01 Voice Service not healthy. Restarting...
voice: stopped
voice: started
2025-07-27 01:50:02 Voice Service not healthy. Restarting...
voice: stopped
voice: started
2025-07-27 01:55:02 Voice Service not healthy. Restarting...
voice: stopped
voice: started
2025-07-27 02:00:02 Voice Service not healthy. Restarting...
voice: stopped
voice: started
2025-07-27 02:05:01 Voice Service not healthy. Restarting...
voice: stopped
voice: started
2025-07-27 02:10:01 Voice Service not healthy. Restarting...
voice: stopped
voice: started
2025-07-27 02:15:02 Voice Service not healthy. Restarting...
voice: stopped
voice: started
2025-07-27 02:20:02 Voice Service not healthy. Restarting...
voice: stopped
voice: started
2025-07-27 02:25:02 Voice Service not healthy. Restarting...
voice: stopped
voice: started
2025-07-27 02:30:01 Voice Service not healthy. Restarting...
voice: stopped
voice: started
2025-07-27 02:35:01 Voice Service not healthy. Restarting...
voice: stopped
voice: started
2025-07-27 02:40:02 Voice Service not healthy. Restarting...
voice: stopped
voice: started
2025-07-27 02:45:02 Voice Service not healthy. Restarting...
voice: stopped
voice: started
2025-07-27 02:50:02 Voice Service not healthy. Restarting...
voice: stopped
voice: started
2025-07-27 02:55:01 Voice Service not healthy. Restarting...
voice: stopped
voice: started
2025-07-27 03:00:02 Voice Service not healthy. Restarting...
voice: stopped
voice: started
2025-07-27 03:05:02 Voice Service not healthy. Restarting...
voice: stopped
voice: started
2025-07-27 03:10:02 Voice Service not healthy. Restarting...
voice: stopped
voice: started
2025-07-27 03:15:01 Voice Service not healthy. Restarting...
voice: stopped
voice: started
2025-07-27 03:20:02 Voice Service not healthy. Restarting...
voice: stopped
2025-07-27 03:25:02 Voice Service not healthy. Restarting...
Traceback (most recent call last):
  File "/home/voice-recognition/check_service.py", line 62, in <module>
    main()
  File "/home/voice-recognition/check_service.py", line 53, in main
    kill_matching_processes(target_cmd)
  File "/home/voice-recognition/check_service.py", line 37, in kill_matching_processes
    cmdline = ' '.join(proc.info['cmdline'])
TypeError: can only join an iterable
voice: ERROR (not running)
voice: started
2025-07-27 03:30:01 Voice Service not healthy. Restarting...
voice: stopped
voice: started
2025-07-27 03:35:02 Voice Service not healthy. Restarting...
voice: stopped
voice: started
2025-07-27 03:40:02 Voice Service not healthy. Restarting...
voice: stopped
voice: started
2025-07-27 03:45:02 Voice Service not healthy. Restarting...
voice: stopped
voice: started
2025-07-27 03:50:02 Voice Service not healthy. Restarting...
voice: stopped
voice: started
2025-07-27 03:55:01 Voice Service not healthy. Restarting...
voice: stopped
voice: started
2025-07-27 04:00:01 Voice Service not healthy. Restarting...
voice: stopped
voice: started
2025-07-27 04:05:02 Voice Service not healthy. Restarting...
voice: stopped
voice: started
2025-07-27 04:10:02 Voice Service not healthy. Restarting...
voice: stopped
voice: started
2025-07-27 04:15:02 Voice Service not healthy. Restarting...
voice: stopped
voice: started
2025-07-27 04:20:01 Voice Service not healthy. Restarting...
voice: stopped
voice: started
2025-07-27 04:25:02 Voice Service not healthy. Restarting...
voice: stopped
voice: started
2025-07-27 04:30:02 Voice Service not healthy. Restarting...
voice: stopped
voice: started
2025-07-27 04:35:02 Voice Service not healthy. Restarting...
voice: stopped
voice: started
2025-07-27 04:40:01 Voice Service not healthy. Restarting...
voice: stopped
voice: started
2025-07-27 04:45:01 Voice Service not healthy. Restarting...
voice: stopped
voice: started
2025-07-27 04:50:02 Voice Service not healthy. Restarting...
voice: stopped
voice: started
2025-07-27 04:55:02 Voice Service not healthy. Restarting...
voice: stopped
voice: started
2025-07-27 05:00:02 Voice Service not healthy. Restarting...
voice: stopped
voice: started
2025-07-27 05:05:01 Voice Service not healthy. Restarting...
voice: stopped
voice: started
2025-07-27 05:10:01 Voice Service not healthy. Restarting...
voice: stopped
voice: started
2025-07-27 05:15:02 Voice Service not healthy. Restarting...
voice: stopped
voice: started
2025-07-27 05:20:02 Voice Service not healthy. Restarting...
voice: stopped
2025-07-27 05:25:02 Voice Service not healthy. Restarting...
Traceback (most recent call last):
  File "/home/voice-recognition/check_service.py", line 62, in <module>
    main()
  File "/home/voice-recognition/check_service.py", line 53, in main
    kill_matching_processes(target_cmd)
  File "/home/voice-recognition/check_service.py", line 37, in kill_matching_processes
    cmdline = ' '.join(proc.info['cmdline'])
TypeError: can only join an iterable
voice: ERROR (not running)
voice: started
2025-07-27 05:30:02 Voice Service not healthy. Restarting...
voice: stopped
voice: started
2025-07-27 05:35:02 Voice Service not healthy. Restarting...
voice: stopped
voice: started
2025-07-27 05:40:01 Voice Service not healthy. Restarting...
voice: stopped
voice: started
2025-07-27 05:45:01 Voice Service not healthy. Restarting...
voice: stopped
voice: started
2025-07-27 05:50:02 Voice Service not healthy. Restarting...
voice: stopped
voice: started
2025-07-27 05:55:02 Voice Service not healthy. Restarting...
voice: stopped
voice: started
2025-07-27 06:00:02 Voice Service not healthy. Restarting...
voice: stopped
voice: started
2025-07-27 06:05:01 Voice Service not healthy. Restarting...
voice: stopped
voice: started
2025-07-27 06:10:02 Voice Service not healthy. Restarting...
voice: stopped
voice: started
2025-07-27 06:15:02 Voice Service not healthy. Restarting...
voice: stopped
voice: started
2025-07-27 06:20:02 Voice Service not healthy. Restarting...
voice: stopped
voice: started
2025-07-27 06:25:02 Voice Service not healthy. Restarting...
voice: stopped
voice: started
2025-07-27 06:30:01 Voice Service not healthy. Restarting...
voice: stopped
voice: started
2025-07-27 06:35:01 Voice Service not healthy. Restarting...
voice: stopped
voice: started
2025-07-27 06:40:02 Voice Service not healthy. Restarting...
voice: stopped
voice: started
2025-07-27 06:45:02 Voice Service not healthy. Restarting...
voice: stopped
voice: started
2025-07-27 06:50:01 Voice Service not healthy. Restarting...
voice: stopped
voice: started
2025-07-27 06:55:01 Voice Service not healthy. Restarting...
voice: stopped
voice: started
2025-07-27 07:00:02 Voice Service not healthy. Restarting...
voice: stopped
voice: started
2025-07-27 07:05:02 Voice Service not healthy. Restarting...
voice: stopped
voice: started
2025-07-27 07:10:02 Voice Service not healthy. Restarting...
voice: stopped
2025-07-27 07:15:01 Voice Service not healthy. Restarting...
Traceback (most recent call last):
  File "/home/voice-recognition/check_service.py", line 62, in <module>
    main()
  File "/home/voice-recognition/check_service.py", line 53, in main
    kill_matching_processes(target_cmd)
  File "/home/voice-recognition/check_service.py", line 37, in kill_matching_processes
    cmdline = ' '.join(proc.info['cmdline'])
TypeError: can only join an iterable
voice: ERROR (not running)
voice: started
2025-07-27 07:20:02 Voice Service not healthy. Restarting...
voice: stopped
voice: started
2025-07-27 07:25:02 Voice Service not healthy. Restarting...
voice: stopped
voice: started
2025-07-27 07:30:02 Voice Service not healthy. Restarting...
voice: stopped
voice: started
2025-07-27 07:35:01 Voice Service not healthy. Restarting...
voice: stopped
voice: started
2025-07-27 07:40:01 Voice Service not healthy. Restarting...
voice: stopped
voice: started
2025-07-27 07:45:02 Voice Service not healthy. Restarting...
voice: stopped
voice: started
2025-07-27 07:50:02 Voice Service not healthy. Restarting...
voice: stopped
voice: started
2025-07-27 07:55:02 Voice Service not healthy. Restarting...
voice: stopped
voice: started
2025-07-27 08:00:01 Voice Service not healthy. Restarting...
voice: stopped
voice: started
2025-07-27 08:05:02 Voice Service not healthy. Restarting...
voice: stopped
voice: started
2025-07-27 08:10:02 Voice Service not healthy. Restarting...
voice: stopped
voice: started
2025-07-27 08:15:02 Voice Service not healthy. Restarting...
voice: stopped
voice: started
2025-07-27 08:20:01 Voice Service not healthy. Restarting...
voice: stopped
voice: started
2025-07-27 08:25:02 Voice Service not healthy. Restarting...
voice: stopped
voice: started
2025-07-27 08:30:02 Voice Service not healthy. Restarting...
voice: stopped
voice: started
2025-07-27 08:35:02 Voice Service not healthy. Restarting...
voice: stopped
voice: started
2025-07-27 08:40:01 Voice Service not healthy. Restarting...
voice: stopped
voice: started
2025-07-27 08:45:01 Voice Service not healthy. Restarting...
voice: stopped
voice: started
2025-07-27 08:50:02 Voice Service not healthy. Restarting...
voice: stopped
voice: started
2025-07-27 08:55:02 Voice Service not healthy. Restarting...
voice: stopped
voice: started
2025-07-27 09:00:02 Voice Service not healthy. Restarting...
voice: stopped
voice: started
2025-07-27 09:05:02 Voice Service not healthy. Restarting...
voice: stopped
voice: started
2025-07-27 09:10:01 Voice Service not healthy. Restarting...
voice: stopped
voice: started
2025-07-27 09:15:01 Voice Service not healthy. Restarting...
voice: stopped
voice: started
2025-07-27 09:20:02 Voice Service not healthy. Restarting...
voice: stopped
voice: started
2025-07-27 09:25:02 Voice Service not healthy. Restarting...
voice: stopped
voice: started
2025-07-27 09:30:02 Voice Service not healthy. Restarting...
voice: stopped
voice: started
2025-07-27 09:35:02 Voice Service not healthy. Restarting...
voice: stopped
voice: started
2025-07-27 09:40:02 Voice Service not healthy. Restarting...
voice: stopped
voice: started
2025-07-27 09:45:01 Voice Service not healthy. Restarting...
voice: stopped
voice: started
2025-07-27 09:50:02 Voice Service not healthy. Restarting...
voice: stopped
voice: started
2025-07-27 09:55:02 Voice Service not healthy. Restarting...
voice: stopped
voice: started
2025-07-27 10:00:02 Voice Service not healthy. Restarting...
voice: stopped
voice: started
2025-07-27 10:05:01 Voice Service not healthy. Restarting...
voice: stopped
voice: started
2025-07-27 10:10:02 Voice Service not healthy. Restarting...
voice: stopped
voice: started
2025-07-27 10:15:02 Voice Service not healthy. Restarting...
voice: stopped
voice: started
2025-07-27 10:20:02 Voice Service not healthy. Restarting...
voice: stopped
voice: started
2025-07-27 10:25:02 Voice Service not healthy. Restarting...
voice: stopped
voice: started
2025-07-27 10:30:01 Voice Service not healthy. Restarting...
voice: stopped
voice: started
2025-07-27 10:35:02 Voice Service not healthy. Restarting...
voice: stopped
voice: started
2025-07-27 10:40:02 Voice Service not healthy. Restarting...
voice: stopped
voice: started
2025-07-27 10:45:02 Voice Service not healthy. Restarting...
voice: stopped
2025-07-27 10:50:02 Voice Service not healthy. Restarting...
Traceback (most recent call last):
  File "/home/voice-recognition/check_service.py", line 62, in <module>
    main()
  File "/home/voice-recognition/check_service.py", line 53, in main
    kill_matching_processes(target_cmd)
  File "/home/voice-recognition/check_service.py", line 37, in kill_matching_processes
    cmdline = ' '.join(proc.info['cmdline'])
TypeError: can only join an iterable
voice: ERROR (not running)
voice: started
2025-07-27 10:55:01 Voice Service not healthy. Restarting...
voice: stopped
voice: started
2025-07-27 11:00:02 Voice Service not healthy. Restarting...
voice: stopped
voice: started
2025-07-27 11:05:02 Voice Service not healthy. Restarting...
voice: stopped
voice: started
2025-07-27 11:10:01 Voice Service not healthy. Restarting...
voice: stopped
voice: started
2025-07-27 11:15:01 Voice Service not healthy. Restarting...
voice: stopped
voice: started
2025-07-27 11:20:01 Voice Service not healthy. Restarting...
voice: stopped
voice: started
2025-07-27 11:25:02 Voice Service not healthy. Restarting...
voice: stopped
voice: started
2025-07-27 11:30:02 Voice Service not healthy. Restarting...
voice: stopped
voice: started
2025-07-27 11:35:02 Voice Service not healthy. Restarting...
voice: stopped
voice: started
2025-07-27 11:40:01 Voice Service not healthy. Restarting...
voice: stopped
voice: started
2025-07-27 11:45:01 Voice Service not healthy. Restarting...
voice: stopped
voice: started
2025-07-27 11:50:02 Voice Service not healthy. Restarting...
voice: stopped
2025-07-27 11:55:02 Voice Service not healthy. Restarting...
Traceback (most recent call last):
  File "/home/voice-recognition/check_service.py", line 62, in <module>
    main()
  File "/home/voice-recognition/check_service.py", line 53, in main
    kill_matching_processes(target_cmd)
  File "/home/voice-recognition/check_service.py", line 37, in kill_matching_processes
    cmdline = ' '.join(proc.info['cmdline'])
TypeError: can only join an iterable
voice: ERROR (not running)
voice: started
2025-07-27 12:00:02 Voice Service not healthy. Restarting...
voice: stopped
voice: started
2025-07-27 12:05:01 Voice Service not healthy. Restarting...
voice: stopped
voice: started
2025-07-27 12:10:01 Voice Service not healthy. Restarting...
voice: stopped
voice: started
2025-07-27 12:15:02 Voice Service not healthy. Restarting...
voice: stopped
voice: started
2025-07-27 12:20:02 Voice Service not healthy. Restarting...
voice: stopped
voice: started
2025-07-27 12:25:02 Voice Service not healthy. Restarting...
voice: stopped
voice: started
2025-07-27 12:30:01 Voice Service not healthy. Restarting...
voice: stopped
voice: started
2025-07-27 12:35:02 Voice Service not healthy. Restarting...
voice: stopped
voice: started
2025-07-27 12:40:02 Voice Service not healthy. Restarting...
voice: stopped
voice: started
2025-07-27 12:45:02 Voice Service not healthy. Restarting...
voice: stopped
voice: started
2025-07-27 12:50:01 Voice Service not healthy. Restarting...
voice: stopped
voice: started
2025-07-27 12:55:02 Voice Service not healthy. Restarting...
voice: stopped
2025-07-27 13:00:02 Voice Service not healthy. Restarting...
Traceback (most recent call last):
  File "/home/voice-recognition/check_service.py", line 62, in <module>
    main()
  File "/home/voice-recognition/check_service.py", line 53, in main
    kill_matching_processes(target_cmd)
  File "/home/voice-recognition/check_service.py", line 37, in kill_matching_processes
    cmdline = ' '.join(proc.info['cmdline'])
TypeError: can only join an iterable
voice: ERROR (not running)
voice: started
2025-07-27 13:05:01 Voice Service not healthy. Restarting...
voice: stopped
voice: started
2025-07-27 13:10:01 Voice Service not healthy. Restarting...
voice: stopped
voice: started
2025-07-27 13:15:02 Voice Service not healthy. Restarting...
voice: stopped
2025-07-27 13:20:02 Voice Service not healthy. Restarting...
Traceback (most recent call last):
  File "/home/voice-recognition/check_service.py", line 62, in <module>
    main()
  File "/home/voice-recognition/check_service.py", line 53, in main
    kill_matching_processes(target_cmd)
  File "/home/voice-recognition/check_service.py", line 37, in kill_matching_processes
    cmdline = ' '.join(proc.info['cmdline'])
TypeError: can only join an iterable
voice: ERROR (not running)
voice: started
2025-07-27 13:25:01 Voice Service not healthy. Restarting...
voice: stopped
voice: started
2025-07-27 13:30:02 Voice Service not healthy. Restarting...
voice: stopped
voice: started
2025-07-27 13:35:02 Voice Service not healthy. Restarting...
voice: stopped
voice: started
2025-07-27 13:40:02 Voice Service not healthy. Restarting...
voice: stopped
voice: started
2025-07-27 13:45:01 Voice Service not healthy. Restarting...
voice: stopped
voice: started
2025-07-27 13:50:01 Voice Service not healthy. Restarting...
voice: stopped
voice: started
2025-07-27 13:55:02 Voice Service not healthy. Restarting...
voice: stopped
voice: started
2025-07-27 14:00:02 Voice Service not healthy. Restarting...
voice: stopped
voice: started
2025-07-27 14:05:01 Voice Service not healthy. Restarting...
voice: stopped
voice: started
2025-07-27 14:10:01 Voice Service not healthy. Restarting...
voice: stopped
voice: started
2025-07-27 14:15:01 Voice Service not healthy. Restarting...
voice: stopped
voice: started
2025-07-27 14:20:02 Voice Service not healthy. Restarting...
voice: stopped
voice: started
2025-07-27 14:25:01 Voice Service not healthy. Restarting...
voice: stopped
voice: started
2025-07-27 14:30:01 Voice Service not healthy. Restarting...
voice: stopped
voice: started
2025-07-27 14:35:07 Voice Service not healthy. Restarting...
voice: stopped
voice: started
2025-07-27 14:40:02 Voice Service not healthy. Restarting...
voice: stopped
voice: started
2025-07-27 14:45:02 Voice Service not healthy. Restarting...
voice: stopped
2025-07-27 14:50:02 Voice Service not healthy. Restarting...
Traceback (most recent call last):
  File "/home/voice-recognition/check_service.py", line 62, in <module>
    main()
  File "/home/voice-recognition/check_service.py", line 53, in main
    kill_matching_processes(target_cmd)
  File "/home/voice-recognition/check_service.py", line 37, in kill_matching_processes
    cmdline = ' '.join(proc.info['cmdline'])
TypeError: can only join an iterable
voice: ERROR (not running)
voice: started
2025-07-27 14:55:01 Voice Service not healthy. Restarting...
voice: stopped
voice: started
2025-07-27 15:00:02 Voice Service not healthy. Restarting...
voice: stopped
voice: started
2025-07-27 15:05:02 Voice Service not healthy. Restarting...
voice: stopped
voice: started
2025-07-27 15:10:02 Voice Service not healthy. Restarting...
voice: stopped
voice: started
2025-07-27 15:15:02 Voice Service not healthy. Restarting...
voice: stopped
voice: started
2025-07-27 15:20:01 Voice Service not healthy. Restarting...
voice: stopped
voice: started
2025-07-27 15:25:01 Voice Service not healthy. Restarting...
voice: stopped
voice: started
2025-07-27 15:30:02 Voice Service not healthy. Restarting...
voice: stopped
voice: started
2025-07-27 15:35:02 Voice Service not healthy. Restarting...
voice: stopped
voice: started
2025-07-27 15:40:02 Voice Service not healthy. Restarting...
voice: stopped
voice: started
2025-07-27 15:45:01 Voice Service not healthy. Restarting...
voice: stopped
voice: started
2025-07-27 15:50:02 Voice Service not healthy. Restarting...
voice: stopped
voice: started
2025-07-27 15:55:02 Voice Service not healthy. Restarting...
voice: stopped
voice: started
2025-07-27 16:00:02 Voice Service not healthy. Restarting...
voice: stopped
voice: started
2025-07-27 16:05:02 Voice Service not healthy. Restarting...
voice: stopped
voice: started
2025-07-27 16:10:01 Voice Service not healthy. Restarting...
voice: stopped
voice: started
2025-07-27 16:15:01 Voice Service not healthy. Restarting...
voice: stopped
voice: started
2025-07-27 16:20:02 Voice Service not healthy. Restarting...
voice: stopped
voice: started
2025-07-27 16:25:02 Voice Service not healthy. Restarting...
voice: stopped
voice: started
2025-07-27 16:30:02 Voice Service not healthy. Restarting...
voice: stopped
voice: started
2025-07-27 16:35:01 Voice Service not healthy. Restarting...
voice: stopped
voice: started
2025-07-27 16:40:01 Voice Service not healthy. Restarting...
voice: stopped
voice: started
2025-07-27 16:45:02 Voice Service not healthy. Restarting...
voice: stopped
voice: started
2025-07-27 16:50:02 Voice Service not healthy. Restarting...
voice: stopped
voice: started
2025-07-27 16:55:02 Voice Service not healthy. Restarting...
voice: stopped
voice: started
2025-07-27 17:00:02 Voice Service not healthy. Restarting...
voice: stopped
2025-07-27 17:05:01 Voice Service not healthy. Restarting...
Traceback (most recent call last):
  File "/home/voice-recognition/check_service.py", line 62, in <module>
    main()
  File "/home/voice-recognition/check_service.py", line 53, in main
    kill_matching_processes(target_cmd)
  File "/home/voice-recognition/check_service.py", line 37, in kill_matching_processes
    cmdline = ' '.join(proc.info['cmdline'])
TypeError: can only join an iterable
voice: ERROR (not running)
voice: started
2025-07-27 17:10:01 Voice Service not healthy. Restarting...
voice: stopped
voice: started
2025-07-27 17:15:02 Voice Service not healthy. Restarting...
voice: stopped
voice: started
2025-07-27 17:20:02 Voice Service not healthy. Restarting...
voice: stopped
voice: started
2025-07-27 17:25:02 Voice Service not healthy. Restarting...
voice: stopped
voice: started
2025-07-27 17:30:02 Voice Service not healthy. Restarting...
voice: stopped
voice: started
2025-07-27 17:35:02 Voice Service not healthy. Restarting...
voice: stopped
voice: started
2025-07-27 17:40:01 Voice Service not healthy. Restarting...
voice: stopped
voice: started
2025-07-27 17:45:02 Voice Service not healthy. Restarting...
voice: stopped
voice: started
2025-07-27 17:50:02 Voice Service not healthy. Restarting...
voice: stopped
voice: started
2025-07-27 17:55:02 Voice Service not healthy. Restarting...
voice: stopped
voice: started
2025-07-27 18:00:01 Voice Service not healthy. Restarting...
voice: stopped
voice: started
2025-07-27 18:05:01 Voice Service not healthy. Restarting...
voice: stopped
voice: started
2025-07-27 18:10:01 Voice Service not healthy. Restarting...
voice: stopped
voice: started
2025-07-27 18:15:02 Voice Service not healthy. Restarting...
voice: stopped
2025-07-27 18:20:02 Voice Service not healthy. Restarting...
Traceback (most recent call last):
  File "/home/voice-recognition/check_service.py", line 62, in <module>
    main()
  File "/home/voice-recognition/check_service.py", line 53, in main
    kill_matching_processes(target_cmd)
  File "/home/voice-recognition/check_service.py", line 37, in kill_matching_processes
    cmdline = ' '.join(proc.info['cmdline'])
TypeError: can only join an iterable
voice: ERROR (not running)
voice: started
2025-07-27 18:25:02 Voice Service not healthy. Restarting...
voice: stopped
voice: started
2025-07-27 18:30:01 Voice Service not healthy. Restarting...
voice: stopped
voice: started
2025-07-27 18:35:01 Voice Service not healthy. Restarting...
voice: stopped
voice: started
2025-07-27 18:40:02 Voice Service not healthy. Restarting...
voice: stopped
voice: started
2025-07-27 18:45:02 Voice Service not healthy. Restarting...
voice: stopped
voice: started
2025-07-27 18:50:02 Voice Service not healthy. Restarting...
voice: stopped
voice: started
2025-07-27 18:55:01 Voice Service not healthy. Restarting...
voice: stopped
voice: started
2025-07-27 19:00:02 Voice Service not healthy. Restarting...
voice: stopped
voice: started
2025-07-27 19:05:02 Voice Service not healthy. Restarting...
voice: stopped
voice: started
2025-07-27 19:10:01 Voice Service not healthy. Restarting...
voice: stopped
voice: started
2025-07-27 19:15:02 Voice Service not healthy. Restarting...
voice: stopped
voice: started
2025-07-27 19:20:02 Voice Service not healthy. Restarting...
voice: stopped
voice: started
2025-07-27 19:25:01 Voice Service not healthy. Restarting...
voice: stopped
voice: started
2025-07-27 19:30:02 Voice Service not healthy. Restarting...
voice: stopped
voice: started
2025-07-27 19:35:02 Voice Service not healthy. Restarting...
voice: stopped
voice: started
2025-07-27 19:40:02 Voice Service not healthy. Restarting...
voice: stopped
voice: started
2025-07-27 19:45:01 Voice Service not healthy. Restarting...
voice: stopped
voice: started
2025-07-27 19:50:02 Voice Service not healthy. Restarting...
voice: stopped
voice: started
2025-07-27 19:55:02 Voice Service not healthy. Restarting...
voice: stopped
voice: started
2025-07-27 20:00:02 Voice Service not healthy. Restarting...
voice: stopped
voice: started
2025-07-27 20:05:01 Voice Service not healthy. Restarting...
voice: stopped
voice: started
2025-07-27 20:10:02 Voice Service not healthy. Restarting...
voice: stopped
voice: started
2025-07-27 20:15:02 Voice Service not healthy. Restarting...
voice: stopped
voice: started
2025-07-27 20:20:02 Voice Service not healthy. Restarting...
voice: stopped
voice: started
2025-07-27 20:25:02 Voice Service not healthy. Restarting...
voice: stopped
voice: started
2025-07-27 20:30:01 Voice Service not healthy. Restarting...
voice: stopped
voice: started
2025-07-27 20:35:02 Voice Service not healthy. Restarting...
voice: stopped
voice: started
2025-07-27 20:40:02 Voice Service not healthy. Restarting...
voice: stopped
voice: started
2025-07-27 20:45:02 Voice Service not healthy. Restarting...
voice: stopped
voice: started
2025-07-27 20:50:02 Voice Service not healthy. Restarting...
voice: stopped
voice: started
2025-07-27 20:55:01 Voice Service not healthy. Restarting...
voice: stopped
voice: started
2025-07-27 21:00:02 Voice Service not healthy. Restarting...
voice: stopped
voice: started
2025-07-27 21:05:02 Voice Service not healthy. Restarting...
voice: stopped
voice: started
2025-07-27 21:10:01 Voice Service not healthy. Restarting...
voice: stopped
voice: started
2025-07-27 21:15:02 Voice Service not healthy. Restarting...
voice: stopped
voice: started
2025-07-27 21:20:02 Voice Service not healthy. Restarting...
voice: stopped
voice: started
2025-07-27 21:25:02 Voice Service not healthy. Restarting...
voice: stopped
voice: started
2025-07-27 21:30:01 Voice Service not healthy. Restarting...
voice: stopped
voice: started
2025-07-27 21:35:02 Voice Service not healthy. Restarting...
voice: stopped
voice: started
2025-07-27 21:40:02 Voice Service not healthy. Restarting...
voice: stopped
voice: started
2025-07-27 21:45:02 Voice Service not healthy. Restarting...
voice: stopped
voice: started
2025-07-27 21:50:02 Voice Service not healthy. Restarting...
voice: stopped
voice: started
2025-07-27 21:55:01 Voice Service not healthy. Restarting...
voice: stopped
voice: started
2025-07-27 22:00:02 Voice Service not healthy. Restarting...
voice: stopped
voice: started
2025-07-27 22:05:02 Voice Service not healthy. Restarting...
voice: stopped
voice: started
2025-07-27 22:10:02 Voice Service not healthy. Restarting...
voice: stopped
voice: started
2025-07-27 22:15:01 Voice Service not healthy. Restarting...
voice: stopped
voice: started
2025-07-27 22:20:01 Voice Service not healthy. Restarting...
voice: stopped
voice: started
2025-07-27 22:25:02 Voice Service not healthy. Restarting...
voice: stopped
voice: started
2025-07-27 22:30:02 Voice Service not healthy. Restarting...
voice: stopped
voice: started
2025-07-27 22:35:01 Voice Service not healthy. Restarting...
voice: stopped
voice: started
2025-07-27 22:40:02 Voice Service not healthy. Restarting...
voice: stopped
voice: started
2025-07-27 22:45:02 Voice Service not healthy. Restarting...
voice: stopped
voice: started
2025-07-27 22:50:02 Voice Service not healthy. Restarting...
voice: stopped
voice: started
2025-07-27 22:55:02 Voice Service not healthy. Restarting...
voice: stopped
voice: started
2025-07-27 23:00:02 Voice Service not healthy. Restarting...
voice: stopped
voice: started
2025-07-27 23:05:01 Voice Service not healthy. Restarting...
voice: stopped
voice: started
2025-07-27 23:10:02 Voice Service not healthy. Restarting...
voice: stopped
voice: started
2025-07-27 23:15:02 Voice Service not healthy. Restarting...
voice: stopped
voice: started
2025-07-27 23:20:02 Voice Service not healthy. Restarting...
voice: stopped
voice: started
2025-07-27 23:25:01 Voice Service not healthy. Restarting...
voice: stopped
voice: started
2025-07-27 23:30:01 Voice Service not healthy. Restarting...
voice: stopped
voice: started
2025-07-27 23:35:02 Voice Service not healthy. Restarting...
voice: stopped
voice: started
2025-07-27 23:40:02 Voice Service not healthy. Restarting...
voice: stopped
voice: started
2025-07-27 23:45:02 Voice Service not healthy. Restarting...
voice: stopped
voice: started
2025-07-27 23:50:02 Voice Service not healthy. Restarting...
voice: stopped
voice: started
2025-07-27 23:55:01 Voice Service not healthy. Restarting...
