voice: stopped
voice: started
2025-07-19 00:00:01 Voice Service not healthy. Restarting...
voice: stopped
voice: started
2025-07-19 00:05:02 Voice Service not healthy. Restarting...
voice: stopped
voice: started
2025-07-19 00:10:02 Voice Service not healthy. Restarting...
voice: stopped
voice: started
2025-07-19 00:15:01 Voice Service not healthy. Restarting...
voice: stopped
voice: started
2025-07-19 00:20:02 Voice Service not healthy. Restarting...
voice: stopped
voice: started
2025-07-19 00:25:02 Voice Service not healthy. Restarting...
voice: stopped
voice: started
2025-07-19 00:30:02 Voice Service not healthy. Restarting...
voice: stopped
voice: started
2025-07-19 00:35:01 Voice Service not healthy. Restarting...
voice: stopped
voice: started
2025-07-19 00:40:02 Voice Service not healthy. Restarting...
voice: stopped
voice: started
2025-07-19 00:45:02 Voice Service not healthy. Restarting...
voice: stopped
voice: started
2025-07-19 00:50:02 Voice Service not healthy. Restarting...
voice: stopped
voice: started
2025-07-19 00:55:01 Voice Service not healthy. Restarting...
voice: stopped
voice: started
2025-07-19 01:00:02 Voice Service not healthy. Restarting...
voice: stopped
voice: started
2025-07-19 01:05:02 Voice Service not healthy. Restarting...
voice: stopped
voice: started
2025-07-19 01:10:01 Voice Service not healthy. Restarting...
voice: stopped
voice: started
2025-07-19 01:15:02 Voice Service not healthy. Restarting...
voice: stopped
voice: started
2025-07-19 01:20:02 Voice Service not healthy. Restarting...
voice: stopped
voice: started
2025-07-19 01:25:02 Voice Service not healthy. Restarting...
voice: stopped
voice: started
2025-07-19 01:30:01 Voice Service not healthy. Restarting...
voice: stopped
voice: started
2025-07-19 01:35:02 Voice Service not healthy. Restarting...
voice: stopped
voice: started
2025-07-19 01:40:02 Voice Service not healthy. Restarting...
voice: stopped
voice: started
2025-07-19 01:45:01 Voice Service not healthy. Restarting...
voice: stopped
voice: started
2025-07-19 01:50:01 Voice Service not healthy. Restarting...
voice: stopped
voice: started
2025-07-19 01:55:02 Voice Service not healthy. Restarting...
voice: stopped
voice: started
2025-07-19 02:00:02 Voice Service not healthy. Restarting...
voice: stopped
voice: started
2025-07-19 02:05:01 Voice Service not healthy. Restarting...
voice: stopped
voice: started
2025-07-19 02:10:01 Voice Service not healthy. Restarting...
voice: stopped
voice: started
2025-07-19 02:15:02 Voice Service not healthy. Restarting...
voice: stopped
voice: started
2025-07-19 02:20:02 Voice Service not healthy. Restarting...
voice: stopped
voice: started
2025-07-19 02:25:01 Voice Service not healthy. Restarting...
voice: stopped
voice: started
2025-07-19 02:30:01 Voice Service not healthy. Restarting...
voice: stopped
voice: started
2025-07-19 02:35:02 Voice Service not healthy. Restarting...
voice: stopped
voice: started
2025-07-19 02:40:02 Voice Service not healthy. Restarting...
voice: stopped
voice: started
2025-07-19 02:45:02 Voice Service not healthy. Restarting...
voice: stopped
voice: started
2025-07-19 02:50:01 Voice Service not healthy. Restarting...
voice: stopped
voice: started
2025-07-19 02:55:02 Voice Service not healthy. Restarting...
voice: stopped
voice: started
2025-07-19 03:00:02 Voice Service not healthy. Restarting...
voice: stopped
voice: started
2025-07-19 03:05:01 Voice Service not healthy. Restarting...
voice: stopped
voice: started
2025-07-19 03:10:02 Voice Service not healthy. Restarting...
voice: stopped
voice: started
2025-07-19 03:15:02 Voice Service not healthy. Restarting...
voice: stopped
voice: started
2025-07-19 03:20:02 Voice Service not healthy. Restarting...
voice: stopped
voice: started
2025-07-19 03:25:01 Voice Service not healthy. Restarting...
voice: stopped
voice: started
2025-07-19 03:30:02 Voice Service not healthy. Restarting...
voice: stopped
voice: started
2025-07-19 03:35:02 Voice Service not healthy. Restarting...
voice: stopped
voice: started
2025-07-19 03:40:01 Voice Service not healthy. Restarting...
voice: stopped
voice: started
2025-07-19 03:45:01 Voice Service not healthy. Restarting...
voice: stopped
voice: started
2025-07-19 03:50:02 Voice Service not healthy. Restarting...
voice: stopped
voice: started
2025-07-19 03:55:02 Voice Service not healthy. Restarting...
voice: stopped
voice: started
2025-07-19 04:00:02 Voice Service not healthy. Restarting...
voice: stopped
voice: started
2025-07-19 04:05:01 Voice Service not healthy. Restarting...
voice: stopped
voice: started
2025-07-19 04:10:02 Voice Service not healthy. Restarting...
voice: stopped
voice: started
2025-07-19 04:15:02 Voice Service not healthy. Restarting...
voice: stopped
voice: started
2025-07-19 04:20:02 Voice Service not healthy. Restarting...
voice: stopped
voice: started
2025-07-19 04:25:02 Voice Service not healthy. Restarting...
voice: stopped
voice: started
2025-07-19 04:30:02 Voice Service not healthy. Restarting...
voice: stopped
voice: started
2025-07-19 04:35:02 Voice Service not healthy. Restarting...
voice: stopped
voice: started
2025-07-19 04:40:02 Voice Service not healthy. Restarting...
voice: stopped
voice: started
2025-07-19 04:45:02 Voice Service not healthy. Restarting...
voice: stopped
voice: started
2025-07-19 04:50:01 Voice Service not healthy. Restarting...
voice: stopped
voice: started
2025-07-19 04:55:01 Voice Service not healthy. Restarting...
voice: stopped
voice: started
2025-07-19 05:00:02 Voice Service not healthy. Restarting...
voice: stopped
voice: started
2025-07-19 05:05:02 Voice Service not healthy. Restarting...
voice: stopped
voice: started
2025-07-19 05:10:01 Voice Service not healthy. Restarting...
voice: stopped
voice: started
2025-07-19 05:15:01 Voice Service not healthy. Restarting...
voice: stopped
voice: started
2025-07-19 05:20:02 Voice Service not healthy. Restarting...
voice: stopped
voice: started
2025-07-19 05:25:01 Voice Service not healthy. Restarting...
voice: stopped
voice: started
2025-07-19 05:30:01 Voice Service not healthy. Restarting...
voice: stopped
voice: started
2025-07-19 05:35:01 Voice Service not healthy. Restarting...
voice: stopped
voice: started
2025-07-19 05:40:02 Voice Service not healthy. Restarting...
voice: stopped
voice: started
2025-07-19 05:45:02 Voice Service not healthy. Restarting...
voice: stopped
voice: started
2025-07-19 05:50:02 Voice Service not healthy. Restarting...
voice: stopped
voice: started
2025-07-19 05:55:01 Voice Service not healthy. Restarting...
voice: stopped
voice: started
2025-07-19 06:00:02 Voice Service not healthy. Restarting...
voice: stopped
voice: started
2025-07-19 06:05:02 Voice Service not healthy. Restarting...
voice: stopped
voice: started
2025-07-19 06:10:01 Voice Service not healthy. Restarting...
voice: stopped
voice: started
2025-07-19 06:15:02 Voice Service not healthy. Restarting...
voice: stopped
voice: started
2025-07-19 06:20:02 Voice Service not healthy. Restarting...
voice: stopped
voice: started
2025-07-19 06:25:02 Voice Service not healthy. Restarting...
voice: stopped
voice: started
2025-07-19 06:30:01 Voice Service not healthy. Restarting...
voice: stopped
voice: started
2025-07-19 06:35:02 Voice Service not healthy. Restarting...
voice: stopped
voice: started
2025-07-19 06:40:02 Voice Service not healthy. Restarting...
voice: stopped
voice: started
2025-07-19 06:45:02 Voice Service not healthy. Restarting...
voice: stopped
voice: started
2025-07-19 06:50:01 Voice Service not healthy. Restarting...
voice: stopped
voice: started
2025-07-19 06:55:01 Voice Service not healthy. Restarting...
voice: stopped
voice: started
2025-07-19 07:00:02 Voice Service not healthy. Restarting...
voice: stopped
voice: started
2025-07-19 07:05:01 Voice Service not healthy. Restarting...
voice: stopped
voice: started
2025-07-19 07:10:01 Voice Service not healthy. Restarting...
voice: stopped
voice: started
2025-07-19 07:15:02 Voice Service not healthy. Restarting...
voice: stopped
voice: started
2025-07-19 07:20:02 Voice Service not healthy. Restarting...
voice: stopped
voice: started
2025-07-19 07:25:01 Voice Service not healthy. Restarting...
voice: stopped
voice: started
2025-07-19 07:30:02 Voice Service not healthy. Restarting...
voice: stopped
voice: started
2025-07-19 07:35:02 Voice Service not healthy. Restarting...
voice: stopped
voice: started
2025-07-19 07:40:02 Voice Service not healthy. Restarting...
voice: stopped
voice: started
2025-07-19 07:45:01 Voice Service not healthy. Restarting...
voice: stopped
voice: started
2025-07-19 07:50:02 Voice Service not healthy. Restarting...
voice: stopped
voice: started
2025-07-19 07:55:02 Voice Service not healthy. Restarting...
voice: stopped
voice: started
2025-07-19 08:00:02 Voice Service not healthy. Restarting...
voice: stopped
voice: started
2025-07-19 08:05:01 Voice Service not healthy. Restarting...
voice: stopped
voice: started
2025-07-19 08:10:02 Voice Service not healthy. Restarting...
voice: stopped
voice: started
2025-07-19 08:15:01 Voice Service not healthy. Restarting...
voice: stopped
voice: started
2025-07-19 08:20:02 Voice Service not healthy. Restarting...
voice: stopped
voice: started
2025-07-19 08:25:02 Voice Service not healthy. Restarting...
voice: stopped
voice: started
2025-07-19 08:30:02 Voice Service not healthy. Restarting...
voice: stopped
voice: started
2025-07-19 08:35:01 Voice Service not healthy. Restarting...
voice: stopped
voice: started
2025-07-19 08:40:02 Voice Service not healthy. Restarting...
voice: stopped
voice: started
2025-07-19 08:45:02 Voice Service not healthy. Restarting...
voice: stopped
voice: started
2025-07-19 08:50:02 Voice Service not healthy. Restarting...
voice: stopped
voice: started
2025-07-19 08:55:01 Voice Service not healthy. Restarting...
voice: stopped
voice: started
2025-07-19 09:00:01 Voice Service not healthy. Restarting...
voice: stopped
voice: started
2025-07-19 09:05:02 Voice Service not healthy. Restarting...
voice: stopped
voice: started
2025-07-19 09:10:02 Voice Service not healthy. Restarting...
voice: stopped
voice: started
2025-07-19 09:15:01 Voice Service not healthy. Restarting...
voice: stopped
voice: started
2025-07-19 09:20:01 Voice Service not healthy. Restarting...
voice: stopped
voice: started
2025-07-19 09:25:02 Voice Service not healthy. Restarting...
voice: stopped
voice: started
2025-07-19 09:30:02 Voice Service not healthy. Restarting...
voice: stopped
voice: started
2025-07-19 09:35:01 Voice Service not healthy. Restarting...
voice: stopped
voice: started
2025-07-19 09:40:02 Voice Service not healthy. Restarting...
voice: stopped
voice: started
2025-07-19 09:45:02 Voice Service not healthy. Restarting...
voice: stopped
voice: started
2025-07-19 09:50:01 Voice Service not healthy. Restarting...
voice: stopped
voice: started
2025-07-19 09:55:01 Voice Service not healthy. Restarting...
voice: stopped
voice: started
2025-07-19 10:00:02 Voice Service not healthy. Restarting...
voice: stopped
voice: started
2025-07-19 10:05:02 Voice Service not healthy. Restarting...
voice: stopped
voice: started
2025-07-19 10:10:02 Voice Service not healthy. Restarting...
voice: stopped
voice: started
2025-07-19 10:15:01 Voice Service not healthy. Restarting...
voice: stopped
voice: started
2025-07-19 10:20:02 Voice Service not healthy. Restarting...
voice: stopped
voice: started
2025-07-19 10:25:02 Voice Service not healthy. Restarting...
voice: stopped
voice: started
2025-07-19 10:30:01 Voice Service not healthy. Restarting...
voice: stopped
voice: started
2025-07-19 10:35:02 Voice Service not healthy. Restarting...
voice: stopped
voice: started
2025-07-19 10:40:02 Voice Service not healthy. Restarting...
voice: stopped
voice: started
2025-07-19 10:45:02 Voice Service not healthy. Restarting...
voice: stopped
voice: started
2025-07-19 10:50:02 Voice Service not healthy. Restarting...
voice: stopped
voice: started
2025-07-19 10:55:01 Voice Service not healthy. Restarting...
voice: stopped
voice: started
2025-07-19 11:00:01 Voice Service not healthy. Restarting...
voice: stopped
voice: started
2025-07-19 11:05:02 Voice Service not healthy. Restarting...
voice: stopped
voice: started
2025-07-19 11:10:02 Voice Service not healthy. Restarting...
voice: stopped
voice: started
2025-07-19 11:15:01 Voice Service not healthy. Restarting...
voice: stopped
voice: started
2025-07-19 11:20:02 Voice Service not healthy. Restarting...
voice: stopped
voice: started
2025-07-19 11:25:02 Voice Service not healthy. Restarting...
voice: stopped
voice: started
2025-07-19 11:30:01 Voice Service not healthy. Restarting...
voice: stopped
voice: started
2025-07-19 11:35:02 Voice Service not healthy. Restarting...
voice: stopped
voice: started
2025-07-19 11:40:02 Voice Service not healthy. Restarting...
voice: stopped
voice: started
2025-07-19 11:45:01 Voice Service not healthy. Restarting...
voice: stopped
voice: started
2025-07-19 11:50:01 Voice Service not healthy. Restarting...
voice: stopped
voice: started
2025-07-19 11:55:02 Voice Service not healthy. Restarting...
voice: stopped
voice: started
2025-07-19 12:00:07 Voice Service not healthy. Restarting...
voice: stopped
voice: started
2025-07-19 12:05:01 Voice Service not healthy. Restarting...
voice: stopped
voice: started
2025-07-19 12:10:01 Voice Service not healthy. Restarting...
voice: stopped
voice: started
2025-07-19 12:15:02 Voice Service not healthy. Restarting...
voice: stopped
voice: started
2025-07-19 12:20:02 Voice Service not healthy. Restarting...
voice: stopped
voice: started
2025-07-19 12:25:01 Voice Service not healthy. Restarting...
voice: stopped
voice: started
2025-07-19 12:30:02 Voice Service not healthy. Restarting...
voice: stopped
voice: started
2025-07-19 12:35:02 Voice Service not healthy. Restarting...
voice: stopped
voice: started
2025-07-19 12:40:02 Voice Service not healthy. Restarting...
voice: stopped
voice: started
2025-07-19 12:45:01 Voice Service not healthy. Restarting...
voice: stopped
voice: started
2025-07-19 12:50:02 Voice Service not healthy. Restarting...
voice: stopped
voice: started
2025-07-19 12:55:02 Voice Service not healthy. Restarting...
voice: stopped
2025-07-19 13:00:02 Voice Service not healthy. Restarting...
Traceback (most recent call last):
  File "/home/voice-recognition/check_service.py", line 62, in <module>
    main()
  File "/home/voice-recognition/check_service.py", line 53, in main
    kill_matching_processes(target_cmd)
  File "/home/voice-recognition/check_service.py", line 37, in kill_matching_processes
    cmdline = ' '.join(proc.info['cmdline'])
TypeError: can only join an iterable
voice: ERROR (not running)
voice: started
2025-07-19 13:05:01 Voice Service not healthy. Restarting...
voice: stopped
voice: started
2025-07-19 13:10:02 Voice Service not healthy. Restarting...
voice: stopped
voice: started
2025-07-19 13:15:02 Voice Service not healthy. Restarting...
voice: stopped
voice: started
2025-07-19 13:20:01 Voice Service not healthy. Restarting...
voice: stopped
voice: started
2025-07-19 13:25:02 Voice Service not healthy. Restarting...
voice: stopped
voice: started
2025-07-19 13:30:02 Voice Service not healthy. Restarting...
voice: stopped
voice: started
2025-07-19 13:35:01 Voice Service not healthy. Restarting...
voice: stopped
voice: started
2025-07-19 13:40:01 Voice Service not healthy. Restarting...
voice: stopped
voice: started
2025-07-19 13:45:02 Voice Service not healthy. Restarting...
voice: stopped
voice: started
2025-07-19 13:50:02 Voice Service not healthy. Restarting...
voice: stopped
voice: started
2025-07-19 13:55:02 Voice Service not healthy. Restarting...
voice: stopped
voice: started
2025-07-19 14:00:02 Voice Service not healthy. Restarting...
voice: stopped
voice: started
2025-07-19 14:05:02 Voice Service not healthy. Restarting...
voice: stopped
voice: started
2025-07-19 14:10:02 Voice Service not healthy. Restarting...
voice: stopped
voice: started
2025-07-19 14:15:01 Voice Service not healthy. Restarting...
voice: stopped
voice: started
2025-07-19 14:20:01 Voice Service not healthy. Restarting...
voice: stopped
voice: started
2025-07-19 14:25:02 Voice Service not healthy. Restarting...
voice: stopped
voice: started
2025-07-19 14:30:02 Voice Service not healthy. Restarting...
voice: stopped
voice: started
2025-07-19 14:35:02 Voice Service not healthy. Restarting...
voice: stopped
voice: started
2025-07-19 14:40:02 Voice Service not healthy. Restarting...
voice: stopped
voice: started
2025-07-19 14:45:02 Voice Service not healthy. Restarting...
voice: stopped
voice: started
2025-07-19 14:50:02 Voice Service not healthy. Restarting...
voice: stopped
voice: started
2025-07-19 14:55:02 Voice Service not healthy. Restarting...
voice: stopped
voice: started
2025-07-19 15:00:01 Voice Service not healthy. Restarting...
voice: stopped
voice: started
2025-07-19 15:05:02 Voice Service not healthy. Restarting...
voice: stopped
voice: started
2025-07-19 15:10:01 Voice Service not healthy. Restarting...
voice: stopped
voice: started
2025-07-19 15:15:02 Voice Service not healthy. Restarting...
voice: stopped
voice: started
2025-07-19 15:20:02 Voice Service not healthy. Restarting...
voice: stopped
voice: started
2025-07-19 15:25:01 Voice Service not healthy. Restarting...
voice: stopped
voice: started
2025-07-19 15:30:02 Voice Service not healthy. Restarting...
voice: stopped
voice: started
2025-07-19 15:35:02 Voice Service not healthy. Restarting...
voice: stopped
voice: started
2025-07-19 15:40:01 Voice Service not healthy. Restarting...
voice: stopped
voice: started
2025-07-19 15:45:02 Voice Service not healthy. Restarting...
voice: stopped
voice: started
2025-07-19 15:50:02 Voice Service not healthy. Restarting...
voice: stopped
voice: started
2025-07-19 15:55:02 Voice Service not healthy. Restarting...
voice: stopped
voice: started
2025-07-19 16:00:01 Voice Service not healthy. Restarting...
voice: stopped
voice: started
2025-07-19 16:05:02 Voice Service not healthy. Restarting...
voice: stopped
voice: started
2025-07-19 16:10:01 Voice Service not healthy. Restarting...
voice: stopped
voice: started
2025-07-19 16:15:02 Voice Service not healthy. Restarting...
voice: stopped
2025-07-19 16:20:02 Voice Service not healthy. Restarting...
Traceback (most recent call last):
  File "/home/voice-recognition/check_service.py", line 62, in <module>
    main()
  File "/home/voice-recognition/check_service.py", line 53, in main
    kill_matching_processes(target_cmd)
  File "/home/voice-recognition/check_service.py", line 37, in kill_matching_processes
    cmdline = ' '.join(proc.info['cmdline'])
TypeError: can only join an iterable
voice: ERROR (not running)
voice: started
2025-07-19 16:25:01 Voice Service not healthy. Restarting...
voice: stopped
voice: started
2025-07-19 16:30:02 Voice Service not healthy. Restarting...
voice: stopped
voice: started
2025-07-19 16:35:02 Voice Service not healthy. Restarting...
voice: stopped
voice: started
2025-07-19 16:40:02 Voice Service not healthy. Restarting...
voice: stopped
voice: started
2025-07-19 16:45:02 Voice Service not healthy. Restarting...
voice: stopped
voice: started
2025-07-19 16:50:01 Voice Service not healthy. Restarting...
voice: stopped
voice: started
2025-07-19 16:55:02 Voice Service not healthy. Restarting...
voice: stopped
voice: started
2025-07-19 17:00:01 Voice Service not healthy. Restarting...
voice: stopped
voice: started
2025-07-19 17:05:02 Voice Service not healthy. Restarting...
voice: stopped
voice: started
2025-07-19 17:10:01 Voice Service not healthy. Restarting...
voice: stopped
voice: started
2025-07-19 17:15:02 Voice Service not healthy. Restarting...
voice: stopped
voice: started
2025-07-19 17:20:02 Voice Service not healthy. Restarting...
voice: stopped
voice: started
2025-07-19 17:25:02 Voice Service not healthy. Restarting...
voice: stopped
voice: started
2025-07-19 17:30:02 Voice Service not healthy. Restarting...
voice: stopped
voice: started
2025-07-19 17:35:02 Voice Service not healthy. Restarting...
voice: stopped
voice: started
2025-07-19 17:40:02 Voice Service not healthy. Restarting...
voice: stopped
voice: started
2025-07-19 17:45:01 Voice Service not healthy. Restarting...
voice: stopped
voice: started
2025-07-19 17:50:02 Voice Service not healthy. Restarting...
voice: stopped
voice: started
2025-07-19 17:55:02 Voice Service not healthy. Restarting...
voice: stopped
voice: started
2025-07-19 18:00:01 Voice Service not healthy. Restarting...
voice: stopped
voice: started
2025-07-19 18:05:02 Voice Service not healthy. Restarting...
voice: stopped
voice: started
2025-07-19 18:10:02 Voice Service not healthy. Restarting...
voice: stopped
voice: started
2025-07-19 18:15:01 Voice Service not healthy. Restarting...
voice: stopped
voice: started
2025-07-19 18:20:01 Voice Service not healthy. Restarting...
voice: stopped
voice: started
2025-07-19 18:25:02 Voice Service not healthy. Restarting...
voice: stopped
voice: started
2025-07-19 18:30:02 Voice Service not healthy. Restarting...
voice: stopped
voice: started
2025-07-19 18:35:01 Voice Service not healthy. Restarting...
voice: stopped
voice: started
2025-07-19 18:40:02 Voice Service not healthy. Restarting...
voice: stopped
voice: started
2025-07-19 18:45:02 Voice Service not healthy. Restarting...
voice: stopped
voice: started
2025-07-19 18:50:01 Voice Service not healthy. Restarting...
voice: stopped
voice: started
2025-07-19 18:55:02 Voice Service not healthy. Restarting...
voice: stopped
2025-07-19 19:00:02 Voice Service not healthy. Restarting...
Traceback (most recent call last):
  File "/home/voice-recognition/check_service.py", line 62, in <module>
    main()
  File "/home/voice-recognition/check_service.py", line 53, in main
    kill_matching_processes(target_cmd)
  File "/home/voice-recognition/check_service.py", line 37, in kill_matching_processes
    cmdline = ' '.join(proc.info['cmdline'])
TypeError: can only join an iterable
voice: ERROR (not running)
voice: started
2025-07-19 19:05:01 Voice Service not healthy. Restarting...
voice: stopped
voice: started
2025-07-19 19:10:02 Voice Service not healthy. Restarting...
voice: stopped
voice: started
2025-07-19 19:15:02 Voice Service not healthy. Restarting...
voice: stopped
voice: started
2025-07-19 19:20:02 Voice Service not healthy. Restarting...
voice: stopped
voice: started
2025-07-19 19:25:01 Voice Service not healthy. Restarting...
voice: stopped
voice: started
2025-07-19 19:30:01 Voice Service not healthy. Restarting...
voice: stopped
voice: started
2025-07-19 19:35:02 Voice Service not healthy. Restarting...
voice: stopped
voice: started
2025-07-19 19:40:02 Voice Service not healthy. Restarting...
voice: stopped
voice: started
2025-07-19 19:45:02 Voice Service not healthy. Restarting...
voice: stopped
voice: started
2025-07-19 19:50:02 Voice Service not healthy. Restarting...
voice: stopped
voice: started
2025-07-19 19:55:01 Voice Service not healthy. Restarting...
voice: stopped
voice: started
2025-07-19 20:00:02 Voice Service not healthy. Restarting...
voice: stopped
voice: started
2025-07-19 20:05:02 Voice Service not healthy. Restarting...
voice: stopped
voice: started
2025-07-19 20:10:01 Voice Service not healthy. Restarting...
voice: stopped
voice: started
2025-07-19 20:15:02 Voice Service not healthy. Restarting...
voice: stopped
voice: started
2025-07-19 20:20:02 Voice Service not healthy. Restarting...
voice: stopped
voice: started
2025-07-19 20:25:02 Voice Service not healthy. Restarting...
voice: stopped
voice: started
2025-07-19 20:30:02 Voice Service not healthy. Restarting...
voice: stopped
voice: started
2025-07-19 20:35:01 Voice Service not healthy. Restarting...
voice: stopped
voice: started
2025-07-19 20:40:01 Voice Service not healthy. Restarting...
voice: stopped
voice: started
2025-07-19 20:45:02 Voice Service not healthy. Restarting...
voice: stopped
voice: started
2025-07-19 20:50:02 Voice Service not healthy. Restarting...
voice: stopped
voice: started
2025-07-19 20:55:02 Voice Service not healthy. Restarting...
voice: stopped
voice: started
2025-07-19 21:00:01 Voice Service not healthy. Restarting...
voice: stopped
voice: started
2025-07-19 21:05:02 Voice Service not healthy. Restarting...
voice: stopped
voice: started
2025-07-19 21:10:02 Voice Service not healthy. Restarting...
voice: stopped
voice: started
2025-07-19 21:15:01 Voice Service not healthy. Restarting...
voice: stopped
2025-07-19 21:20:02 Voice Service not healthy. Restarting...
Traceback (most recent call last):
  File "/home/voice-recognition/check_service.py", line 62, in <module>
    main()
  File "/home/voice-recognition/check_service.py", line 53, in main
    kill_matching_processes(target_cmd)
  File "/home/voice-recognition/check_service.py", line 37, in kill_matching_processes
    cmdline = ' '.join(proc.info['cmdline'])
TypeError: can only join an iterable
voice: ERROR (not running)
voice: started
2025-07-19 21:25:01 Voice Service not healthy. Restarting...
voice: stopped
voice: started
2025-07-19 21:30:02 Voice Service not healthy. Restarting...
voice: stopped
voice: started
2025-07-19 21:35:02 Voice Service not healthy. Restarting...
voice: stopped
voice: started
2025-07-19 21:40:02 Voice Service not healthy. Restarting...
voice: stopped
voice: started
2025-07-19 21:45:01 Voice Service not healthy. Restarting...
voice: stopped
voice: started
2025-07-19 21:50:01 Voice Service not healthy. Restarting...
voice: stopped
voice: started
2025-07-19 21:55:02 Voice Service not healthy. Restarting...
voice: stopped
voice: started
2025-07-19 22:00:02 Voice Service not healthy. Restarting...
voice: stopped
2025-07-19 22:05:02 Voice Service not healthy. Restarting...
Traceback (most recent call last):
  File "/home/voice-recognition/check_service.py", line 62, in <module>
    main()
  File "/home/voice-recognition/check_service.py", line 53, in main
    kill_matching_processes(target_cmd)
  File "/home/voice-recognition/check_service.py", line 37, in kill_matching_processes
    cmdline = ' '.join(proc.info['cmdline'])
TypeError: can only join an iterable
voice: ERROR (not running)
voice: started
2025-07-19 22:10:01 Voice Service not healthy. Restarting...
voice: stopped
voice: started
2025-07-19 22:15:01 Voice Service not healthy. Restarting...
voice: stopped
voice: started
2025-07-19 22:20:02 Voice Service not healthy. Restarting...
voice: stopped
voice: started
2025-07-19 22:25:02 Voice Service not healthy. Restarting...
voice: stopped
voice: started
2025-07-19 22:30:02 Voice Service not healthy. Restarting...
voice: stopped
voice: started
2025-07-19 22:35:01 Voice Service not healthy. Restarting...
voice: stopped
voice: started
2025-07-19 22:40:02 Voice Service not healthy. Restarting...
voice: stopped
voice: started
2025-07-19 22:45:02 Voice Service not healthy. Restarting...
voice: stopped
2025-07-19 22:50:02 Voice Service not healthy. Restarting...
Traceback (most recent call last):
  File "/home/voice-recognition/check_service.py", line 62, in <module>
    main()
  File "/home/voice-recognition/check_service.py", line 53, in main
    kill_matching_processes(target_cmd)
  File "/home/voice-recognition/check_service.py", line 37, in kill_matching_processes
    cmdline = ' '.join(proc.info['cmdline'])
TypeError: can only join an iterable
voice: ERROR (not running)
voice: started
2025-07-19 22:55:01 Voice Service not healthy. Restarting...
voice: stopped
voice: started
2025-07-19 23:00:02 Voice Service not healthy. Restarting...
voice: stopped
voice: started
2025-07-19 23:05:02 Voice Service not healthy. Restarting...
voice: stopped
voice: started
2025-07-19 23:10:01 Voice Service not healthy. Restarting...
voice: stopped
voice: started
2025-07-19 23:15:02 Voice Service not healthy. Restarting...
voice: stopped
voice: started
2025-07-19 23:20:02 Voice Service not healthy. Restarting...
voice: stopped
voice: started
2025-07-19 23:25:02 Voice Service not healthy. Restarting...
voice: stopped
voice: started
2025-07-19 23:30:01 Voice Service not healthy. Restarting...
voice: stopped
voice: started
2025-07-19 23:35:02 Voice Service not healthy. Restarting...
voice: stopped
voice: started
2025-07-19 23:40:02 Voice Service not healthy. Restarting...
voice: stopped
voice: started
2025-07-19 23:45:01 Voice Service not healthy. Restarting...
voice: stopped
voice: started
2025-07-19 23:50:02 Voice Service not healthy. Restarting...
voice: stopped
voice: started
2025-07-19 23:55:02 Voice Service not healthy. Restarting...
